ARM GAS  D:\Temp\cc7lpDek.s 			page 1


   1              		.cpu cortex-m0
   2              		.arch armv6s-m
   3              		.fpu softvfp
   4              		.eabi_attribute 20, 1
   5              		.eabi_attribute 21, 1
   6              		.eabi_attribute 23, 3
   7              		.eabi_attribute 24, 1
   8              		.eabi_attribute 25, 1
   9              		.eabi_attribute 26, 1
  10              		.eabi_attribute 30, 4
  11              		.eabi_attribute 34, 0
  12              		.eabi_attribute 18, 4
  13              		.file	"i2c.c"
  14              		.text
  15              	.Ltext0:
  16              		.cfi_sections	.debug_frame
  17              		.file 1 "Src/i2c.c"
  18              		.section	.text.MX_I2C1_Init,"ax",%progbits
  19              		.align	1
  20              		.global	MX_I2C1_Init
  21              		.syntax unified
  22              		.code	16
  23              		.thumb_func
  25              	MX_I2C1_Init:
  26              	.LFB37:
   1:Src/i2c.c     **** /**
   2:Src/i2c.c     ****   ******************************************************************************
   3:Src/i2c.c     ****   * File Name          : I2C.c
   4:Src/i2c.c     ****   * Description        : This file provides code for the configuration
   5:Src/i2c.c     ****   *                      of the I2C instances.
   6:Src/i2c.c     ****   ******************************************************************************
   7:Src/i2c.c     ****   * @attention
   8:Src/i2c.c     ****   *
   9:Src/i2c.c     ****   * <h2><center>&copy; Copyright (c) 2026 STMicroelectronics.
  10:Src/i2c.c     ****   * All rights reserved.</center></h2>
  11:Src/i2c.c     ****   *
  12:Src/i2c.c     ****   * This software component is licensed by ST under BSD 3-Clause license,
  13:Src/i2c.c     ****   * the "License"; You may not use this file except in compliance with the
  14:Src/i2c.c     ****   * License. You may obtain a copy of the License at:
  15:Src/i2c.c     ****   *                        opensource.org/licenses/BSD-3-Clause
  16:Src/i2c.c     ****   *
  17:Src/i2c.c     ****   ******************************************************************************
  18:Src/i2c.c     ****   */
  19:Src/i2c.c     **** 
  20:Src/i2c.c     **** /* Includes ------------------------------------------------------------------*/
  21:Src/i2c.c     **** #include "i2c.h"
  22:Src/i2c.c     **** 
  23:Src/i2c.c     **** /* USER CODE BEGIN 0 */
  24:Src/i2c.c     **** 
  25:Src/i2c.c     **** /* USER CODE END 0 */
  26:Src/i2c.c     **** 
  27:Src/i2c.c     **** I2C_HandleTypeDef hi2c1;
  28:Src/i2c.c     **** 
  29:Src/i2c.c     **** /* I2C1 init function */
  30:Src/i2c.c     **** void MX_I2C1_Init(void)
  31:Src/i2c.c     **** {
  27              		.loc 1 31 1 view -0
ARM GAS  D:\Temp\cc7lpDek.s 			page 2


  28              		.cfi_startproc
  29              		@ args = 0, pretend = 0, frame = 0
  30              		@ frame_needed = 0, uses_anonymous_args = 0
  32:Src/i2c.c     **** 
  33:Src/i2c.c     ****   hi2c1.Instance = I2C1;
  31              		.loc 1 33 3 view .LVU1
  31:Src/i2c.c     **** 
  32              		.loc 1 31 1 is_stmt 0 view .LVU2
  33 0000 10B5     		push	{r4, lr}
  34              	.LCFI0:
  35              		.cfi_def_cfa_offset 8
  36              		.cfi_offset 4, -8
  37              		.cfi_offset 14, -4
  38              		.loc 1 33 18 view .LVU3
  39 0002 134B     		ldr	r3, .L14
  40 0004 134C     		ldr	r4, .L14+4
  34:Src/i2c.c     ****   hi2c1.Init.Timing = 0x0000020B;
  35:Src/i2c.c     ****   hi2c1.Init.OwnAddress1 = 0;
  36:Src/i2c.c     ****   hi2c1.Init.AddressingMode = I2C_ADDRESSINGMODE_7BIT;
  41              		.loc 1 36 29 view .LVU4
  42 0006 0122     		movs	r2, #1
  33:Src/i2c.c     ****   hi2c1.Init.Timing = 0x0000020B;
  43              		.loc 1 33 18 view .LVU5
  44 0008 2360     		str	r3, [r4]
  34:Src/i2c.c     ****   hi2c1.Init.Timing = 0x0000020B;
  45              		.loc 1 34 3 is_stmt 1 view .LVU6
  34:Src/i2c.c     ****   hi2c1.Init.Timing = 0x0000020B;
  46              		.loc 1 34 21 is_stmt 0 view .LVU7
  47 000a 134B     		ldr	r3, .L14+8
  37:Src/i2c.c     ****   hi2c1.Init.DualAddressMode = I2C_DUALADDRESS_DISABLE;
  38:Src/i2c.c     ****   hi2c1.Init.OwnAddress2 = 0;
  39:Src/i2c.c     ****   hi2c1.Init.OwnAddress2Masks = I2C_OA2_NOMASK;
  40:Src/i2c.c     ****   hi2c1.Init.GeneralCallMode = I2C_GENERALCALL_DISABLE;
  41:Src/i2c.c     ****   hi2c1.Init.NoStretchMode = I2C_NOSTRETCH_DISABLE;
  42:Src/i2c.c     ****   if (HAL_I2C_Init(&hi2c1) != HAL_OK)
  48              		.loc 1 42 7 view .LVU8
  49 000c 2000     		movs	r0, r4
  34:Src/i2c.c     ****   hi2c1.Init.OwnAddress1 = 0;
  50              		.loc 1 34 21 view .LVU9
  51 000e 6360     		str	r3, [r4, #4]
  35:Src/i2c.c     ****   hi2c1.Init.AddressingMode = I2C_ADDRESSINGMODE_7BIT;
  52              		.loc 1 35 3 is_stmt 1 view .LVU10
  35:Src/i2c.c     ****   hi2c1.Init.AddressingMode = I2C_ADDRESSINGMODE_7BIT;
  53              		.loc 1 35 26 is_stmt 0 view .LVU11
  54 0010 0023     		movs	r3, #0
  36:Src/i2c.c     ****   hi2c1.Init.DualAddressMode = I2C_DUALADDRESS_DISABLE;
  55              		.loc 1 36 29 view .LVU12
  56 0012 E260     		str	r2, [r4, #12]
  35:Src/i2c.c     ****   hi2c1.Init.AddressingMode = I2C_ADDRESSINGMODE_7BIT;
  57              		.loc 1 35 26 view .LVU13
  58 0014 A360     		str	r3, [r4, #8]
  36:Src/i2c.c     ****   hi2c1.Init.DualAddressMode = I2C_DUALADDRESS_DISABLE;
  59              		.loc 1 36 3 is_stmt 1 view .LVU14
  37:Src/i2c.c     ****   hi2c1.Init.OwnAddress2 = 0;
  60              		.loc 1 37 3 view .LVU15
  37:Src/i2c.c     ****   hi2c1.Init.OwnAddress2 = 0;
  61              		.loc 1 37 30 is_stmt 0 view .LVU16
ARM GAS  D:\Temp\cc7lpDek.s 			page 3


  62 0016 2361     		str	r3, [r4, #16]
  38:Src/i2c.c     ****   hi2c1.Init.OwnAddress2Masks = I2C_OA2_NOMASK;
  63              		.loc 1 38 3 is_stmt 1 view .LVU17
  38:Src/i2c.c     ****   hi2c1.Init.OwnAddress2Masks = I2C_OA2_NOMASK;
  64              		.loc 1 38 26 is_stmt 0 view .LVU18
  65 0018 6361     		str	r3, [r4, #20]
  39:Src/i2c.c     ****   hi2c1.Init.GeneralCallMode = I2C_GENERALCALL_DISABLE;
  66              		.loc 1 39 3 is_stmt 1 view .LVU19
  39:Src/i2c.c     ****   hi2c1.Init.GeneralCallMode = I2C_GENERALCALL_DISABLE;
  67              		.loc 1 39 31 is_stmt 0 view .LVU20
  68 001a A361     		str	r3, [r4, #24]
  40:Src/i2c.c     ****   hi2c1.Init.NoStretchMode = I2C_NOSTRETCH_DISABLE;
  69              		.loc 1 40 3 is_stmt 1 view .LVU21
  40:Src/i2c.c     ****   hi2c1.Init.NoStretchMode = I2C_NOSTRETCH_DISABLE;
  70              		.loc 1 40 30 is_stmt 0 view .LVU22
  71 001c E361     		str	r3, [r4, #28]
  41:Src/i2c.c     ****   if (HAL_I2C_Init(&hi2c1) != HAL_OK)
  72              		.loc 1 41 3 is_stmt 1 view .LVU23
  41:Src/i2c.c     ****   if (HAL_I2C_Init(&hi2c1) != HAL_OK)
  73              		.loc 1 41 28 is_stmt 0 view .LVU24
  74 001e 2362     		str	r3, [r4, #32]
  75              		.loc 1 42 3 is_stmt 1 view .LVU25
  76              		.loc 1 42 7 is_stmt 0 view .LVU26
  77 0020 FFF7FEFF 		bl	HAL_I2C_Init
  78              	.LVL0:
  79              		.loc 1 42 6 discriminator 1 view .LVU27
  80 0024 0028     		cmp	r0, #0
  81 0026 01D0     		beq	.L2
  43:Src/i2c.c     ****   {
  44:Src/i2c.c     ****     Error_Handler();
  82              		.loc 1 44 5 is_stmt 1 view .LVU28
  83 0028 FFF7FEFF 		bl	Error_Handler
  84              	.LVL1:
  85              	.L2:
  45:Src/i2c.c     ****   }
  46:Src/i2c.c     ****   /** Configure Analogue filter 
  47:Src/i2c.c     ****   */
  48:Src/i2c.c     ****   if (HAL_I2CEx_ConfigAnalogFilter(&hi2c1, I2C_ANALOGFILTER_ENABLE) != HAL_OK)
  86              		.loc 1 48 3 view .LVU29
  87              		.loc 1 48 7 is_stmt 0 view .LVU30
  88 002c 0021     		movs	r1, #0
  89 002e 2000     		movs	r0, r4
  90 0030 FFF7FEFF 		bl	HAL_I2CEx_ConfigAnalogFilter
  91              	.LVL2:
  92              		.loc 1 48 6 discriminator 1 view .LVU31
  93 0034 0028     		cmp	r0, #0
  94 0036 01D0     		beq	.L3
  49:Src/i2c.c     ****   {
  50:Src/i2c.c     ****     Error_Handler();
  95              		.loc 1 50 5 is_stmt 1 view .LVU32
  96 0038 FFF7FEFF 		bl	Error_Handler
  97              	.LVL3:
  98              	.L3:
  51:Src/i2c.c     ****   }
  52:Src/i2c.c     ****   /** Configure Digital filter 
  53:Src/i2c.c     ****   */
  54:Src/i2c.c     ****   if (HAL_I2CEx_ConfigDigitalFilter(&hi2c1, 0) != HAL_OK)
ARM GAS  D:\Temp\cc7lpDek.s 			page 4


  99              		.loc 1 54 3 view .LVU33
 100              		.loc 1 54 7 is_stmt 0 view .LVU34
 101 003c 0021     		movs	r1, #0
 102 003e 2000     		movs	r0, r4
 103 0040 FFF7FEFF 		bl	HAL_I2CEx_ConfigDigitalFilter
 104              	.LVL4:
 105              		.loc 1 54 6 discriminator 1 view .LVU35
 106 0044 0028     		cmp	r0, #0
 107 0046 01D0     		beq	.L1
  55:Src/i2c.c     ****   {
  56:Src/i2c.c     ****     Error_Handler();
 108              		.loc 1 56 5 is_stmt 1 view .LVU36
 109 0048 FFF7FEFF 		bl	Error_Handler
 110              	.LVL5:
 111              	.L1:
  57:Src/i2c.c     ****   }
  58:Src/i2c.c     **** 
  59:Src/i2c.c     **** }
 112              		.loc 1 59 1 is_stmt 0 view .LVU37
 113              		@ sp needed
 114 004c 10BD     		pop	{r4, pc}
 115              	.L15:
 116 004e C046     		.align	2
 117              	.L14:
 118 0050 00540040 		.word	1073763328
 119 0054 00000000 		.word	hi2c1
 120 0058 0B020000 		.word	523
 121              		.cfi_endproc
 122              	.LFE37:
 124              		.section	.text.HAL_I2C_MspInit,"ax",%progbits
 125              		.align	1
 126              		.global	HAL_I2C_MspInit
 127              		.syntax unified
 128              		.code	16
 129              		.thumb_func
 131              	HAL_I2C_MspInit:
 132              	.LVL6:
 133              	.LFB38:
  60:Src/i2c.c     **** 
  61:Src/i2c.c     **** void HAL_I2C_MspInit(I2C_HandleTypeDef* i2cHandle)
  62:Src/i2c.c     **** {
 134              		.loc 1 62 1 is_stmt 1 view -0
 135              		.cfi_startproc
 136              		@ args = 0, pretend = 0, frame = 32
 137              		@ frame_needed = 0, uses_anonymous_args = 0
  63:Src/i2c.c     **** 
  64:Src/i2c.c     ****   GPIO_InitTypeDef GPIO_InitStruct = {0};
 138              		.loc 1 64 3 view .LVU39
  62:Src/i2c.c     **** 
 139              		.loc 1 62 1 is_stmt 0 view .LVU40
 140 0000 10B5     		push	{r4, lr}
 141              	.LCFI1:
 142              		.cfi_def_cfa_offset 8
 143              		.cfi_offset 4, -8
 144              		.cfi_offset 14, -4
 145 0002 0400     		movs	r4, r0
 146 0004 88B0     		sub	sp, sp, #32
ARM GAS  D:\Temp\cc7lpDek.s 			page 5


 147              	.LCFI2:
 148              		.cfi_def_cfa_offset 40
 149              		.loc 1 64 20 view .LVU41
 150 0006 1422     		movs	r2, #20
 151 0008 0021     		movs	r1, #0
 152 000a 03A8     		add	r0, sp, #12
 153              	.LVL7:
 154              		.loc 1 64 20 view .LVU42
 155 000c FFF7FEFF 		bl	memset
 156              	.LVL8:
  65:Src/i2c.c     ****   if(i2cHandle->Instance==I2C1)
 157              		.loc 1 65 3 is_stmt 1 view .LVU43
 158              		.loc 1 65 5 is_stmt 0 view .LVU44
 159 0010 144B     		ldr	r3, .L18
 160 0012 2268     		ldr	r2, [r4]
 161 0014 9A42     		cmp	r2, r3
 162 0016 22D1     		bne	.L16
  66:Src/i2c.c     ****   {
  67:Src/i2c.c     ****   /* USER CODE BEGIN I2C1_MspInit 0 */
  68:Src/i2c.c     **** 
  69:Src/i2c.c     ****   /* USER CODE END I2C1_MspInit 0 */
  70:Src/i2c.c     ****   
  71:Src/i2c.c     ****     __HAL_RCC_GPIOA_CLK_ENABLE();
 163              		.loc 1 71 5 is_stmt 1 view .LVU45
 164              	.LBB2:
 165              		.loc 1 71 5 view .LVU46
 166              		.loc 1 71 5 view .LVU47
 167 0018 8022     		movs	r2, #128
 168 001a 134C     		ldr	r4, .L18+4
 169              	.LVL9:
 170              		.loc 1 71 5 is_stmt 0 view .LVU48
 171 001c 9202     		lsls	r2, r2, #10
 172 001e 6369     		ldr	r3, [r4, #20]
 173              	.LBE2:
  72:Src/i2c.c     ****     /**I2C1 GPIO Configuration    
  73:Src/i2c.c     ****     PA9     ------> I2C1_SCL
  74:Src/i2c.c     ****     PA10     ------> I2C1_SDA 
  75:Src/i2c.c     ****     */
  76:Src/i2c.c     ****     GPIO_InitStruct.Pin = GPIO_PIN_9|GPIO_PIN_10;
  77:Src/i2c.c     ****     GPIO_InitStruct.Mode = GPIO_MODE_AF_OD;
  78:Src/i2c.c     ****     GPIO_InitStruct.Pull = GPIO_PULLUP;
  79:Src/i2c.c     ****     GPIO_InitStruct.Speed = GPIO_SPEED_FREQ_HIGH;
  80:Src/i2c.c     ****     GPIO_InitStruct.Alternate = GPIO_AF4_I2C1;
  81:Src/i2c.c     ****     HAL_GPIO_Init(GPIOA, &GPIO_InitStruct);
 174              		.loc 1 81 5 view .LVU49
 175 0020 9020     		movs	r0, #144
 176              	.LBB3:
  71:Src/i2c.c     ****     /**I2C1 GPIO Configuration    
 177              		.loc 1 71 5 view .LVU50
 178 0022 1343     		orrs	r3, r2
 179 0024 6361     		str	r3, [r4, #20]
  71:Src/i2c.c     ****     /**I2C1 GPIO Configuration    
 180              		.loc 1 71 5 is_stmt 1 view .LVU51
 181 0026 6369     		ldr	r3, [r4, #20]
 182              	.LBE3:
 183              		.loc 1 81 5 is_stmt 0 view .LVU52
 184 0028 03A9     		add	r1, sp, #12
ARM GAS  D:\Temp\cc7lpDek.s 			page 6


 185              	.LBB4:
  71:Src/i2c.c     ****     /**I2C1 GPIO Configuration    
 186              		.loc 1 71 5 view .LVU53
 187 002a 1340     		ands	r3, r2
 188 002c 0193     		str	r3, [sp, #4]
  71:Src/i2c.c     ****     /**I2C1 GPIO Configuration    
 189              		.loc 1 71 5 is_stmt 1 view .LVU54
 190 002e 019B     		ldr	r3, [sp, #4]
 191              	.LBE4:
  71:Src/i2c.c     ****     /**I2C1 GPIO Configuration    
 192              		.loc 1 71 5 view .LVU55
  76:Src/i2c.c     ****     GPIO_InitStruct.Mode = GPIO_MODE_AF_OD;
 193              		.loc 1 76 5 view .LVU56
  76:Src/i2c.c     ****     GPIO_InitStruct.Mode = GPIO_MODE_AF_OD;
 194              		.loc 1 76 25 is_stmt 0 view .LVU57
 195 0030 C023     		movs	r3, #192
 196 0032 DB00     		lsls	r3, r3, #3
 197 0034 0393     		str	r3, [sp, #12]
  77:Src/i2c.c     ****     GPIO_InitStruct.Pull = GPIO_PULLUP;
 198              		.loc 1 77 5 is_stmt 1 view .LVU58
  77:Src/i2c.c     ****     GPIO_InitStruct.Pull = GPIO_PULLUP;
 199              		.loc 1 77 26 is_stmt 0 view .LVU59
 200 0036 1223     		movs	r3, #18
 201 0038 0493     		str	r3, [sp, #16]
  78:Src/i2c.c     ****     GPIO_InitStruct.Speed = GPIO_SPEED_FREQ_HIGH;
 202              		.loc 1 78 5 is_stmt 1 view .LVU60
  78:Src/i2c.c     ****     GPIO_InitStruct.Speed = GPIO_SPEED_FREQ_HIGH;
 203              		.loc 1 78 26 is_stmt 0 view .LVU61
 204 003a 113B     		subs	r3, r3, #17
 205 003c 0593     		str	r3, [sp, #20]
  79:Src/i2c.c     ****     GPIO_InitStruct.Alternate = GPIO_AF4_I2C1;
 206              		.loc 1 79 5 is_stmt 1 view .LVU62
  79:Src/i2c.c     ****     GPIO_InitStruct.Alternate = GPIO_AF4_I2C1;
 207              		.loc 1 79 27 is_stmt 0 view .LVU63
 208 003e 0233     		adds	r3, r3, #2
 209 0040 0693     		str	r3, [sp, #24]
  80:Src/i2c.c     ****     HAL_GPIO_Init(GPIOA, &GPIO_InitStruct);
 210              		.loc 1 80 5 is_stmt 1 view .LVU64
 211              		.loc 1 81 5 is_stmt 0 view .LVU65
 212 0042 C005     		lsls	r0, r0, #23
  80:Src/i2c.c     ****     HAL_GPIO_Init(GPIOA, &GPIO_InitStruct);
 213              		.loc 1 80 31 view .LVU66
 214 0044 0133     		adds	r3, r3, #1
 215 0046 0793     		str	r3, [sp, #28]
 216              		.loc 1 81 5 is_stmt 1 view .LVU67
 217 0048 FFF7FEFF 		bl	HAL_GPIO_Init
 218              	.LVL10:
  82:Src/i2c.c     **** 
  83:Src/i2c.c     ****     /* I2C1 clock enable */
  84:Src/i2c.c     ****     __HAL_RCC_I2C1_CLK_ENABLE();
 219              		.loc 1 84 5 view .LVU68
 220              	.LBB5:
 221              		.loc 1 84 5 view .LVU69
 222              		.loc 1 84 5 view .LVU70
 223 004c 8022     		movs	r2, #128
 224 004e E369     		ldr	r3, [r4, #28]
 225 0050 9203     		lsls	r2, r2, #14
ARM GAS  D:\Temp\cc7lpDek.s 			page 7


 226 0052 1343     		orrs	r3, r2
 227 0054 E361     		str	r3, [r4, #28]
 228              		.loc 1 84 5 view .LVU71
 229 0056 E369     		ldr	r3, [r4, #28]
 230 0058 1340     		ands	r3, r2
 231 005a 0293     		str	r3, [sp, #8]
 232              		.loc 1 84 5 view .LVU72
 233 005c 029B     		ldr	r3, [sp, #8]
 234              	.LBE5:
 235              		.loc 1 84 5 discriminator 1 view .LVU73
 236              	.L16:
  85:Src/i2c.c     ****   /* USER CODE BEGIN I2C1_MspInit 1 */
  86:Src/i2c.c     **** 
  87:Src/i2c.c     ****   /* USER CODE END I2C1_MspInit 1 */
  88:Src/i2c.c     ****   }
  89:Src/i2c.c     **** }
 237              		.loc 1 89 1 is_stmt 0 view .LVU74
 238 005e 08B0     		add	sp, sp, #32
 239              		@ sp needed
 240 0060 10BD     		pop	{r4, pc}
 241              	.L19:
 242 0062 C046     		.align	2
 243              	.L18:
 244 0064 00540040 		.word	1073763328
 245 0068 00100240 		.word	1073876992
 246              		.cfi_endproc
 247              	.LFE38:
 249              		.section	.text.HAL_I2C_MspDeInit,"ax",%progbits
 250              		.align	1
 251              		.global	HAL_I2C_MspDeInit
 252              		.syntax unified
 253              		.code	16
 254              		.thumb_func
 256              	HAL_I2C_MspDeInit:
 257              	.LVL11:
 258              	.LFB39:
  90:Src/i2c.c     **** 
  91:Src/i2c.c     **** void HAL_I2C_MspDeInit(I2C_HandleTypeDef* i2cHandle)
  92:Src/i2c.c     **** {
 259              		.loc 1 92 1 is_stmt 1 view -0
 260              		.cfi_startproc
 261              		@ args = 0, pretend = 0, frame = 0
 262              		@ frame_needed = 0, uses_anonymous_args = 0
  93:Src/i2c.c     **** 
  94:Src/i2c.c     ****   if(i2cHandle->Instance==I2C1)
 263              		.loc 1 94 3 view .LVU76
 264              		.loc 1 94 5 is_stmt 0 view .LVU77
 265 0000 084B     		ldr	r3, .L22
 266 0002 0268     		ldr	r2, [r0]
  92:Src/i2c.c     **** 
 267              		.loc 1 92 1 view .LVU78
 268 0004 10B5     		push	{r4, lr}
 269              	.LCFI3:
 270              		.cfi_def_cfa_offset 8
 271              		.cfi_offset 4, -8
 272              		.cfi_offset 14, -4
 273              		.loc 1 94 5 view .LVU79
ARM GAS  D:\Temp\cc7lpDek.s 			page 8


 274 0006 9A42     		cmp	r2, r3
 275 0008 0AD1     		bne	.L20
  95:Src/i2c.c     ****   {
  96:Src/i2c.c     ****   /* USER CODE BEGIN I2C1_MspDeInit 0 */
  97:Src/i2c.c     **** 
  98:Src/i2c.c     ****   /* USER CODE END I2C1_MspDeInit 0 */
  99:Src/i2c.c     ****     /* Peripheral clock disable */
 100:Src/i2c.c     ****     __HAL_RCC_I2C1_CLK_DISABLE();
 276              		.loc 1 100 5 is_stmt 1 view .LVU80
 277 000a 074A     		ldr	r2, .L22+4
 278 000c 0749     		ldr	r1, .L22+8
 279 000e D369     		ldr	r3, [r2, #28]
 101:Src/i2c.c     ****   
 102:Src/i2c.c     ****     /**I2C1 GPIO Configuration    
 103:Src/i2c.c     ****     PA9     ------> I2C1_SCL
 104:Src/i2c.c     ****     PA10     ------> I2C1_SDA 
 105:Src/i2c.c     ****     */
 106:Src/i2c.c     ****     HAL_GPIO_DeInit(GPIOA, GPIO_PIN_9|GPIO_PIN_10);
 280              		.loc 1 106 5 is_stmt 0 view .LVU81
 281 0010 9020     		movs	r0, #144
 282              	.LVL12:
 100:Src/i2c.c     ****   
 283              		.loc 1 100 5 view .LVU82
 284 0012 0B40     		ands	r3, r1
 285              		.loc 1 106 5 view .LVU83
 286 0014 C021     		movs	r1, #192
 100:Src/i2c.c     ****   
 287              		.loc 1 100 5 view .LVU84
 288 0016 D361     		str	r3, [r2, #28]
 289              		.loc 1 106 5 is_stmt 1 view .LVU85
 290 0018 C900     		lsls	r1, r1, #3
 291 001a C005     		lsls	r0, r0, #23
 292 001c FFF7FEFF 		bl	HAL_GPIO_DeInit
 293              	.LVL13:
 294              	.L20:
 107:Src/i2c.c     **** 
 108:Src/i2c.c     ****   /* USER CODE BEGIN I2C1_MspDeInit 1 */
 109:Src/i2c.c     **** 
 110:Src/i2c.c     ****   /* USER CODE END I2C1_MspDeInit 1 */
 111:Src/i2c.c     ****   }
 112:Src/i2c.c     **** } 
 295              		.loc 1 112 1 is_stmt 0 view .LVU86
 296              		@ sp needed
 297 0020 10BD     		pop	{r4, pc}
 298              	.L23:
 299 0022 C046     		.align	2
 300              	.L22:
 301 0024 00540040 		.word	1073763328
 302 0028 00100240 		.word	1073876992
 303 002c FFFFDFFF 		.word	-2097153
 304              		.cfi_endproc
 305              	.LFE39:
 307              		.global	hi2c1
 308              		.section	.bss.hi2c1,"aw",%nobits
 309              		.align	2
 312              	hi2c1:
 313 0000 00000000 		.space	76
ARM GAS  D:\Temp\cc7lpDek.s 			page 9


 313      00000000 
 313      00000000 
 313      00000000 
 313      00000000 
 314              		.text
 315              	.Letext0:
 316              		.file 2 "D:\\STM32CubeCLT\\STM32CubeCLT_1.18.0\\GNU-tools-for-STM32\\bin/../lib/gcc/arm-none-eabi/
 317              		.file 3 "D:\\STM32CubeCLT\\STM32CubeCLT_1.18.0\\GNU-tools-for-STM32\\bin/../lib/gcc/arm-none-eabi/
 318              		.file 4 "Drivers/CMSIS/Device/ST/STM32F0xx/Include/stm32f030x6.h"
 319              		.file 5 "Drivers/STM32F0xx_HAL_Driver/Inc/stm32f0xx_hal_def.h"
 320              		.file 6 "Drivers/STM32F0xx_HAL_Driver/Inc/stm32f0xx_hal_gpio.h"
 321              		.file 7 "Drivers/STM32F0xx_HAL_Driver/Inc/stm32f0xx_hal_dma.h"
 322              		.file 8 "Drivers/STM32F0xx_HAL_Driver/Inc/stm32f0xx_hal_i2c.h"
 323              		.file 9 "Drivers/STM32F0xx_HAL_Driver/Inc/stm32f0xx_hal_i2c_ex.h"
 324              		.file 10 "Inc/i2c.h"
 325              		.file 11 "Inc/main.h"
 326              		.file 12 "<built-in>"
ARM GAS  D:\Temp\cc7lpDek.s 			page 10


DEFINED SYMBOLS
                            *ABS*:00000000 i2c.c
  D:\Temp\cc7lpDek.s:19     .text.MX_I2C1_Init:00000000 $t
  D:\Temp\cc7lpDek.s:25     .text.MX_I2C1_Init:00000000 MX_I2C1_Init
  D:\Temp\cc7lpDek.s:118    .text.MX_I2C1_Init:00000050 $d
  D:\Temp\cc7lpDek.s:312    .bss.hi2c1:00000000 hi2c1
  D:\Temp\cc7lpDek.s:125    .text.HAL_I2C_MspInit:00000000 $t
  D:\Temp\cc7lpDek.s:131    .text.HAL_I2C_MspInit:00000000 HAL_I2C_MspInit
  D:\Temp\cc7lpDek.s:244    .text.HAL_I2C_MspInit:00000064 $d
  D:\Temp\cc7lpDek.s:250    .text.HAL_I2C_MspDeInit:00000000 $t
  D:\Temp\cc7lpDek.s:256    .text.HAL_I2C_MspDeInit:00000000 HAL_I2C_MspDeInit
  D:\Temp\cc7lpDek.s:301    .text.HAL_I2C_MspDeInit:00000024 $d
  D:\Temp\cc7lpDek.s:309    .bss.hi2c1:00000000 $d

UNDEFINED SYMBOLS
HAL_I2C_Init
Error_Handler
HAL_I2CEx_ConfigAnalogFilter
HAL_I2CEx_ConfigDigitalFilter
memset
HAL_GPIO_Init
HAL_GPIO_DeInit
