ARM GAS  D:\Temp\ccoLwAsW.s 			page 1


   1              		.cpu cortex-m0
   2              		.arch armv6s-m
   3              		.fpu softvfp
   4              		.eabi_attribute 20, 1
   5              		.eabi_attribute 21, 1
   6              		.eabi_attribute 23, 3
   7              		.eabi_attribute 24, 1
   8              		.eabi_attribute 25, 1
   9              		.eabi_attribute 26, 1
  10              		.eabi_attribute 30, 4
  11              		.eabi_attribute 34, 0
  12              		.eabi_attribute 18, 4
  13              		.file	"stm32f0xx_hal.c"
  14              		.text
  15              	.Ltext0:
  16              		.cfi_sections	.debug_frame
  17              		.file 1 "Drivers/STM32F0xx_HAL_Driver/Src/stm32f0xx_hal.c"
  18              		.section	.text.HAL_MspInit,"ax",%progbits
  19              		.align	1
  20              		.weak	HAL_MspInit
  21              		.syntax unified
  22              		.code	16
  23              		.thumb_func
  25              	HAL_MspInit:
  26              	.LFB39:
   1:Drivers/STM32F0xx_HAL_Driver/Src/stm32f0xx_hal.c **** /**
   2:Drivers/STM32F0xx_HAL_Driver/Src/stm32f0xx_hal.c ****   ******************************************************************************
   3:Drivers/STM32F0xx_HAL_Driver/Src/stm32f0xx_hal.c ****   * @file    stm32f0xx_hal.c
   4:Drivers/STM32F0xx_HAL_Driver/Src/stm32f0xx_hal.c ****   * @author  MCD Application Team
   5:Drivers/STM32F0xx_HAL_Driver/Src/stm32f0xx_hal.c ****   * @brief   HAL module driver.
   6:Drivers/STM32F0xx_HAL_Driver/Src/stm32f0xx_hal.c ****   *          This is the common part of the HAL initialization
   7:Drivers/STM32F0xx_HAL_Driver/Src/stm32f0xx_hal.c ****   *
   8:Drivers/STM32F0xx_HAL_Driver/Src/stm32f0xx_hal.c ****   @verbatim
   9:Drivers/STM32F0xx_HAL_Driver/Src/stm32f0xx_hal.c ****   ==============================================================================
  10:Drivers/STM32F0xx_HAL_Driver/Src/stm32f0xx_hal.c ****                      ##### How to use this driver #####
  11:Drivers/STM32F0xx_HAL_Driver/Src/stm32f0xx_hal.c ****   ==============================================================================
  12:Drivers/STM32F0xx_HAL_Driver/Src/stm32f0xx_hal.c ****     [..]
  13:Drivers/STM32F0xx_HAL_Driver/Src/stm32f0xx_hal.c ****     The common HAL driver contains a set of generic and common APIs that can be
  14:Drivers/STM32F0xx_HAL_Driver/Src/stm32f0xx_hal.c ****     used by the PPP peripheral drivers and the user to start using the HAL. 
  15:Drivers/STM32F0xx_HAL_Driver/Src/stm32f0xx_hal.c ****     [..]
  16:Drivers/STM32F0xx_HAL_Driver/Src/stm32f0xx_hal.c ****     The HAL contains two APIs categories:
  17:Drivers/STM32F0xx_HAL_Driver/Src/stm32f0xx_hal.c ****          (+) HAL Initialization and de-initialization functions
  18:Drivers/STM32F0xx_HAL_Driver/Src/stm32f0xx_hal.c ****          (+) HAL Control functions
  19:Drivers/STM32F0xx_HAL_Driver/Src/stm32f0xx_hal.c **** 
  20:Drivers/STM32F0xx_HAL_Driver/Src/stm32f0xx_hal.c ****   @endverbatim
  21:Drivers/STM32F0xx_HAL_Driver/Src/stm32f0xx_hal.c ****   ******************************************************************************
  22:Drivers/STM32F0xx_HAL_Driver/Src/stm32f0xx_hal.c ****   * @attention
  23:Drivers/STM32F0xx_HAL_Driver/Src/stm32f0xx_hal.c ****   *
  24:Drivers/STM32F0xx_HAL_Driver/Src/stm32f0xx_hal.c ****   * <h2><center>&copy; COPYRIGHT(c) 2016 STMicroelectronics</center></h2>
  25:Drivers/STM32F0xx_HAL_Driver/Src/stm32f0xx_hal.c ****   *
  26:Drivers/STM32F0xx_HAL_Driver/Src/stm32f0xx_hal.c ****   * Redistribution and use in source and binary forms, with or without modification,
  27:Drivers/STM32F0xx_HAL_Driver/Src/stm32f0xx_hal.c ****   * are permitted provided that the following conditions are met:
  28:Drivers/STM32F0xx_HAL_Driver/Src/stm32f0xx_hal.c ****   *   1. Redistributions of source code must retain the above copyright notice,
  29:Drivers/STM32F0xx_HAL_Driver/Src/stm32f0xx_hal.c ****   *      this list of conditions and the following disclaimer.
  30:Drivers/STM32F0xx_HAL_Driver/Src/stm32f0xx_hal.c ****   *   2. Redistributions in binary form must reproduce the above copyright notice,
  31:Drivers/STM32F0xx_HAL_Driver/Src/stm32f0xx_hal.c ****   *      this list of conditions and the following disclaimer in the documentation
  32:Drivers/STM32F0xx_HAL_Driver/Src/stm32f0xx_hal.c ****   *      and/or other materials provided with the distribution.
ARM GAS  D:\Temp\ccoLwAsW.s 			page 2


  33:Drivers/STM32F0xx_HAL_Driver/Src/stm32f0xx_hal.c ****   *   3. Neither the name of STMicroelectronics nor the names of its contributors
  34:Drivers/STM32F0xx_HAL_Driver/Src/stm32f0xx_hal.c ****   *      may be used to endorse or promote products derived from this software
  35:Drivers/STM32F0xx_HAL_Driver/Src/stm32f0xx_hal.c ****   *      without specific prior written permission.
  36:Drivers/STM32F0xx_HAL_Driver/Src/stm32f0xx_hal.c ****   *
  37:Drivers/STM32F0xx_HAL_Driver/Src/stm32f0xx_hal.c ****   * THIS SOFTWARE IS PROVIDED BY THE COPYRIGHT HOLDERS AND CONTRIBUTORS "AS IS"
  38:Drivers/STM32F0xx_HAL_Driver/Src/stm32f0xx_hal.c ****   * AND ANY EXPRESS OR IMPLIED WARRANTIES, INCLUDING, BUT NOT LIMITED TO, THE
  39:Drivers/STM32F0xx_HAL_Driver/Src/stm32f0xx_hal.c ****   * IMPLIED WARRANTIES OF MERCHANTABILITY AND FITNESS FOR A PARTICULAR PURPOSE ARE
  40:Drivers/STM32F0xx_HAL_Driver/Src/stm32f0xx_hal.c ****   * DISCLAIMED. IN NO EVENT SHALL THE COPYRIGHT HOLDER OR CONTRIBUTORS BE LIABLE
  41:Drivers/STM32F0xx_HAL_Driver/Src/stm32f0xx_hal.c ****   * FOR ANY DIRECT, INDIRECT, INCIDENTAL, SPECIAL, EXEMPLARY, OR CONSEQUENTIAL
  42:Drivers/STM32F0xx_HAL_Driver/Src/stm32f0xx_hal.c ****   * DAMAGES (INCLUDING, BUT NOT LIMITED TO, PROCUREMENT OF SUBSTITUTE GOODS OR
  43:Drivers/STM32F0xx_HAL_Driver/Src/stm32f0xx_hal.c ****   * SERVICES; LOSS OF USE, DATA, OR PROFITS; OR BUSINESS INTERRUPTION) HOWEVER
  44:Drivers/STM32F0xx_HAL_Driver/Src/stm32f0xx_hal.c ****   * CAUSED AND ON ANY THEORY OF LIABILITY, WHETHER IN CONTRACT, STRICT LIABILITY,
  45:Drivers/STM32F0xx_HAL_Driver/Src/stm32f0xx_hal.c ****   * OR TORT (INCLUDING NEGLIGENCE OR OTHERWISE) ARISING IN ANY WAY OUT OF THE USE
  46:Drivers/STM32F0xx_HAL_Driver/Src/stm32f0xx_hal.c ****   * OF THIS SOFTWARE, EVEN IF ADVISED OF THE POSSIBILITY OF SUCH DAMAGE.
  47:Drivers/STM32F0xx_HAL_Driver/Src/stm32f0xx_hal.c ****   *
  48:Drivers/STM32F0xx_HAL_Driver/Src/stm32f0xx_hal.c ****   ******************************************************************************
  49:Drivers/STM32F0xx_HAL_Driver/Src/stm32f0xx_hal.c ****   */
  50:Drivers/STM32F0xx_HAL_Driver/Src/stm32f0xx_hal.c **** 
  51:Drivers/STM32F0xx_HAL_Driver/Src/stm32f0xx_hal.c **** /* Includes ------------------------------------------------------------------*/
  52:Drivers/STM32F0xx_HAL_Driver/Src/stm32f0xx_hal.c **** #include "stm32f0xx_hal.h"
  53:Drivers/STM32F0xx_HAL_Driver/Src/stm32f0xx_hal.c **** 
  54:Drivers/STM32F0xx_HAL_Driver/Src/stm32f0xx_hal.c **** /** @addtogroup STM32F0xx_HAL_Driver
  55:Drivers/STM32F0xx_HAL_Driver/Src/stm32f0xx_hal.c ****   * @{
  56:Drivers/STM32F0xx_HAL_Driver/Src/stm32f0xx_hal.c ****   */
  57:Drivers/STM32F0xx_HAL_Driver/Src/stm32f0xx_hal.c **** 
  58:Drivers/STM32F0xx_HAL_Driver/Src/stm32f0xx_hal.c **** /** @defgroup HAL HAL
  59:Drivers/STM32F0xx_HAL_Driver/Src/stm32f0xx_hal.c ****   * @brief HAL module driver.
  60:Drivers/STM32F0xx_HAL_Driver/Src/stm32f0xx_hal.c ****   * @{
  61:Drivers/STM32F0xx_HAL_Driver/Src/stm32f0xx_hal.c ****   */
  62:Drivers/STM32F0xx_HAL_Driver/Src/stm32f0xx_hal.c **** 
  63:Drivers/STM32F0xx_HAL_Driver/Src/stm32f0xx_hal.c **** #ifdef HAL_MODULE_ENABLED
  64:Drivers/STM32F0xx_HAL_Driver/Src/stm32f0xx_hal.c **** 
  65:Drivers/STM32F0xx_HAL_Driver/Src/stm32f0xx_hal.c **** /* Private typedef -----------------------------------------------------------*/
  66:Drivers/STM32F0xx_HAL_Driver/Src/stm32f0xx_hal.c **** /* Private define ------------------------------------------------------------*/
  67:Drivers/STM32F0xx_HAL_Driver/Src/stm32f0xx_hal.c **** /** @defgroup HAL_Private_Constants HAL Private Constants
  68:Drivers/STM32F0xx_HAL_Driver/Src/stm32f0xx_hal.c ****   * @{
  69:Drivers/STM32F0xx_HAL_Driver/Src/stm32f0xx_hal.c ****   */
  70:Drivers/STM32F0xx_HAL_Driver/Src/stm32f0xx_hal.c **** /** 
  71:Drivers/STM32F0xx_HAL_Driver/Src/stm32f0xx_hal.c ****   * @brief STM32F0xx HAL Driver version number V1.7.2
  72:Drivers/STM32F0xx_HAL_Driver/Src/stm32f0xx_hal.c ****   */
  73:Drivers/STM32F0xx_HAL_Driver/Src/stm32f0xx_hal.c **** #define __STM32F0xx_HAL_VERSION_MAIN   (0x01) /*!< [31:24] main version */
  74:Drivers/STM32F0xx_HAL_Driver/Src/stm32f0xx_hal.c **** #define __STM32F0xx_HAL_VERSION_SUB1   (0x07) /*!< [23:16] sub1 version */
  75:Drivers/STM32F0xx_HAL_Driver/Src/stm32f0xx_hal.c **** #define __STM32F0xx_HAL_VERSION_SUB2   (0x02) /*!< [15:8]  sub2 version */
  76:Drivers/STM32F0xx_HAL_Driver/Src/stm32f0xx_hal.c **** #define __STM32F0xx_HAL_VERSION_RC     (0x00) /*!< [7:0]  release candidate */ 
  77:Drivers/STM32F0xx_HAL_Driver/Src/stm32f0xx_hal.c **** #define __STM32F0xx_HAL_VERSION         ((__STM32F0xx_HAL_VERSION_MAIN << 24U)\
  78:Drivers/STM32F0xx_HAL_Driver/Src/stm32f0xx_hal.c ****                                         |(__STM32F0xx_HAL_VERSION_SUB1 << 16U)\
  79:Drivers/STM32F0xx_HAL_Driver/Src/stm32f0xx_hal.c ****                                         |(__STM32F0xx_HAL_VERSION_SUB2 << 8U )\
  80:Drivers/STM32F0xx_HAL_Driver/Src/stm32f0xx_hal.c ****                                         |(__STM32F0xx_HAL_VERSION_RC))
  81:Drivers/STM32F0xx_HAL_Driver/Src/stm32f0xx_hal.c **** 
  82:Drivers/STM32F0xx_HAL_Driver/Src/stm32f0xx_hal.c **** #define IDCODE_DEVID_MASK    (0x00000FFFU)
  83:Drivers/STM32F0xx_HAL_Driver/Src/stm32f0xx_hal.c **** /**
  84:Drivers/STM32F0xx_HAL_Driver/Src/stm32f0xx_hal.c ****   * @}
  85:Drivers/STM32F0xx_HAL_Driver/Src/stm32f0xx_hal.c ****   */
  86:Drivers/STM32F0xx_HAL_Driver/Src/stm32f0xx_hal.c **** 
  87:Drivers/STM32F0xx_HAL_Driver/Src/stm32f0xx_hal.c **** /* Private macro -------------------------------------------------------------*/
  88:Drivers/STM32F0xx_HAL_Driver/Src/stm32f0xx_hal.c **** /** @defgroup HAL_Private_Macros HAL Private Macros
  89:Drivers/STM32F0xx_HAL_Driver/Src/stm32f0xx_hal.c ****   * @{
ARM GAS  D:\Temp\ccoLwAsW.s 			page 3


  90:Drivers/STM32F0xx_HAL_Driver/Src/stm32f0xx_hal.c ****   */
  91:Drivers/STM32F0xx_HAL_Driver/Src/stm32f0xx_hal.c **** /**
  92:Drivers/STM32F0xx_HAL_Driver/Src/stm32f0xx_hal.c ****   * @}
  93:Drivers/STM32F0xx_HAL_Driver/Src/stm32f0xx_hal.c ****   */
  94:Drivers/STM32F0xx_HAL_Driver/Src/stm32f0xx_hal.c **** 
  95:Drivers/STM32F0xx_HAL_Driver/Src/stm32f0xx_hal.c **** /* Private variables ---------------------------------------------------------*/
  96:Drivers/STM32F0xx_HAL_Driver/Src/stm32f0xx_hal.c **** /** @defgroup HAL_Private_Variables HAL Private Variables
  97:Drivers/STM32F0xx_HAL_Driver/Src/stm32f0xx_hal.c ****   * @{
  98:Drivers/STM32F0xx_HAL_Driver/Src/stm32f0xx_hal.c ****   */
  99:Drivers/STM32F0xx_HAL_Driver/Src/stm32f0xx_hal.c **** __IO uint32_t uwTick;
 100:Drivers/STM32F0xx_HAL_Driver/Src/stm32f0xx_hal.c **** /**
 101:Drivers/STM32F0xx_HAL_Driver/Src/stm32f0xx_hal.c ****   * @}
 102:Drivers/STM32F0xx_HAL_Driver/Src/stm32f0xx_hal.c ****   */
 103:Drivers/STM32F0xx_HAL_Driver/Src/stm32f0xx_hal.c **** /* Private function prototypes -----------------------------------------------*/
 104:Drivers/STM32F0xx_HAL_Driver/Src/stm32f0xx_hal.c **** /* Exported functions ---------------------------------------------------------*/
 105:Drivers/STM32F0xx_HAL_Driver/Src/stm32f0xx_hal.c **** 
 106:Drivers/STM32F0xx_HAL_Driver/Src/stm32f0xx_hal.c **** /** @defgroup HAL_Exported_Functions HAL Exported Functions
 107:Drivers/STM32F0xx_HAL_Driver/Src/stm32f0xx_hal.c ****   * @{
 108:Drivers/STM32F0xx_HAL_Driver/Src/stm32f0xx_hal.c ****   */
 109:Drivers/STM32F0xx_HAL_Driver/Src/stm32f0xx_hal.c **** 
 110:Drivers/STM32F0xx_HAL_Driver/Src/stm32f0xx_hal.c **** /** @defgroup HAL_Exported_Functions_Group1 Initialization and de-initialization Functions 
 111:Drivers/STM32F0xx_HAL_Driver/Src/stm32f0xx_hal.c ****   * @brief    Initialization and de-initialization functions
 112:Drivers/STM32F0xx_HAL_Driver/Src/stm32f0xx_hal.c ****   *
 113:Drivers/STM32F0xx_HAL_Driver/Src/stm32f0xx_hal.c **** @verbatim
 114:Drivers/STM32F0xx_HAL_Driver/Src/stm32f0xx_hal.c ****  ===============================================================================
 115:Drivers/STM32F0xx_HAL_Driver/Src/stm32f0xx_hal.c ****               ##### Initialization and de-initialization functions #####
 116:Drivers/STM32F0xx_HAL_Driver/Src/stm32f0xx_hal.c ****  ===============================================================================
 117:Drivers/STM32F0xx_HAL_Driver/Src/stm32f0xx_hal.c ****    [..]  This section provides functions allowing to:
 118:Drivers/STM32F0xx_HAL_Driver/Src/stm32f0xx_hal.c ****       (+) Initializes the Flash interface, the NVIC allocation and initial clock 
 119:Drivers/STM32F0xx_HAL_Driver/Src/stm32f0xx_hal.c ****           configuration. It initializes the source of time base also when timeout 
 120:Drivers/STM32F0xx_HAL_Driver/Src/stm32f0xx_hal.c ****           is needed and the backup domain when enabled.
 121:Drivers/STM32F0xx_HAL_Driver/Src/stm32f0xx_hal.c ****       (+) de-Initializes common part of the HAL.
 122:Drivers/STM32F0xx_HAL_Driver/Src/stm32f0xx_hal.c ****       (+) Configure The time base source to have 1ms time base with a dedicated 
 123:Drivers/STM32F0xx_HAL_Driver/Src/stm32f0xx_hal.c ****           Tick interrupt priority. 
 124:Drivers/STM32F0xx_HAL_Driver/Src/stm32f0xx_hal.c ****         (++) Systick timer is used by default as source of time base, but user 
 125:Drivers/STM32F0xx_HAL_Driver/Src/stm32f0xx_hal.c ****              can eventually implement his proper time base source (a general purpose 
 126:Drivers/STM32F0xx_HAL_Driver/Src/stm32f0xx_hal.c ****              timer for example or other time source), keeping in mind that Time base 
 127:Drivers/STM32F0xx_HAL_Driver/Src/stm32f0xx_hal.c ****              duration should be kept 1ms since PPP_TIMEOUT_VALUEs are defined and 
 128:Drivers/STM32F0xx_HAL_Driver/Src/stm32f0xx_hal.c ****              handled in milliseconds basis.
 129:Drivers/STM32F0xx_HAL_Driver/Src/stm32f0xx_hal.c ****         (++) Time base configuration function (HAL_InitTick ()) is called automatically 
 130:Drivers/STM32F0xx_HAL_Driver/Src/stm32f0xx_hal.c ****              at the beginning of the program after reset by HAL_Init() or at any time 
 131:Drivers/STM32F0xx_HAL_Driver/Src/stm32f0xx_hal.c ****              when clock is configured, by HAL_RCC_ClockConfig(). 
 132:Drivers/STM32F0xx_HAL_Driver/Src/stm32f0xx_hal.c ****         (++) Source of time base is configured  to generate interrupts at regular 
 133:Drivers/STM32F0xx_HAL_Driver/Src/stm32f0xx_hal.c ****              time intervals. Care must be taken if HAL_Delay() is called from a 
 134:Drivers/STM32F0xx_HAL_Driver/Src/stm32f0xx_hal.c ****              peripheral ISR process, the Tick interrupt line must have higher priority 
 135:Drivers/STM32F0xx_HAL_Driver/Src/stm32f0xx_hal.c ****             (numerically lower) than the peripheral interrupt. Otherwise the caller 
 136:Drivers/STM32F0xx_HAL_Driver/Src/stm32f0xx_hal.c ****             ISR process will be blocked. 
 137:Drivers/STM32F0xx_HAL_Driver/Src/stm32f0xx_hal.c ****        (++) functions affecting time base configurations are declared as __Weak  
 138:Drivers/STM32F0xx_HAL_Driver/Src/stm32f0xx_hal.c ****              to make  override possible  in case of other  implementations in user file.
 139:Drivers/STM32F0xx_HAL_Driver/Src/stm32f0xx_hal.c ****  
 140:Drivers/STM32F0xx_HAL_Driver/Src/stm32f0xx_hal.c **** @endverbatim
 141:Drivers/STM32F0xx_HAL_Driver/Src/stm32f0xx_hal.c ****   * @{
 142:Drivers/STM32F0xx_HAL_Driver/Src/stm32f0xx_hal.c ****   */
 143:Drivers/STM32F0xx_HAL_Driver/Src/stm32f0xx_hal.c **** 
 144:Drivers/STM32F0xx_HAL_Driver/Src/stm32f0xx_hal.c **** /**
 145:Drivers/STM32F0xx_HAL_Driver/Src/stm32f0xx_hal.c ****   * @brief  This function configures the Flash prefetch,
 146:Drivers/STM32F0xx_HAL_Driver/Src/stm32f0xx_hal.c ****   *        Configures time base source, NVIC and Low level hardware
ARM GAS  D:\Temp\ccoLwAsW.s 			page 4


 147:Drivers/STM32F0xx_HAL_Driver/Src/stm32f0xx_hal.c ****   * @note This function is called at the beginning of program after reset and before 
 148:Drivers/STM32F0xx_HAL_Driver/Src/stm32f0xx_hal.c ****   *       the clock configuration
 149:Drivers/STM32F0xx_HAL_Driver/Src/stm32f0xx_hal.c ****   * @note The time base configuration is based on HSI clock when exiting from Reset.
 150:Drivers/STM32F0xx_HAL_Driver/Src/stm32f0xx_hal.c ****   *       Once done, time base tick start incrementing.
 151:Drivers/STM32F0xx_HAL_Driver/Src/stm32f0xx_hal.c ****   *       In the default implementation,Systick is used as source of time base.
 152:Drivers/STM32F0xx_HAL_Driver/Src/stm32f0xx_hal.c ****   *       The tick variable is incremented each 1ms in its ISR.
 153:Drivers/STM32F0xx_HAL_Driver/Src/stm32f0xx_hal.c ****   * @retval HAL status
 154:Drivers/STM32F0xx_HAL_Driver/Src/stm32f0xx_hal.c ****   */
 155:Drivers/STM32F0xx_HAL_Driver/Src/stm32f0xx_hal.c **** HAL_StatusTypeDef HAL_Init(void)
 156:Drivers/STM32F0xx_HAL_Driver/Src/stm32f0xx_hal.c **** {
 157:Drivers/STM32F0xx_HAL_Driver/Src/stm32f0xx_hal.c ****   /* Configure Flash prefetch */ 
 158:Drivers/STM32F0xx_HAL_Driver/Src/stm32f0xx_hal.c **** #if (PREFETCH_ENABLE != 0)
 159:Drivers/STM32F0xx_HAL_Driver/Src/stm32f0xx_hal.c ****   __HAL_FLASH_PREFETCH_BUFFER_ENABLE();
 160:Drivers/STM32F0xx_HAL_Driver/Src/stm32f0xx_hal.c **** #endif /* PREFETCH_ENABLE */
 161:Drivers/STM32F0xx_HAL_Driver/Src/stm32f0xx_hal.c **** 
 162:Drivers/STM32F0xx_HAL_Driver/Src/stm32f0xx_hal.c ****   /* Use systick as time base source and configure 1ms tick (default clock after Reset is HSI) */
 163:Drivers/STM32F0xx_HAL_Driver/Src/stm32f0xx_hal.c **** 
 164:Drivers/STM32F0xx_HAL_Driver/Src/stm32f0xx_hal.c ****   HAL_InitTick(TICK_INT_PRIORITY);
 165:Drivers/STM32F0xx_HAL_Driver/Src/stm32f0xx_hal.c **** 
 166:Drivers/STM32F0xx_HAL_Driver/Src/stm32f0xx_hal.c ****   /* Init the low level hardware */
 167:Drivers/STM32F0xx_HAL_Driver/Src/stm32f0xx_hal.c ****   HAL_MspInit();
 168:Drivers/STM32F0xx_HAL_Driver/Src/stm32f0xx_hal.c **** 
 169:Drivers/STM32F0xx_HAL_Driver/Src/stm32f0xx_hal.c ****   /* Return function status */
 170:Drivers/STM32F0xx_HAL_Driver/Src/stm32f0xx_hal.c ****   return HAL_OK;
 171:Drivers/STM32F0xx_HAL_Driver/Src/stm32f0xx_hal.c **** }
 172:Drivers/STM32F0xx_HAL_Driver/Src/stm32f0xx_hal.c **** 
 173:Drivers/STM32F0xx_HAL_Driver/Src/stm32f0xx_hal.c **** /**
 174:Drivers/STM32F0xx_HAL_Driver/Src/stm32f0xx_hal.c ****   * @brief This function de-Initializes common part of the HAL and stops the source
 175:Drivers/STM32F0xx_HAL_Driver/Src/stm32f0xx_hal.c ****   *        of time base.
 176:Drivers/STM32F0xx_HAL_Driver/Src/stm32f0xx_hal.c ****   * @note This function is optional.
 177:Drivers/STM32F0xx_HAL_Driver/Src/stm32f0xx_hal.c ****   * @retval HAL status
 178:Drivers/STM32F0xx_HAL_Driver/Src/stm32f0xx_hal.c ****   */
 179:Drivers/STM32F0xx_HAL_Driver/Src/stm32f0xx_hal.c **** HAL_StatusTypeDef HAL_DeInit(void)
 180:Drivers/STM32F0xx_HAL_Driver/Src/stm32f0xx_hal.c **** {
 181:Drivers/STM32F0xx_HAL_Driver/Src/stm32f0xx_hal.c ****   /* Reset of all peripherals */
 182:Drivers/STM32F0xx_HAL_Driver/Src/stm32f0xx_hal.c ****   __HAL_RCC_APB1_FORCE_RESET();
 183:Drivers/STM32F0xx_HAL_Driver/Src/stm32f0xx_hal.c ****   __HAL_RCC_APB1_RELEASE_RESET();
 184:Drivers/STM32F0xx_HAL_Driver/Src/stm32f0xx_hal.c **** 
 185:Drivers/STM32F0xx_HAL_Driver/Src/stm32f0xx_hal.c ****   __HAL_RCC_APB2_FORCE_RESET();
 186:Drivers/STM32F0xx_HAL_Driver/Src/stm32f0xx_hal.c ****   __HAL_RCC_APB2_RELEASE_RESET();
 187:Drivers/STM32F0xx_HAL_Driver/Src/stm32f0xx_hal.c **** 
 188:Drivers/STM32F0xx_HAL_Driver/Src/stm32f0xx_hal.c ****   __HAL_RCC_AHB_FORCE_RESET();
 189:Drivers/STM32F0xx_HAL_Driver/Src/stm32f0xx_hal.c ****   __HAL_RCC_AHB_RELEASE_RESET();
 190:Drivers/STM32F0xx_HAL_Driver/Src/stm32f0xx_hal.c **** 
 191:Drivers/STM32F0xx_HAL_Driver/Src/stm32f0xx_hal.c ****   /* De-Init the low level hardware */
 192:Drivers/STM32F0xx_HAL_Driver/Src/stm32f0xx_hal.c ****   HAL_MspDeInit();
 193:Drivers/STM32F0xx_HAL_Driver/Src/stm32f0xx_hal.c ****     
 194:Drivers/STM32F0xx_HAL_Driver/Src/stm32f0xx_hal.c ****   /* Return function status */
 195:Drivers/STM32F0xx_HAL_Driver/Src/stm32f0xx_hal.c ****   return HAL_OK;
 196:Drivers/STM32F0xx_HAL_Driver/Src/stm32f0xx_hal.c **** }
 197:Drivers/STM32F0xx_HAL_Driver/Src/stm32f0xx_hal.c **** 
 198:Drivers/STM32F0xx_HAL_Driver/Src/stm32f0xx_hal.c **** /**
 199:Drivers/STM32F0xx_HAL_Driver/Src/stm32f0xx_hal.c ****   * @brief  Initializes the MSP.
 200:Drivers/STM32F0xx_HAL_Driver/Src/stm32f0xx_hal.c ****   * @retval None
 201:Drivers/STM32F0xx_HAL_Driver/Src/stm32f0xx_hal.c ****   */
 202:Drivers/STM32F0xx_HAL_Driver/Src/stm32f0xx_hal.c **** __weak void HAL_MspInit(void)
 203:Drivers/STM32F0xx_HAL_Driver/Src/stm32f0xx_hal.c **** {
ARM GAS  D:\Temp\ccoLwAsW.s 			page 5


  27              		.loc 1 203 1 view -0
  28              		.cfi_startproc
  29              		@ args = 0, pretend = 0, frame = 0
  30              		@ frame_needed = 0, uses_anonymous_args = 0
  31              		@ link register save eliminated.
 204:Drivers/STM32F0xx_HAL_Driver/Src/stm32f0xx_hal.c ****   /* NOTE : This function Should not be modified, when the callback is needed,
 205:Drivers/STM32F0xx_HAL_Driver/Src/stm32f0xx_hal.c ****             the HAL_MspInit could be implemented in the user file
 206:Drivers/STM32F0xx_HAL_Driver/Src/stm32f0xx_hal.c ****    */
 207:Drivers/STM32F0xx_HAL_Driver/Src/stm32f0xx_hal.c **** }
  32              		.loc 1 207 1 view .LVU1
  33              		@ sp needed
  34 0000 7047     		bx	lr
  35              		.cfi_endproc
  36              	.LFE39:
  38              		.section	.text.HAL_MspDeInit,"ax",%progbits
  39              		.align	1
  40              		.weak	HAL_MspDeInit
  41              		.syntax unified
  42              		.code	16
  43              		.thumb_func
  45              	HAL_MspDeInit:
  46              	.LFB58:
  47              		.cfi_startproc
 208:Drivers/STM32F0xx_HAL_Driver/Src/stm32f0xx_hal.c **** 
 209:Drivers/STM32F0xx_HAL_Driver/Src/stm32f0xx_hal.c **** /**
 210:Drivers/STM32F0xx_HAL_Driver/Src/stm32f0xx_hal.c ****   * @brief  DeInitializes the MSP.
 211:Drivers/STM32F0xx_HAL_Driver/Src/stm32f0xx_hal.c ****   * @retval None
 212:Drivers/STM32F0xx_HAL_Driver/Src/stm32f0xx_hal.c ****   */
 213:Drivers/STM32F0xx_HAL_Driver/Src/stm32f0xx_hal.c **** __weak void HAL_MspDeInit(void)
  48              		.loc 1 213 13 view -0
  49              		@ args = 0, pretend = 0, frame = 0
  50              		@ frame_needed = 0, uses_anonymous_args = 0
  51              		@ link register save eliminated.
  52              		@ sp needed
  53 0000 7047     		bx	lr
  54              		.cfi_endproc
  55              	.LFE58:
  57              		.section	.text.HAL_DeInit,"ax",%progbits
  58              		.align	1
  59              		.global	HAL_DeInit
  60              		.syntax unified
  61              		.code	16
  62              		.thumb_func
  64              	HAL_DeInit:
  65              	.LFB38:
 180:Drivers/STM32F0xx_HAL_Driver/Src/stm32f0xx_hal.c ****   /* Reset of all peripherals */
  66              		.loc 1 180 1 view -0
  67              		.cfi_startproc
  68              		@ args = 0, pretend = 0, frame = 0
  69              		@ frame_needed = 0, uses_anonymous_args = 0
 182:Drivers/STM32F0xx_HAL_Driver/Src/stm32f0xx_hal.c ****   __HAL_RCC_APB1_RELEASE_RESET();
  70              		.loc 1 182 3 view .LVU4
  71 0000 0122     		movs	r2, #1
 180:Drivers/STM32F0xx_HAL_Driver/Src/stm32f0xx_hal.c ****   /* Reset of all peripherals */
  72              		.loc 1 180 1 is_stmt 0 view .LVU5
  73 0002 10B5     		push	{r4, lr}
  74              	.LCFI0:
ARM GAS  D:\Temp\ccoLwAsW.s 			page 6


  75              		.cfi_def_cfa_offset 8
  76              		.cfi_offset 4, -8
  77              		.cfi_offset 14, -4
 183:Drivers/STM32F0xx_HAL_Driver/Src/stm32f0xx_hal.c **** 
  78              		.loc 1 183 3 view .LVU6
  79 0004 0024     		movs	r4, #0
 196:Drivers/STM32F0xx_HAL_Driver/Src/stm32f0xx_hal.c **** 
  80              		.loc 1 196 1 view .LVU7
  81              		@ sp needed
 182:Drivers/STM32F0xx_HAL_Driver/Src/stm32f0xx_hal.c ****   __HAL_RCC_APB1_RELEASE_RESET();
  82              		.loc 1 182 3 view .LVU8
  83 0006 064B     		ldr	r3, .L4
  84 0008 5242     		rsbs	r2, r2, #0
  85 000a 1A61     		str	r2, [r3, #16]
 183:Drivers/STM32F0xx_HAL_Driver/Src/stm32f0xx_hal.c **** 
  86              		.loc 1 183 3 is_stmt 1 view .LVU9
  87 000c 1C61     		str	r4, [r3, #16]
 185:Drivers/STM32F0xx_HAL_Driver/Src/stm32f0xx_hal.c ****   __HAL_RCC_APB2_RELEASE_RESET();
  88              		.loc 1 185 3 view .LVU10
  89 000e DA60     		str	r2, [r3, #12]
 186:Drivers/STM32F0xx_HAL_Driver/Src/stm32f0xx_hal.c **** 
  90              		.loc 1 186 3 view .LVU11
  91 0010 DC60     		str	r4, [r3, #12]
 188:Drivers/STM32F0xx_HAL_Driver/Src/stm32f0xx_hal.c ****   __HAL_RCC_AHB_RELEASE_RESET();
  92              		.loc 1 188 3 view .LVU12
  93 0012 9A62     		str	r2, [r3, #40]
 189:Drivers/STM32F0xx_HAL_Driver/Src/stm32f0xx_hal.c **** 
  94              		.loc 1 189 3 view .LVU13
  95 0014 9C62     		str	r4, [r3, #40]
 192:Drivers/STM32F0xx_HAL_Driver/Src/stm32f0xx_hal.c ****     
  96              		.loc 1 192 3 view .LVU14
  97 0016 FFF7FEFF 		bl	HAL_MspDeInit
  98              	.LVL0:
 195:Drivers/STM32F0xx_HAL_Driver/Src/stm32f0xx_hal.c **** }
  99              		.loc 1 195 3 view .LVU15
 196:Drivers/STM32F0xx_HAL_Driver/Src/stm32f0xx_hal.c **** 
 100              		.loc 1 196 1 is_stmt 0 view .LVU16
 101 001a 2000     		movs	r0, r4
 102 001c 10BD     		pop	{r4, pc}
 103              	.L5:
 104 001e C046     		.align	2
 105              	.L4:
 106 0020 00100240 		.word	1073876992
 107              		.cfi_endproc
 108              	.LFE38:
 110              		.global	__aeabi_uidiv
 111              		.section	.text.HAL_InitTick,"ax",%progbits
 112              		.align	1
 113              		.weak	HAL_InitTick
 114              		.syntax unified
 115              		.code	16
 116              		.thumb_func
 118              	HAL_InitTick:
 119              	.LVL1:
 120              	.LFB41:
 214:Drivers/STM32F0xx_HAL_Driver/Src/stm32f0xx_hal.c **** {
 215:Drivers/STM32F0xx_HAL_Driver/Src/stm32f0xx_hal.c ****   /* NOTE : This function Should not be modified, when the callback is needed,
ARM GAS  D:\Temp\ccoLwAsW.s 			page 7


 216:Drivers/STM32F0xx_HAL_Driver/Src/stm32f0xx_hal.c ****             the HAL_MspDeInit could be implemented in the user file
 217:Drivers/STM32F0xx_HAL_Driver/Src/stm32f0xx_hal.c ****    */
 218:Drivers/STM32F0xx_HAL_Driver/Src/stm32f0xx_hal.c **** }
 219:Drivers/STM32F0xx_HAL_Driver/Src/stm32f0xx_hal.c **** 
 220:Drivers/STM32F0xx_HAL_Driver/Src/stm32f0xx_hal.c **** /**
 221:Drivers/STM32F0xx_HAL_Driver/Src/stm32f0xx_hal.c ****   * @brief This function configures the source of the time base. 
 222:Drivers/STM32F0xx_HAL_Driver/Src/stm32f0xx_hal.c ****   *        The time source is configured  to have 1ms time base with a dedicated 
 223:Drivers/STM32F0xx_HAL_Driver/Src/stm32f0xx_hal.c ****   *        Tick interrupt priority.
 224:Drivers/STM32F0xx_HAL_Driver/Src/stm32f0xx_hal.c ****   * @note This function is called  automatically at the beginning of program after
 225:Drivers/STM32F0xx_HAL_Driver/Src/stm32f0xx_hal.c ****   *       reset by HAL_Init() or at any time when clock is reconfigured  by HAL_RCC_ClockConfig(). 
 226:Drivers/STM32F0xx_HAL_Driver/Src/stm32f0xx_hal.c ****   * @note In the default implementation, SysTick timer is the source of time base. 
 227:Drivers/STM32F0xx_HAL_Driver/Src/stm32f0xx_hal.c ****   *       It is used to generate interrupts at regular time intervals. 
 228:Drivers/STM32F0xx_HAL_Driver/Src/stm32f0xx_hal.c ****   *       Care must be taken if HAL_Delay() is called from a peripheral ISR process, 
 229:Drivers/STM32F0xx_HAL_Driver/Src/stm32f0xx_hal.c ****   *       The the SysTick interrupt must have higher priority (numerically lower) 
 230:Drivers/STM32F0xx_HAL_Driver/Src/stm32f0xx_hal.c ****   *       than the peripheral interrupt. Otherwise the caller ISR process will be blocked.
 231:Drivers/STM32F0xx_HAL_Driver/Src/stm32f0xx_hal.c ****   *       The function is declared as __Weak  to be overwritten  in case of other
 232:Drivers/STM32F0xx_HAL_Driver/Src/stm32f0xx_hal.c ****   *       implementation  in user file.
 233:Drivers/STM32F0xx_HAL_Driver/Src/stm32f0xx_hal.c ****   * @param TickPriority Tick interrupt priority.
 234:Drivers/STM32F0xx_HAL_Driver/Src/stm32f0xx_hal.c ****   * @retval HAL status
 235:Drivers/STM32F0xx_HAL_Driver/Src/stm32f0xx_hal.c ****   */
 236:Drivers/STM32F0xx_HAL_Driver/Src/stm32f0xx_hal.c **** __weak HAL_StatusTypeDef HAL_InitTick(uint32_t TickPriority)
 237:Drivers/STM32F0xx_HAL_Driver/Src/stm32f0xx_hal.c **** {
 121              		.loc 1 237 1 is_stmt 1 view -0
 122              		.cfi_startproc
 123              		@ args = 0, pretend = 0, frame = 0
 124              		@ frame_needed = 0, uses_anonymous_args = 0
 238:Drivers/STM32F0xx_HAL_Driver/Src/stm32f0xx_hal.c ****   /*Configure the SysTick to have interrupt in 1ms time basis*/
 239:Drivers/STM32F0xx_HAL_Driver/Src/stm32f0xx_hal.c ****   HAL_SYSTICK_Config(HAL_RCC_GetHCLKFreq()/1000U);
 125              		.loc 1 239 3 view .LVU18
 237:Drivers/STM32F0xx_HAL_Driver/Src/stm32f0xx_hal.c ****   /*Configure the SysTick to have interrupt in 1ms time basis*/
 126              		.loc 1 237 1 is_stmt 0 view .LVU19
 127 0000 10B5     		push	{r4, lr}
 128              	.LCFI1:
 129              		.cfi_def_cfa_offset 8
 130              		.cfi_offset 4, -8
 131              		.cfi_offset 14, -4
 237:Drivers/STM32F0xx_HAL_Driver/Src/stm32f0xx_hal.c ****   /*Configure the SysTick to have interrupt in 1ms time basis*/
 132              		.loc 1 237 1 view .LVU20
 133 0002 0400     		movs	r4, r0
 240:Drivers/STM32F0xx_HAL_Driver/Src/stm32f0xx_hal.c **** 
 241:Drivers/STM32F0xx_HAL_Driver/Src/stm32f0xx_hal.c ****   /*Configure the SysTick IRQ priority */
 242:Drivers/STM32F0xx_HAL_Driver/Src/stm32f0xx_hal.c ****   HAL_NVIC_SetPriority(SysTick_IRQn, TickPriority ,0U);
 243:Drivers/STM32F0xx_HAL_Driver/Src/stm32f0xx_hal.c **** 
 244:Drivers/STM32F0xx_HAL_Driver/Src/stm32f0xx_hal.c ****    /* Return function status */
 245:Drivers/STM32F0xx_HAL_Driver/Src/stm32f0xx_hal.c ****   return HAL_OK;
 246:Drivers/STM32F0xx_HAL_Driver/Src/stm32f0xx_hal.c **** }
 134              		.loc 1 246 1 view .LVU21
 135              		@ sp needed
 239:Drivers/STM32F0xx_HAL_Driver/Src/stm32f0xx_hal.c **** 
 136              		.loc 1 239 22 view .LVU22
 137 0004 FFF7FEFF 		bl	HAL_RCC_GetHCLKFreq
 138              	.LVL2:
 239:Drivers/STM32F0xx_HAL_Driver/Src/stm32f0xx_hal.c **** 
 139              		.loc 1 239 3 discriminator 1 view .LVU23
 140 0008 FA21     		movs	r1, #250
 141 000a 8900     		lsls	r1, r1, #2
 142 000c FFF7FEFF 		bl	__aeabi_uidiv
ARM GAS  D:\Temp\ccoLwAsW.s 			page 8


 143              	.LVL3:
 144 0010 FFF7FEFF 		bl	HAL_SYSTICK_Config
 145              	.LVL4:
 242:Drivers/STM32F0xx_HAL_Driver/Src/stm32f0xx_hal.c **** 
 146              		.loc 1 242 3 is_stmt 1 view .LVU24
 147 0014 0120     		movs	r0, #1
 148 0016 0022     		movs	r2, #0
 149 0018 2100     		movs	r1, r4
 150 001a 4042     		rsbs	r0, r0, #0
 151 001c FFF7FEFF 		bl	HAL_NVIC_SetPriority
 152              	.LVL5:
 245:Drivers/STM32F0xx_HAL_Driver/Src/stm32f0xx_hal.c **** }
 153              		.loc 1 245 3 view .LVU25
 154              		.loc 1 246 1 is_stmt 0 view .LVU26
 155 0020 0020     		movs	r0, #0
 156              	.LVL6:
 157              		.loc 1 246 1 view .LVU27
 158 0022 10BD     		pop	{r4, pc}
 159              		.cfi_endproc
 160              	.LFE41:
 162              		.section	.text.HAL_Init,"ax",%progbits
 163              		.align	1
 164              		.global	HAL_Init
 165              		.syntax unified
 166              		.code	16
 167              		.thumb_func
 169              	HAL_Init:
 170              	.LFB37:
 156:Drivers/STM32F0xx_HAL_Driver/Src/stm32f0xx_hal.c ****   /* Configure Flash prefetch */ 
 171              		.loc 1 156 1 is_stmt 1 view -0
 172              		.cfi_startproc
 173              		@ args = 0, pretend = 0, frame = 0
 174              		@ frame_needed = 0, uses_anonymous_args = 0
 159:Drivers/STM32F0xx_HAL_Driver/Src/stm32f0xx_hal.c **** #endif /* PREFETCH_ENABLE */
 175              		.loc 1 159 3 view .LVU29
 176 0000 1023     		movs	r3, #16
 177 0002 064A     		ldr	r2, .L8
 156:Drivers/STM32F0xx_HAL_Driver/Src/stm32f0xx_hal.c ****   /* Configure Flash prefetch */ 
 178              		.loc 1 156 1 is_stmt 0 view .LVU30
 179 0004 10B5     		push	{r4, lr}
 180              	.LCFI2:
 181              		.cfi_def_cfa_offset 8
 182              		.cfi_offset 4, -8
 183              		.cfi_offset 14, -4
 159:Drivers/STM32F0xx_HAL_Driver/Src/stm32f0xx_hal.c **** #endif /* PREFETCH_ENABLE */
 184              		.loc 1 159 3 view .LVU31
 185 0006 1168     		ldr	r1, [r2]
 164:Drivers/STM32F0xx_HAL_Driver/Src/stm32f0xx_hal.c **** 
 186              		.loc 1 164 3 view .LVU32
 187 0008 0020     		movs	r0, #0
 171:Drivers/STM32F0xx_HAL_Driver/Src/stm32f0xx_hal.c **** 
 188              		.loc 1 171 1 view .LVU33
 189              		@ sp needed
 159:Drivers/STM32F0xx_HAL_Driver/Src/stm32f0xx_hal.c **** #endif /* PREFETCH_ENABLE */
 190              		.loc 1 159 3 view .LVU34
 191 000a 0B43     		orrs	r3, r1
 192 000c 1360     		str	r3, [r2]
ARM GAS  D:\Temp\ccoLwAsW.s 			page 9


 164:Drivers/STM32F0xx_HAL_Driver/Src/stm32f0xx_hal.c **** 
 193              		.loc 1 164 3 is_stmt 1 view .LVU35
 194 000e FFF7FEFF 		bl	HAL_InitTick
 195              	.LVL7:
 167:Drivers/STM32F0xx_HAL_Driver/Src/stm32f0xx_hal.c **** 
 196              		.loc 1 167 3 view .LVU36
 197 0012 FFF7FEFF 		bl	HAL_MspInit
 198              	.LVL8:
 170:Drivers/STM32F0xx_HAL_Driver/Src/stm32f0xx_hal.c **** }
 199              		.loc 1 170 3 view .LVU37
 171:Drivers/STM32F0xx_HAL_Driver/Src/stm32f0xx_hal.c **** 
 200              		.loc 1 171 1 is_stmt 0 view .LVU38
 201 0016 0020     		movs	r0, #0
 202 0018 10BD     		pop	{r4, pc}
 203              	.L9:
 204 001a C046     		.align	2
 205              	.L8:
 206 001c 00200240 		.word	1073881088
 207              		.cfi_endproc
 208              	.LFE37:
 210              		.section	.text.HAL_IncTick,"ax",%progbits
 211              		.align	1
 212              		.weak	HAL_IncTick
 213              		.syntax unified
 214              		.code	16
 215              		.thumb_func
 217              	HAL_IncTick:
 218              	.LFB42:
 247:Drivers/STM32F0xx_HAL_Driver/Src/stm32f0xx_hal.c **** 
 248:Drivers/STM32F0xx_HAL_Driver/Src/stm32f0xx_hal.c **** /**
 249:Drivers/STM32F0xx_HAL_Driver/Src/stm32f0xx_hal.c ****   * @}
 250:Drivers/STM32F0xx_HAL_Driver/Src/stm32f0xx_hal.c ****   */
 251:Drivers/STM32F0xx_HAL_Driver/Src/stm32f0xx_hal.c **** 
 252:Drivers/STM32F0xx_HAL_Driver/Src/stm32f0xx_hal.c **** /** @defgroup HAL_Exported_Functions_Group2 HAL Control functions 
 253:Drivers/STM32F0xx_HAL_Driver/Src/stm32f0xx_hal.c ****   * @brief    HAL Control functions
 254:Drivers/STM32F0xx_HAL_Driver/Src/stm32f0xx_hal.c ****   *
 255:Drivers/STM32F0xx_HAL_Driver/Src/stm32f0xx_hal.c **** @verbatim
 256:Drivers/STM32F0xx_HAL_Driver/Src/stm32f0xx_hal.c ****  ===============================================================================
 257:Drivers/STM32F0xx_HAL_Driver/Src/stm32f0xx_hal.c ****                       ##### HAL Control functions #####
 258:Drivers/STM32F0xx_HAL_Driver/Src/stm32f0xx_hal.c ****  ===============================================================================
 259:Drivers/STM32F0xx_HAL_Driver/Src/stm32f0xx_hal.c ****     [..]  This section provides functions allowing to:
 260:Drivers/STM32F0xx_HAL_Driver/Src/stm32f0xx_hal.c ****       (+) Provide a tick value in millisecond
 261:Drivers/STM32F0xx_HAL_Driver/Src/stm32f0xx_hal.c ****       (+) Provide a blocking delay in millisecond
 262:Drivers/STM32F0xx_HAL_Driver/Src/stm32f0xx_hal.c ****       (+) Suspend the time base source interrupt
 263:Drivers/STM32F0xx_HAL_Driver/Src/stm32f0xx_hal.c ****       (+) Resume the time base source interrupt
 264:Drivers/STM32F0xx_HAL_Driver/Src/stm32f0xx_hal.c ****       (+) Get the HAL API driver version
 265:Drivers/STM32F0xx_HAL_Driver/Src/stm32f0xx_hal.c ****       (+) Get the device identifier
 266:Drivers/STM32F0xx_HAL_Driver/Src/stm32f0xx_hal.c ****       (+) Get the device revision identifier
 267:Drivers/STM32F0xx_HAL_Driver/Src/stm32f0xx_hal.c ****       (+) Enable/Disable Debug module during Sleep mode
 268:Drivers/STM32F0xx_HAL_Driver/Src/stm32f0xx_hal.c ****       (+) Enable/Disable Debug module during STOP mode
 269:Drivers/STM32F0xx_HAL_Driver/Src/stm32f0xx_hal.c ****       (+) Enable/Disable Debug module during STANDBY mode
 270:Drivers/STM32F0xx_HAL_Driver/Src/stm32f0xx_hal.c ****       
 271:Drivers/STM32F0xx_HAL_Driver/Src/stm32f0xx_hal.c **** @endverbatim
 272:Drivers/STM32F0xx_HAL_Driver/Src/stm32f0xx_hal.c ****   * @{
 273:Drivers/STM32F0xx_HAL_Driver/Src/stm32f0xx_hal.c ****   */
 274:Drivers/STM32F0xx_HAL_Driver/Src/stm32f0xx_hal.c **** 
 275:Drivers/STM32F0xx_HAL_Driver/Src/stm32f0xx_hal.c **** /**
ARM GAS  D:\Temp\ccoLwAsW.s 			page 10


 276:Drivers/STM32F0xx_HAL_Driver/Src/stm32f0xx_hal.c ****   * @brief This function is called to increment  a global variable "uwTick"
 277:Drivers/STM32F0xx_HAL_Driver/Src/stm32f0xx_hal.c ****   *        used as application time base.
 278:Drivers/STM32F0xx_HAL_Driver/Src/stm32f0xx_hal.c ****   * @note In the default implementation, this variable is incremented each 1ms
 279:Drivers/STM32F0xx_HAL_Driver/Src/stm32f0xx_hal.c ****   *       in Systick ISR.
 280:Drivers/STM32F0xx_HAL_Driver/Src/stm32f0xx_hal.c ****   * @note This function is declared as __weak to be overwritten in case of other 
 281:Drivers/STM32F0xx_HAL_Driver/Src/stm32f0xx_hal.c ****   *       implementations in user file.
 282:Drivers/STM32F0xx_HAL_Driver/Src/stm32f0xx_hal.c ****   * @retval None
 283:Drivers/STM32F0xx_HAL_Driver/Src/stm32f0xx_hal.c ****   */
 284:Drivers/STM32F0xx_HAL_Driver/Src/stm32f0xx_hal.c **** __weak void HAL_IncTick(void)
 285:Drivers/STM32F0xx_HAL_Driver/Src/stm32f0xx_hal.c **** {
 219              		.loc 1 285 1 is_stmt 1 view -0
 220              		.cfi_startproc
 221              		@ args = 0, pretend = 0, frame = 0
 222              		@ frame_needed = 0, uses_anonymous_args = 0
 223              		@ link register save eliminated.
 286:Drivers/STM32F0xx_HAL_Driver/Src/stm32f0xx_hal.c ****   uwTick++;
 224              		.loc 1 286 3 view .LVU40
 225              		.loc 1 286 9 is_stmt 0 view .LVU41
 226 0000 024A     		ldr	r2, .L11
 287:Drivers/STM32F0xx_HAL_Driver/Src/stm32f0xx_hal.c **** }
 227              		.loc 1 287 1 view .LVU42
 228              		@ sp needed
 286:Drivers/STM32F0xx_HAL_Driver/Src/stm32f0xx_hal.c ****   uwTick++;
 229              		.loc 1 286 9 view .LVU43
 230 0002 1368     		ldr	r3, [r2]
 231 0004 0133     		adds	r3, r3, #1
 232 0006 1360     		str	r3, [r2]
 233              		.loc 1 287 1 view .LVU44
 234 0008 7047     		bx	lr
 235              	.L12:
 236 000a C046     		.align	2
 237              	.L11:
 238 000c 00000000 		.word	uwTick
 239              		.cfi_endproc
 240              	.LFE42:
 242              		.section	.text.HAL_GetTick,"ax",%progbits
 243              		.align	1
 244              		.weak	HAL_GetTick
 245              		.syntax unified
 246              		.code	16
 247              		.thumb_func
 249              	HAL_GetTick:
 250              	.LFB43:
 288:Drivers/STM32F0xx_HAL_Driver/Src/stm32f0xx_hal.c **** 
 289:Drivers/STM32F0xx_HAL_Driver/Src/stm32f0xx_hal.c **** /**
 290:Drivers/STM32F0xx_HAL_Driver/Src/stm32f0xx_hal.c ****   * @brief  Provides a tick value in millisecond.
 291:Drivers/STM32F0xx_HAL_Driver/Src/stm32f0xx_hal.c ****   * @note   This function is declared as __weak  to be overwritten  in case of other 
 292:Drivers/STM32F0xx_HAL_Driver/Src/stm32f0xx_hal.c ****   *       implementations in user file.
 293:Drivers/STM32F0xx_HAL_Driver/Src/stm32f0xx_hal.c ****   * @retval tick value
 294:Drivers/STM32F0xx_HAL_Driver/Src/stm32f0xx_hal.c ****   */
 295:Drivers/STM32F0xx_HAL_Driver/Src/stm32f0xx_hal.c **** __weak uint32_t HAL_GetTick(void)
 296:Drivers/STM32F0xx_HAL_Driver/Src/stm32f0xx_hal.c **** {
 251              		.loc 1 296 1 is_stmt 1 view -0
 252              		.cfi_startproc
 253              		@ args = 0, pretend = 0, frame = 0
 254              		@ frame_needed = 0, uses_anonymous_args = 0
 255              		@ link register save eliminated.
ARM GAS  D:\Temp\ccoLwAsW.s 			page 11


 297:Drivers/STM32F0xx_HAL_Driver/Src/stm32f0xx_hal.c ****   return uwTick;
 256              		.loc 1 297 3 view .LVU46
 257              		.loc 1 297 10 is_stmt 0 view .LVU47
 258 0000 014B     		ldr	r3, .L14
 298:Drivers/STM32F0xx_HAL_Driver/Src/stm32f0xx_hal.c **** }
 259              		.loc 1 298 1 view .LVU48
 260              		@ sp needed
 297:Drivers/STM32F0xx_HAL_Driver/Src/stm32f0xx_hal.c ****   return uwTick;
 261              		.loc 1 297 10 view .LVU49
 262 0002 1868     		ldr	r0, [r3]
 263              		.loc 1 298 1 view .LVU50
 264 0004 7047     		bx	lr
 265              	.L15:
 266 0006 C046     		.align	2
 267              	.L14:
 268 0008 00000000 		.word	uwTick
 269              		.cfi_endproc
 270              	.LFE43:
 272              		.section	.text.HAL_Delay,"ax",%progbits
 273              		.align	1
 274              		.weak	HAL_Delay
 275              		.syntax unified
 276              		.code	16
 277              		.thumb_func
 279              	HAL_Delay:
 280              	.LVL9:
 281              	.LFB44:
 299:Drivers/STM32F0xx_HAL_Driver/Src/stm32f0xx_hal.c **** 
 300:Drivers/STM32F0xx_HAL_Driver/Src/stm32f0xx_hal.c **** /**
 301:Drivers/STM32F0xx_HAL_Driver/Src/stm32f0xx_hal.c ****   * @brief This function provides accurate delay (in milliseconds) based 
 302:Drivers/STM32F0xx_HAL_Driver/Src/stm32f0xx_hal.c ****   *        on variable incremented.
 303:Drivers/STM32F0xx_HAL_Driver/Src/stm32f0xx_hal.c ****   * @note In the default implementation , SysTick timer is the source of time base.
 304:Drivers/STM32F0xx_HAL_Driver/Src/stm32f0xx_hal.c ****   *       It is used to generate interrupts at regular time intervals where uwTick
 305:Drivers/STM32F0xx_HAL_Driver/Src/stm32f0xx_hal.c ****   *       is incremented.
 306:Drivers/STM32F0xx_HAL_Driver/Src/stm32f0xx_hal.c ****   * @note ThiS function is declared as __weak to be overwritten in case of other
 307:Drivers/STM32F0xx_HAL_Driver/Src/stm32f0xx_hal.c ****   *       implementations in user file.
 308:Drivers/STM32F0xx_HAL_Driver/Src/stm32f0xx_hal.c ****   * @param Delay specifies the delay time length, in milliseconds.
 309:Drivers/STM32F0xx_HAL_Driver/Src/stm32f0xx_hal.c ****   * @retval None
 310:Drivers/STM32F0xx_HAL_Driver/Src/stm32f0xx_hal.c ****   */
 311:Drivers/STM32F0xx_HAL_Driver/Src/stm32f0xx_hal.c **** __weak void HAL_Delay(__IO uint32_t Delay)
 312:Drivers/STM32F0xx_HAL_Driver/Src/stm32f0xx_hal.c **** {
 282              		.loc 1 312 1 is_stmt 1 view -0
 283              		.cfi_startproc
 284              		@ args = 0, pretend = 0, frame = 8
 285              		@ frame_needed = 0, uses_anonymous_args = 0
 313:Drivers/STM32F0xx_HAL_Driver/Src/stm32f0xx_hal.c ****   uint32_t tickstart = HAL_GetTick();
 286              		.loc 1 313 3 view .LVU52
 312:Drivers/STM32F0xx_HAL_Driver/Src/stm32f0xx_hal.c ****   uint32_t tickstart = HAL_GetTick();
 287              		.loc 1 312 1 is_stmt 0 view .LVU53
 288 0000 37B5     		push	{r0, r1, r2, r4, r5, lr}
 289              	.LCFI3:
 290              		.cfi_def_cfa_offset 24
 291              		.cfi_offset 0, -24
 292              		.cfi_offset 1, -20
 293              		.cfi_offset 2, -16
 294              		.cfi_offset 4, -12
 295              		.cfi_offset 5, -8
ARM GAS  D:\Temp\ccoLwAsW.s 			page 12


 296              		.cfi_offset 14, -4
 312:Drivers/STM32F0xx_HAL_Driver/Src/stm32f0xx_hal.c ****   uint32_t tickstart = HAL_GetTick();
 297              		.loc 1 312 1 view .LVU54
 298 0002 0190     		str	r0, [sp, #4]
 299              		.loc 1 313 24 view .LVU55
 300 0004 FFF7FEFF 		bl	HAL_GetTick
 301              	.LVL10:
 314:Drivers/STM32F0xx_HAL_Driver/Src/stm32f0xx_hal.c ****   uint32_t wait = Delay;
 302              		.loc 1 314 12 view .LVU56
 303 0008 019C     		ldr	r4, [sp, #4]
 313:Drivers/STM32F0xx_HAL_Driver/Src/stm32f0xx_hal.c ****   uint32_t tickstart = HAL_GetTick();
 304              		.loc 1 313 24 view .LVU57
 305 000a 0500     		movs	r5, r0
 306              	.LVL11:
 307              		.loc 1 314 3 is_stmt 1 view .LVU58
 315:Drivers/STM32F0xx_HAL_Driver/Src/stm32f0xx_hal.c ****   
 316:Drivers/STM32F0xx_HAL_Driver/Src/stm32f0xx_hal.c ****   /* Add a period to guarantee minimum wait */
 317:Drivers/STM32F0xx_HAL_Driver/Src/stm32f0xx_hal.c ****   if (wait < HAL_MAX_DELAY)
 308              		.loc 1 317 3 view .LVU59
 318:Drivers/STM32F0xx_HAL_Driver/Src/stm32f0xx_hal.c ****   {
 319:Drivers/STM32F0xx_HAL_Driver/Src/stm32f0xx_hal.c ****      wait++;
 309              		.loc 1 319 10 is_stmt 0 view .LVU60
 310 000c 631C     		adds	r3, r4, #1
 311 000e 5A1E     		subs	r2, r3, #1
 312 0010 9341     		sbcs	r3, r3, r2
 313 0012 E418     		adds	r4, r4, r3
 314              	.LVL12:
 315              	.L18:
 320:Drivers/STM32F0xx_HAL_Driver/Src/stm32f0xx_hal.c ****   }
 321:Drivers/STM32F0xx_HAL_Driver/Src/stm32f0xx_hal.c ****   
 322:Drivers/STM32F0xx_HAL_Driver/Src/stm32f0xx_hal.c ****   while((HAL_GetTick() - tickstart) < wait)
 323:Drivers/STM32F0xx_HAL_Driver/Src/stm32f0xx_hal.c ****   {
 324:Drivers/STM32F0xx_HAL_Driver/Src/stm32f0xx_hal.c ****   }
 316              		.loc 1 324 3 is_stmt 1 view .LVU61
 322:Drivers/STM32F0xx_HAL_Driver/Src/stm32f0xx_hal.c ****   {
 317              		.loc 1 322 37 discriminator 1 view .LVU62
 322:Drivers/STM32F0xx_HAL_Driver/Src/stm32f0xx_hal.c ****   {
 318              		.loc 1 322 10 is_stmt 0 discriminator 1 view .LVU63
 319 0014 FFF7FEFF 		bl	HAL_GetTick
 320              	.LVL13:
 322:Drivers/STM32F0xx_HAL_Driver/Src/stm32f0xx_hal.c ****   {
 321              		.loc 1 322 24 discriminator 1 view .LVU64
 322 0018 401B     		subs	r0, r0, r5
 322:Drivers/STM32F0xx_HAL_Driver/Src/stm32f0xx_hal.c ****   {
 323              		.loc 1 322 37 discriminator 1 view .LVU65
 324 001a A042     		cmp	r0, r4
 325 001c FAD3     		bcc	.L18
 325:Drivers/STM32F0xx_HAL_Driver/Src/stm32f0xx_hal.c **** }
 326              		.loc 1 325 1 view .LVU66
 327              		@ sp needed
 328              	.LVL14:
 329              	.LVL15:
 330              		.loc 1 325 1 view .LVU67
 331 001e 37BD     		pop	{r0, r1, r2, r4, r5, pc}
 332              		.cfi_endproc
 333              	.LFE44:
 335              		.section	.text.HAL_SuspendTick,"ax",%progbits
ARM GAS  D:\Temp\ccoLwAsW.s 			page 13


 336              		.align	1
 337              		.weak	HAL_SuspendTick
 338              		.syntax unified
 339              		.code	16
 340              		.thumb_func
 342              	HAL_SuspendTick:
 343              	.LFB45:
 326:Drivers/STM32F0xx_HAL_Driver/Src/stm32f0xx_hal.c **** 
 327:Drivers/STM32F0xx_HAL_Driver/Src/stm32f0xx_hal.c **** /**
 328:Drivers/STM32F0xx_HAL_Driver/Src/stm32f0xx_hal.c ****   * @brief Suspend Tick increment.
 329:Drivers/STM32F0xx_HAL_Driver/Src/stm32f0xx_hal.c ****   * @note In the default implementation , SysTick timer is the source of time base. It is
 330:Drivers/STM32F0xx_HAL_Driver/Src/stm32f0xx_hal.c ****   *       used to generate interrupts at regular time intervals. Once HAL_SuspendTick()
 331:Drivers/STM32F0xx_HAL_Driver/Src/stm32f0xx_hal.c ****   *       is called, the the SysTick interrupt will be disabled and so Tick increment 
 332:Drivers/STM32F0xx_HAL_Driver/Src/stm32f0xx_hal.c ****   *       is suspended.
 333:Drivers/STM32F0xx_HAL_Driver/Src/stm32f0xx_hal.c ****   * @note This function is declared as __weak to be overwritten in case of other
 334:Drivers/STM32F0xx_HAL_Driver/Src/stm32f0xx_hal.c ****   *       implementations in user file.
 335:Drivers/STM32F0xx_HAL_Driver/Src/stm32f0xx_hal.c ****   * @retval None
 336:Drivers/STM32F0xx_HAL_Driver/Src/stm32f0xx_hal.c ****   */
 337:Drivers/STM32F0xx_HAL_Driver/Src/stm32f0xx_hal.c **** __weak void HAL_SuspendTick(void)
 338:Drivers/STM32F0xx_HAL_Driver/Src/stm32f0xx_hal.c **** 
 339:Drivers/STM32F0xx_HAL_Driver/Src/stm32f0xx_hal.c **** {
 344              		.loc 1 339 1 is_stmt 1 view -0
 345              		.cfi_startproc
 346              		@ args = 0, pretend = 0, frame = 0
 347              		@ frame_needed = 0, uses_anonymous_args = 0
 348              		@ link register save eliminated.
 340:Drivers/STM32F0xx_HAL_Driver/Src/stm32f0xx_hal.c ****   /* Disable SysTick Interrupt */
 341:Drivers/STM32F0xx_HAL_Driver/Src/stm32f0xx_hal.c ****   CLEAR_BIT(SysTick->CTRL,SysTick_CTRL_TICKINT_Msk);
 349              		.loc 1 341 3 view .LVU69
 350 0000 0221     		movs	r1, #2
 342:Drivers/STM32F0xx_HAL_Driver/Src/stm32f0xx_hal.c **** }
 351              		.loc 1 342 1 is_stmt 0 view .LVU70
 352              		@ sp needed
 341:Drivers/STM32F0xx_HAL_Driver/Src/stm32f0xx_hal.c **** }
 353              		.loc 1 341 3 view .LVU71
 354 0002 024A     		ldr	r2, .L23
 355 0004 1368     		ldr	r3, [r2]
 356 0006 8B43     		bics	r3, r1
 357 0008 1360     		str	r3, [r2]
 358              		.loc 1 342 1 view .LVU72
 359 000a 7047     		bx	lr
 360              	.L24:
 361              		.align	2
 362              	.L23:
 363 000c 10E000E0 		.word	-536813552
 364              		.cfi_endproc
 365              	.LFE45:
 367              		.section	.text.HAL_ResumeTick,"ax",%progbits
 368              		.align	1
 369              		.weak	HAL_ResumeTick
 370              		.syntax unified
 371              		.code	16
 372              		.thumb_func
 374              	HAL_ResumeTick:
 375              	.LFB46:
 343:Drivers/STM32F0xx_HAL_Driver/Src/stm32f0xx_hal.c **** 
 344:Drivers/STM32F0xx_HAL_Driver/Src/stm32f0xx_hal.c **** /**
ARM GAS  D:\Temp\ccoLwAsW.s 			page 14


 345:Drivers/STM32F0xx_HAL_Driver/Src/stm32f0xx_hal.c ****   * @brief Resume Tick increment.
 346:Drivers/STM32F0xx_HAL_Driver/Src/stm32f0xx_hal.c ****   * @note In the default implementation , SysTick timer is the source of time base. It is
 347:Drivers/STM32F0xx_HAL_Driver/Src/stm32f0xx_hal.c ****   *       used to generate interrupts at regular time intervals. Once HAL_ResumeTick()
 348:Drivers/STM32F0xx_HAL_Driver/Src/stm32f0xx_hal.c ****   *       is called, the the SysTick interrupt will be enabled and so Tick increment 
 349:Drivers/STM32F0xx_HAL_Driver/Src/stm32f0xx_hal.c ****   *       is resumed.
 350:Drivers/STM32F0xx_HAL_Driver/Src/stm32f0xx_hal.c ****   * @note This function is declared as __weak  to be overwritten  in case of other
 351:Drivers/STM32F0xx_HAL_Driver/Src/stm32f0xx_hal.c ****   *       implementations in user file.
 352:Drivers/STM32F0xx_HAL_Driver/Src/stm32f0xx_hal.c ****   * @retval None
 353:Drivers/STM32F0xx_HAL_Driver/Src/stm32f0xx_hal.c ****   */
 354:Drivers/STM32F0xx_HAL_Driver/Src/stm32f0xx_hal.c **** __weak void HAL_ResumeTick(void)
 355:Drivers/STM32F0xx_HAL_Driver/Src/stm32f0xx_hal.c **** {
 376              		.loc 1 355 1 is_stmt 1 view -0
 377              		.cfi_startproc
 378              		@ args = 0, pretend = 0, frame = 0
 379              		@ frame_needed = 0, uses_anonymous_args = 0
 380              		@ link register save eliminated.
 356:Drivers/STM32F0xx_HAL_Driver/Src/stm32f0xx_hal.c ****   /* Enable SysTick Interrupt */
 357:Drivers/STM32F0xx_HAL_Driver/Src/stm32f0xx_hal.c ****   SET_BIT(SysTick->CTRL,SysTick_CTRL_TICKINT_Msk);
 381              		.loc 1 357 3 view .LVU74
 382 0000 0223     		movs	r3, #2
 358:Drivers/STM32F0xx_HAL_Driver/Src/stm32f0xx_hal.c **** }
 383              		.loc 1 358 1 is_stmt 0 view .LVU75
 384              		@ sp needed
 357:Drivers/STM32F0xx_HAL_Driver/Src/stm32f0xx_hal.c **** }
 385              		.loc 1 357 3 view .LVU76
 386 0002 024A     		ldr	r2, .L26
 387 0004 1168     		ldr	r1, [r2]
 388 0006 0B43     		orrs	r3, r1
 389 0008 1360     		str	r3, [r2]
 390              		.loc 1 358 1 view .LVU77
 391 000a 7047     		bx	lr
 392              	.L27:
 393              		.align	2
 394              	.L26:
 395 000c 10E000E0 		.word	-536813552
 396              		.cfi_endproc
 397              	.LFE46:
 399              		.section	.text.HAL_GetHalVersion,"ax",%progbits
 400              		.align	1
 401              		.global	HAL_GetHalVersion
 402              		.syntax unified
 403              		.code	16
 404              		.thumb_func
 406              	HAL_GetHalVersion:
 407              	.LFB47:
 359:Drivers/STM32F0xx_HAL_Driver/Src/stm32f0xx_hal.c **** 
 360:Drivers/STM32F0xx_HAL_Driver/Src/stm32f0xx_hal.c **** /**
 361:Drivers/STM32F0xx_HAL_Driver/Src/stm32f0xx_hal.c ****   * @brief  This method returns the HAL revision
 362:Drivers/STM32F0xx_HAL_Driver/Src/stm32f0xx_hal.c ****   * @retval version : 0xXYZR (8bits for each decimal, R for RC)
 363:Drivers/STM32F0xx_HAL_Driver/Src/stm32f0xx_hal.c ****   */
 364:Drivers/STM32F0xx_HAL_Driver/Src/stm32f0xx_hal.c **** uint32_t HAL_GetHalVersion(void)
 365:Drivers/STM32F0xx_HAL_Driver/Src/stm32f0xx_hal.c **** {
 408              		.loc 1 365 1 is_stmt 1 view -0
 409              		.cfi_startproc
 410              		@ args = 0, pretend = 0, frame = 0
 411              		@ frame_needed = 0, uses_anonymous_args = 0
 412              		@ link register save eliminated.
ARM GAS  D:\Temp\ccoLwAsW.s 			page 15


 366:Drivers/STM32F0xx_HAL_Driver/Src/stm32f0xx_hal.c ****  return __STM32F0xx_HAL_VERSION;
 413              		.loc 1 366 2 view .LVU79
 367:Drivers/STM32F0xx_HAL_Driver/Src/stm32f0xx_hal.c **** }
 414              		.loc 1 367 1 is_stmt 0 view .LVU80
 415 0000 0048     		ldr	r0, .L29
 416              		@ sp needed
 417 0002 7047     		bx	lr
 418              	.L30:
 419              		.align	2
 420              	.L29:
 421 0004 00020701 		.word	17236480
 422              		.cfi_endproc
 423              	.LFE47:
 425              		.section	.text.HAL_GetREVID,"ax",%progbits
 426              		.align	1
 427              		.global	HAL_GetREVID
 428              		.syntax unified
 429              		.code	16
 430              		.thumb_func
 432              	HAL_GetREVID:
 433              	.LFB48:
 368:Drivers/STM32F0xx_HAL_Driver/Src/stm32f0xx_hal.c **** 
 369:Drivers/STM32F0xx_HAL_Driver/Src/stm32f0xx_hal.c **** /**
 370:Drivers/STM32F0xx_HAL_Driver/Src/stm32f0xx_hal.c ****   * @brief  Returns the device revision identifier.
 371:Drivers/STM32F0xx_HAL_Driver/Src/stm32f0xx_hal.c ****   * @retval Device revision identifier
 372:Drivers/STM32F0xx_HAL_Driver/Src/stm32f0xx_hal.c ****   */
 373:Drivers/STM32F0xx_HAL_Driver/Src/stm32f0xx_hal.c **** uint32_t HAL_GetREVID(void)
 374:Drivers/STM32F0xx_HAL_Driver/Src/stm32f0xx_hal.c **** {
 434              		.loc 1 374 1 is_stmt 1 view -0
 435              		.cfi_startproc
 436              		@ args = 0, pretend = 0, frame = 0
 437              		@ frame_needed = 0, uses_anonymous_args = 0
 438              		@ link register save eliminated.
 375:Drivers/STM32F0xx_HAL_Driver/Src/stm32f0xx_hal.c ****    return((DBGMCU->IDCODE) >> 16U);
 439              		.loc 1 375 4 view .LVU82
 440              		.loc 1 375 18 is_stmt 0 view .LVU83
 441 0000 014B     		ldr	r3, .L32
 376:Drivers/STM32F0xx_HAL_Driver/Src/stm32f0xx_hal.c **** }
 442              		.loc 1 376 1 view .LVU84
 443              		@ sp needed
 375:Drivers/STM32F0xx_HAL_Driver/Src/stm32f0xx_hal.c ****    return((DBGMCU->IDCODE) >> 16U);
 444              		.loc 1 375 18 view .LVU85
 445 0002 1868     		ldr	r0, [r3]
 375:Drivers/STM32F0xx_HAL_Driver/Src/stm32f0xx_hal.c ****    return((DBGMCU->IDCODE) >> 16U);
 446              		.loc 1 375 28 view .LVU86
 447 0004 000C     		lsrs	r0, r0, #16
 448              		.loc 1 376 1 view .LVU87
 449 0006 7047     		bx	lr
 450              	.L33:
 451              		.align	2
 452              	.L32:
 453 0008 00580140 		.word	1073829888
 454              		.cfi_endproc
 455              	.LFE48:
 457              		.section	.text.HAL_GetDEVID,"ax",%progbits
 458              		.align	1
 459              		.global	HAL_GetDEVID
ARM GAS  D:\Temp\ccoLwAsW.s 			page 16


 460              		.syntax unified
 461              		.code	16
 462              		.thumb_func
 464              	HAL_GetDEVID:
 465              	.LFB49:
 377:Drivers/STM32F0xx_HAL_Driver/Src/stm32f0xx_hal.c **** 
 378:Drivers/STM32F0xx_HAL_Driver/Src/stm32f0xx_hal.c **** /**
 379:Drivers/STM32F0xx_HAL_Driver/Src/stm32f0xx_hal.c ****   * @brief  Returns the device identifier.
 380:Drivers/STM32F0xx_HAL_Driver/Src/stm32f0xx_hal.c ****   * @retval Device identifier
 381:Drivers/STM32F0xx_HAL_Driver/Src/stm32f0xx_hal.c ****   */
 382:Drivers/STM32F0xx_HAL_Driver/Src/stm32f0xx_hal.c **** uint32_t HAL_GetDEVID(void)
 383:Drivers/STM32F0xx_HAL_Driver/Src/stm32f0xx_hal.c **** {
 466              		.loc 1 383 1 is_stmt 1 view -0
 467              		.cfi_startproc
 468              		@ args = 0, pretend = 0, frame = 0
 469              		@ frame_needed = 0, uses_anonymous_args = 0
 470              		@ link register save eliminated.
 384:Drivers/STM32F0xx_HAL_Driver/Src/stm32f0xx_hal.c ****    return((DBGMCU->IDCODE) & IDCODE_DEVID_MASK);
 471              		.loc 1 384 4 view .LVU89
 472              		.loc 1 384 18 is_stmt 0 view .LVU90
 473 0000 024B     		ldr	r3, .L35
 385:Drivers/STM32F0xx_HAL_Driver/Src/stm32f0xx_hal.c **** }
 474              		.loc 1 385 1 view .LVU91
 475              		@ sp needed
 384:Drivers/STM32F0xx_HAL_Driver/Src/stm32f0xx_hal.c ****    return((DBGMCU->IDCODE) & IDCODE_DEVID_MASK);
 476              		.loc 1 384 18 view .LVU92
 477 0002 1868     		ldr	r0, [r3]
 384:Drivers/STM32F0xx_HAL_Driver/Src/stm32f0xx_hal.c ****    return((DBGMCU->IDCODE) & IDCODE_DEVID_MASK);
 478              		.loc 1 384 28 view .LVU93
 479 0004 0005     		lsls	r0, r0, #20
 480 0006 000D     		lsrs	r0, r0, #20
 481              		.loc 1 385 1 view .LVU94
 482 0008 7047     		bx	lr
 483              	.L36:
 484 000a C046     		.align	2
 485              	.L35:
 486 000c 00580140 		.word	1073829888
 487              		.cfi_endproc
 488              	.LFE49:
 490              		.section	.text.HAL_GetUIDw0,"ax",%progbits
 491              		.align	1
 492              		.global	HAL_GetUIDw0
 493              		.syntax unified
 494              		.code	16
 495              		.thumb_func
 497              	HAL_GetUIDw0:
 498              	.LFB50:
 386:Drivers/STM32F0xx_HAL_Driver/Src/stm32f0xx_hal.c **** 
 387:Drivers/STM32F0xx_HAL_Driver/Src/stm32f0xx_hal.c **** /**
 388:Drivers/STM32F0xx_HAL_Driver/Src/stm32f0xx_hal.c ****   * @brief  Returns first word of the unique device identifier (UID based on 96 bits)
 389:Drivers/STM32F0xx_HAL_Driver/Src/stm32f0xx_hal.c ****   * @retval Device identifier
 390:Drivers/STM32F0xx_HAL_Driver/Src/stm32f0xx_hal.c ****   */
 391:Drivers/STM32F0xx_HAL_Driver/Src/stm32f0xx_hal.c **** uint32_t HAL_GetUIDw0(void)
 392:Drivers/STM32F0xx_HAL_Driver/Src/stm32f0xx_hal.c **** {
 499              		.loc 1 392 1 is_stmt 1 view -0
 500              		.cfi_startproc
 501              		@ args = 0, pretend = 0, frame = 0
ARM GAS  D:\Temp\ccoLwAsW.s 			page 17


 502              		@ frame_needed = 0, uses_anonymous_args = 0
 503              		@ link register save eliminated.
 393:Drivers/STM32F0xx_HAL_Driver/Src/stm32f0xx_hal.c ****    return(READ_REG(*((uint32_t *)UID_BASE)));
 504              		.loc 1 393 4 view .LVU96
 505              		.loc 1 393 11 is_stmt 0 view .LVU97
 506 0000 014B     		ldr	r3, .L38
 394:Drivers/STM32F0xx_HAL_Driver/Src/stm32f0xx_hal.c **** }
 507              		.loc 1 394 1 view .LVU98
 508              		@ sp needed
 393:Drivers/STM32F0xx_HAL_Driver/Src/stm32f0xx_hal.c ****    return(READ_REG(*((uint32_t *)UID_BASE)));
 509              		.loc 1 393 11 discriminator 1 view .LVU99
 510 0002 1868     		ldr	r0, [r3]
 511              		.loc 1 394 1 view .LVU100
 512 0004 7047     		bx	lr
 513              	.L39:
 514 0006 C046     		.align	2
 515              	.L38:
 516 0008 ACF7FF1F 		.word	536868780
 517              		.cfi_endproc
 518              	.LFE50:
 520              		.section	.text.HAL_GetUIDw1,"ax",%progbits
 521              		.align	1
 522              		.global	HAL_GetUIDw1
 523              		.syntax unified
 524              		.code	16
 525              		.thumb_func
 527              	HAL_GetUIDw1:
 528              	.LFB51:
 395:Drivers/STM32F0xx_HAL_Driver/Src/stm32f0xx_hal.c **** 
 396:Drivers/STM32F0xx_HAL_Driver/Src/stm32f0xx_hal.c **** /**
 397:Drivers/STM32F0xx_HAL_Driver/Src/stm32f0xx_hal.c ****   * @brief  Returns second word of the unique device identifier (UID based on 96 bits)
 398:Drivers/STM32F0xx_HAL_Driver/Src/stm32f0xx_hal.c ****   * @retval Device identifier
 399:Drivers/STM32F0xx_HAL_Driver/Src/stm32f0xx_hal.c ****   */
 400:Drivers/STM32F0xx_HAL_Driver/Src/stm32f0xx_hal.c **** uint32_t HAL_GetUIDw1(void)
 401:Drivers/STM32F0xx_HAL_Driver/Src/stm32f0xx_hal.c **** {
 529              		.loc 1 401 1 is_stmt 1 view -0
 530              		.cfi_startproc
 531              		@ args = 0, pretend = 0, frame = 0
 532              		@ frame_needed = 0, uses_anonymous_args = 0
 533              		@ link register save eliminated.
 402:Drivers/STM32F0xx_HAL_Driver/Src/stm32f0xx_hal.c ****    return(READ_REG(*((uint32_t *)(UID_BASE + 4U))));
 534              		.loc 1 402 4 view .LVU102
 535              		.loc 1 402 11 is_stmt 0 view .LVU103
 536 0000 014B     		ldr	r3, .L41
 403:Drivers/STM32F0xx_HAL_Driver/Src/stm32f0xx_hal.c **** }
 537              		.loc 1 403 1 view .LVU104
 538              		@ sp needed
 402:Drivers/STM32F0xx_HAL_Driver/Src/stm32f0xx_hal.c ****    return(READ_REG(*((uint32_t *)(UID_BASE + 4U))));
 539              		.loc 1 402 11 discriminator 1 view .LVU105
 540 0002 1868     		ldr	r0, [r3]
 541              		.loc 1 403 1 view .LVU106
 542 0004 7047     		bx	lr
 543              	.L42:
 544 0006 C046     		.align	2
 545              	.L41:
 546 0008 B0F7FF1F 		.word	536868784
 547              		.cfi_endproc
ARM GAS  D:\Temp\ccoLwAsW.s 			page 18


 548              	.LFE51:
 550              		.section	.text.HAL_GetUIDw2,"ax",%progbits
 551              		.align	1
 552              		.global	HAL_GetUIDw2
 553              		.syntax unified
 554              		.code	16
 555              		.thumb_func
 557              	HAL_GetUIDw2:
 558              	.LFB52:
 404:Drivers/STM32F0xx_HAL_Driver/Src/stm32f0xx_hal.c **** 
 405:Drivers/STM32F0xx_HAL_Driver/Src/stm32f0xx_hal.c **** /**
 406:Drivers/STM32F0xx_HAL_Driver/Src/stm32f0xx_hal.c ****   * @brief  Returns third word of the unique device identifier (UID based on 96 bits)
 407:Drivers/STM32F0xx_HAL_Driver/Src/stm32f0xx_hal.c ****   * @retval Device identifier
 408:Drivers/STM32F0xx_HAL_Driver/Src/stm32f0xx_hal.c ****   */
 409:Drivers/STM32F0xx_HAL_Driver/Src/stm32f0xx_hal.c **** uint32_t HAL_GetUIDw2(void)
 410:Drivers/STM32F0xx_HAL_Driver/Src/stm32f0xx_hal.c **** {
 559              		.loc 1 410 1 is_stmt 1 view -0
 560              		.cfi_startproc
 561              		@ args = 0, pretend = 0, frame = 0
 562              		@ frame_needed = 0, uses_anonymous_args = 0
 563              		@ link register save eliminated.
 411:Drivers/STM32F0xx_HAL_Driver/Src/stm32f0xx_hal.c ****    return(READ_REG(*((uint32_t *)(UID_BASE + 8U))));
 564              		.loc 1 411 4 view .LVU108
 565              		.loc 1 411 11 is_stmt 0 view .LVU109
 566 0000 014B     		ldr	r3, .L44
 412:Drivers/STM32F0xx_HAL_Driver/Src/stm32f0xx_hal.c **** }
 567              		.loc 1 412 1 view .LVU110
 568              		@ sp needed
 411:Drivers/STM32F0xx_HAL_Driver/Src/stm32f0xx_hal.c ****    return(READ_REG(*((uint32_t *)(UID_BASE + 8U))));
 569              		.loc 1 411 11 discriminator 1 view .LVU111
 570 0002 1868     		ldr	r0, [r3]
 571              		.loc 1 412 1 view .LVU112
 572 0004 7047     		bx	lr
 573              	.L45:
 574 0006 C046     		.align	2
 575              	.L44:
 576 0008 B4F7FF1F 		.word	536868788
 577              		.cfi_endproc
 578              	.LFE52:
 580              		.section	.text.HAL_DBGMCU_EnableDBGStopMode,"ax",%progbits
 581              		.align	1
 582              		.global	HAL_DBGMCU_EnableDBGStopMode
 583              		.syntax unified
 584              		.code	16
 585              		.thumb_func
 587              	HAL_DBGMCU_EnableDBGStopMode:
 588              	.LFB53:
 413:Drivers/STM32F0xx_HAL_Driver/Src/stm32f0xx_hal.c **** 
 414:Drivers/STM32F0xx_HAL_Driver/Src/stm32f0xx_hal.c **** /**
 415:Drivers/STM32F0xx_HAL_Driver/Src/stm32f0xx_hal.c ****   * @brief  Enable the Debug Module during STOP mode       
 416:Drivers/STM32F0xx_HAL_Driver/Src/stm32f0xx_hal.c ****   * @retval None
 417:Drivers/STM32F0xx_HAL_Driver/Src/stm32f0xx_hal.c ****   */
 418:Drivers/STM32F0xx_HAL_Driver/Src/stm32f0xx_hal.c **** void HAL_DBGMCU_EnableDBGStopMode(void)
 419:Drivers/STM32F0xx_HAL_Driver/Src/stm32f0xx_hal.c **** {
 589              		.loc 1 419 1 is_stmt 1 view -0
 590              		.cfi_startproc
 591              		@ args = 0, pretend = 0, frame = 0
ARM GAS  D:\Temp\ccoLwAsW.s 			page 19


 592              		@ frame_needed = 0, uses_anonymous_args = 0
 593              		@ link register save eliminated.
 420:Drivers/STM32F0xx_HAL_Driver/Src/stm32f0xx_hal.c ****   SET_BIT(DBGMCU->CR, DBGMCU_CR_DBG_STOP);
 594              		.loc 1 420 3 view .LVU114
 595 0000 0223     		movs	r3, #2
 421:Drivers/STM32F0xx_HAL_Driver/Src/stm32f0xx_hal.c **** }
 596              		.loc 1 421 1 is_stmt 0 view .LVU115
 597              		@ sp needed
 420:Drivers/STM32F0xx_HAL_Driver/Src/stm32f0xx_hal.c ****   SET_BIT(DBGMCU->CR, DBGMCU_CR_DBG_STOP);
 598              		.loc 1 420 3 view .LVU116
 599 0002 024A     		ldr	r2, .L47
 600 0004 5168     		ldr	r1, [r2, #4]
 601 0006 0B43     		orrs	r3, r1
 602 0008 5360     		str	r3, [r2, #4]
 603              		.loc 1 421 1 view .LVU117
 604 000a 7047     		bx	lr
 605              	.L48:
 606              		.align	2
 607              	.L47:
 608 000c 00580140 		.word	1073829888
 609              		.cfi_endproc
 610              	.LFE53:
 612              		.section	.text.HAL_DBGMCU_DisableDBGStopMode,"ax",%progbits
 613              		.align	1
 614              		.global	HAL_DBGMCU_DisableDBGStopMode
 615              		.syntax unified
 616              		.code	16
 617              		.thumb_func
 619              	HAL_DBGMCU_DisableDBGStopMode:
 620              	.LFB54:
 422:Drivers/STM32F0xx_HAL_Driver/Src/stm32f0xx_hal.c **** 
 423:Drivers/STM32F0xx_HAL_Driver/Src/stm32f0xx_hal.c **** /**
 424:Drivers/STM32F0xx_HAL_Driver/Src/stm32f0xx_hal.c ****   * @brief  Disable the Debug Module during STOP mode       
 425:Drivers/STM32F0xx_HAL_Driver/Src/stm32f0xx_hal.c ****   * @retval None
 426:Drivers/STM32F0xx_HAL_Driver/Src/stm32f0xx_hal.c ****   */
 427:Drivers/STM32F0xx_HAL_Driver/Src/stm32f0xx_hal.c **** void HAL_DBGMCU_DisableDBGStopMode(void)
 428:Drivers/STM32F0xx_HAL_Driver/Src/stm32f0xx_hal.c **** {
 621              		.loc 1 428 1 is_stmt 1 view -0
 622              		.cfi_startproc
 623              		@ args = 0, pretend = 0, frame = 0
 624              		@ frame_needed = 0, uses_anonymous_args = 0
 625              		@ link register save eliminated.
 429:Drivers/STM32F0xx_HAL_Driver/Src/stm32f0xx_hal.c ****   CLEAR_BIT(DBGMCU->CR, DBGMCU_CR_DBG_STOP);
 626              		.loc 1 429 3 view .LVU119
 627 0000 0221     		movs	r1, #2
 430:Drivers/STM32F0xx_HAL_Driver/Src/stm32f0xx_hal.c **** }
 628              		.loc 1 430 1 is_stmt 0 view .LVU120
 629              		@ sp needed
 429:Drivers/STM32F0xx_HAL_Driver/Src/stm32f0xx_hal.c ****   CLEAR_BIT(DBGMCU->CR, DBGMCU_CR_DBG_STOP);
 630              		.loc 1 429 3 view .LVU121
 631 0002 024A     		ldr	r2, .L50
 632 0004 5368     		ldr	r3, [r2, #4]
 633 0006 8B43     		bics	r3, r1
 634 0008 5360     		str	r3, [r2, #4]
 635              		.loc 1 430 1 view .LVU122
 636 000a 7047     		bx	lr
 637              	.L51:
ARM GAS  D:\Temp\ccoLwAsW.s 			page 20


 638              		.align	2
 639              	.L50:
 640 000c 00580140 		.word	1073829888
 641              		.cfi_endproc
 642              	.LFE54:
 644              		.section	.text.HAL_DBGMCU_EnableDBGStandbyMode,"ax",%progbits
 645              		.align	1
 646              		.global	HAL_DBGMCU_EnableDBGStandbyMode
 647              		.syntax unified
 648              		.code	16
 649              		.thumb_func
 651              	HAL_DBGMCU_EnableDBGStandbyMode:
 652              	.LFB55:
 431:Drivers/STM32F0xx_HAL_Driver/Src/stm32f0xx_hal.c **** 
 432:Drivers/STM32F0xx_HAL_Driver/Src/stm32f0xx_hal.c **** /**
 433:Drivers/STM32F0xx_HAL_Driver/Src/stm32f0xx_hal.c ****   * @brief  Enable the Debug Module during STANDBY mode       
 434:Drivers/STM32F0xx_HAL_Driver/Src/stm32f0xx_hal.c ****   * @retval None
 435:Drivers/STM32F0xx_HAL_Driver/Src/stm32f0xx_hal.c ****   */
 436:Drivers/STM32F0xx_HAL_Driver/Src/stm32f0xx_hal.c **** void HAL_DBGMCU_EnableDBGStandbyMode(void)
 437:Drivers/STM32F0xx_HAL_Driver/Src/stm32f0xx_hal.c **** {
 653              		.loc 1 437 1 is_stmt 1 view -0
 654              		.cfi_startproc
 655              		@ args = 0, pretend = 0, frame = 0
 656              		@ frame_needed = 0, uses_anonymous_args = 0
 657              		@ link register save eliminated.
 438:Drivers/STM32F0xx_HAL_Driver/Src/stm32f0xx_hal.c ****   SET_BIT(DBGMCU->CR, DBGMCU_CR_DBG_STANDBY);
 658              		.loc 1 438 3 view .LVU124
 659 0000 0423     		movs	r3, #4
 439:Drivers/STM32F0xx_HAL_Driver/Src/stm32f0xx_hal.c **** }
 660              		.loc 1 439 1 is_stmt 0 view .LVU125
 661              		@ sp needed
 438:Drivers/STM32F0xx_HAL_Driver/Src/stm32f0xx_hal.c ****   SET_BIT(DBGMCU->CR, DBGMCU_CR_DBG_STANDBY);
 662              		.loc 1 438 3 view .LVU126
 663 0002 024A     		ldr	r2, .L53
 664 0004 5168     		ldr	r1, [r2, #4]
 665 0006 0B43     		orrs	r3, r1
 666 0008 5360     		str	r3, [r2, #4]
 667              		.loc 1 439 1 view .LVU127
 668 000a 7047     		bx	lr
 669              	.L54:
 670              		.align	2
 671              	.L53:
 672 000c 00580140 		.word	1073829888
 673              		.cfi_endproc
 674              	.LFE55:
 676              		.section	.text.HAL_DBGMCU_DisableDBGStandbyMode,"ax",%progbits
 677              		.align	1
 678              		.global	HAL_DBGMCU_DisableDBGStandbyMode
 679              		.syntax unified
 680              		.code	16
 681              		.thumb_func
 683              	HAL_DBGMCU_DisableDBGStandbyMode:
 684              	.LFB56:
 440:Drivers/STM32F0xx_HAL_Driver/Src/stm32f0xx_hal.c **** 
 441:Drivers/STM32F0xx_HAL_Driver/Src/stm32f0xx_hal.c **** /**
 442:Drivers/STM32F0xx_HAL_Driver/Src/stm32f0xx_hal.c ****   * @brief  Disable the Debug Module during STANDBY mode       
 443:Drivers/STM32F0xx_HAL_Driver/Src/stm32f0xx_hal.c ****   * @retval None
ARM GAS  D:\Temp\ccoLwAsW.s 			page 21


 444:Drivers/STM32F0xx_HAL_Driver/Src/stm32f0xx_hal.c ****   */
 445:Drivers/STM32F0xx_HAL_Driver/Src/stm32f0xx_hal.c **** void HAL_DBGMCU_DisableDBGStandbyMode(void)
 446:Drivers/STM32F0xx_HAL_Driver/Src/stm32f0xx_hal.c **** {
 685              		.loc 1 446 1 is_stmt 1 view -0
 686              		.cfi_startproc
 687              		@ args = 0, pretend = 0, frame = 0
 688              		@ frame_needed = 0, uses_anonymous_args = 0
 689              		@ link register save eliminated.
 447:Drivers/STM32F0xx_HAL_Driver/Src/stm32f0xx_hal.c ****   CLEAR_BIT(DBGMCU->CR, DBGMCU_CR_DBG_STANDBY);
 690              		.loc 1 447 3 view .LVU129
 691 0000 0421     		movs	r1, #4
 448:Drivers/STM32F0xx_HAL_Driver/Src/stm32f0xx_hal.c **** }
 692              		.loc 1 448 1 is_stmt 0 view .LVU130
 693              		@ sp needed
 447:Drivers/STM32F0xx_HAL_Driver/Src/stm32f0xx_hal.c ****   CLEAR_BIT(DBGMCU->CR, DBGMCU_CR_DBG_STANDBY);
 694              		.loc 1 447 3 view .LVU131
 695 0002 024A     		ldr	r2, .L56
 696 0004 5368     		ldr	r3, [r2, #4]
 697 0006 8B43     		bics	r3, r1
 698 0008 5360     		str	r3, [r2, #4]
 699              		.loc 1 448 1 view .LVU132
 700 000a 7047     		bx	lr
 701              	.L57:
 702              		.align	2
 703              	.L56:
 704 000c 00580140 		.word	1073829888
 705              		.cfi_endproc
 706              	.LFE56:
 708              		.global	uwTick
 709              		.section	.bss.uwTick,"aw",%nobits
 710              		.align	2
 713              	uwTick:
 714 0000 00000000 		.space	4
 715              		.text
 716              	.Letext0:
 717              		.file 2 "Drivers/CMSIS/Device/ST/STM32F0xx/Include/stm32f030x6.h"
 718              		.file 3 "D:\\STM32CubeCLT\\STM32CubeCLT_1.18.0\\GNU-tools-for-STM32\\bin/../lib/gcc/arm-none-eabi/
 719              		.file 4 "D:\\STM32CubeCLT\\STM32CubeCLT_1.18.0\\GNU-tools-for-STM32\\bin/../lib/gcc/arm-none-eabi/
 720              		.file 5 "Drivers/CMSIS/Include/core_cm0.h"
 721              		.file 6 "Drivers/STM32F0xx_HAL_Driver/Inc/stm32f0xx_hal_def.h"
 722              		.file 7 "Drivers/STM32F0xx_HAL_Driver/Inc/stm32f0xx_hal_cortex.h"
 723              		.file 8 "Drivers/STM32F0xx_HAL_Driver/Inc/stm32f0xx_hal_rcc.h"
ARM GAS  D:\Temp\ccoLwAsW.s 			page 22


DEFINED SYMBOLS
                            *ABS*:00000000 stm32f0xx_hal.c
  D:\Temp\ccoLwAsW.s:19     .text.HAL_MspInit:00000000 $t
  D:\Temp\ccoLwAsW.s:25     .text.HAL_MspInit:00000000 HAL_MspInit
  D:\Temp\ccoLwAsW.s:39     .text.HAL_MspDeInit:00000000 $t
  D:\Temp\ccoLwAsW.s:45     .text.HAL_MspDeInit:00000000 HAL_MspDeInit
  D:\Temp\ccoLwAsW.s:58     .text.HAL_DeInit:00000000 $t
  D:\Temp\ccoLwAsW.s:64     .text.HAL_DeInit:00000000 HAL_DeInit
  D:\Temp\ccoLwAsW.s:106    .text.HAL_DeInit:00000020 $d
  D:\Temp\ccoLwAsW.s:112    .text.HAL_InitTick:00000000 $t
  D:\Temp\ccoLwAsW.s:118    .text.HAL_InitTick:00000000 HAL_InitTick
  D:\Temp\ccoLwAsW.s:163    .text.HAL_Init:00000000 $t
  D:\Temp\ccoLwAsW.s:169    .text.HAL_Init:00000000 HAL_Init
  D:\Temp\ccoLwAsW.s:206    .text.HAL_Init:0000001c $d
  D:\Temp\ccoLwAsW.s:211    .text.HAL_IncTick:00000000 $t
  D:\Temp\ccoLwAsW.s:217    .text.HAL_IncTick:00000000 HAL_IncTick
  D:\Temp\ccoLwAsW.s:238    .text.HAL_IncTick:0000000c $d
  D:\Temp\ccoLwAsW.s:713    .bss.uwTick:00000000 uwTick
  D:\Temp\ccoLwAsW.s:243    .text.HAL_GetTick:00000000 $t
  D:\Temp\ccoLwAsW.s:249    .text.HAL_GetTick:00000000 HAL_GetTick
  D:\Temp\ccoLwAsW.s:268    .text.HAL_GetTick:00000008 $d
  D:\Temp\ccoLwAsW.s:273    .text.HAL_Delay:00000000 $t
  D:\Temp\ccoLwAsW.s:279    .text.HAL_Delay:00000000 HAL_Delay
  D:\Temp\ccoLwAsW.s:336    .text.HAL_SuspendTick:00000000 $t
  D:\Temp\ccoLwAsW.s:342    .text.HAL_SuspendTick:00000000 HAL_SuspendTick
  D:\Temp\ccoLwAsW.s:363    .text.HAL_SuspendTick:0000000c $d
  D:\Temp\ccoLwAsW.s:368    .text.HAL_ResumeTick:00000000 $t
  D:\Temp\ccoLwAsW.s:374    .text.HAL_ResumeTick:00000000 HAL_ResumeTick
  D:\Temp\ccoLwAsW.s:395    .text.HAL_ResumeTick:0000000c $d
  D:\Temp\ccoLwAsW.s:400    .text.HAL_GetHalVersion:00000000 $t
  D:\Temp\ccoLwAsW.s:406    .text.HAL_GetHalVersion:00000000 HAL_GetHalVersion
  D:\Temp\ccoLwAsW.s:421    .text.HAL_GetHalVersion:00000004 $d
  D:\Temp\ccoLwAsW.s:426    .text.HAL_GetREVID:00000000 $t
  D:\Temp\ccoLwAsW.s:432    .text.HAL_GetREVID:00000000 HAL_GetREVID
  D:\Temp\ccoLwAsW.s:453    .text.HAL_GetREVID:00000008 $d
  D:\Temp\ccoLwAsW.s:458    .text.HAL_GetDEVID:00000000 $t
  D:\Temp\ccoLwAsW.s:464    .text.HAL_GetDEVID:00000000 HAL_GetDEVID
  D:\Temp\ccoLwAsW.s:486    .text.HAL_GetDEVID:0000000c $d
  D:\Temp\ccoLwAsW.s:491    .text.HAL_GetUIDw0:00000000 $t
  D:\Temp\ccoLwAsW.s:497    .text.HAL_GetUIDw0:00000000 HAL_GetUIDw0
  D:\Temp\ccoLwAsW.s:516    .text.HAL_GetUIDw0:00000008 $d
  D:\Temp\ccoLwAsW.s:521    .text.HAL_GetUIDw1:00000000 $t
  D:\Temp\ccoLwAsW.s:527    .text.HAL_GetUIDw1:00000000 HAL_GetUIDw1
  D:\Temp\ccoLwAsW.s:546    .text.HAL_GetUIDw1:00000008 $d
  D:\Temp\ccoLwAsW.s:551    .text.HAL_GetUIDw2:00000000 $t
  D:\Temp\ccoLwAsW.s:557    .text.HAL_GetUIDw2:00000000 HAL_GetUIDw2
  D:\Temp\ccoLwAsW.s:576    .text.HAL_GetUIDw2:00000008 $d
  D:\Temp\ccoLwAsW.s:581    .text.HAL_DBGMCU_EnableDBGStopMode:00000000 $t
  D:\Temp\ccoLwAsW.s:587    .text.HAL_DBGMCU_EnableDBGStopMode:00000000 HAL_DBGMCU_EnableDBGStopMode
  D:\Temp\ccoLwAsW.s:608    .text.HAL_DBGMCU_EnableDBGStopMode:0000000c $d
  D:\Temp\ccoLwAsW.s:613    .text.HAL_DBGMCU_DisableDBGStopMode:00000000 $t
  D:\Temp\ccoLwAsW.s:619    .text.HAL_DBGMCU_DisableDBGStopMode:00000000 HAL_DBGMCU_DisableDBGStopMode
  D:\Temp\ccoLwAsW.s:640    .text.HAL_DBGMCU_DisableDBGStopMode:0000000c $d
  D:\Temp\ccoLwAsW.s:645    .text.HAL_DBGMCU_EnableDBGStandbyMode:00000000 $t
  D:\Temp\ccoLwAsW.s:651    .text.HAL_DBGMCU_EnableDBGStandbyMode:00000000 HAL_DBGMCU_EnableDBGStandbyMode
  D:\Temp\ccoLwAsW.s:672    .text.HAL_DBGMCU_EnableDBGStandbyMode:0000000c $d
  D:\Temp\ccoLwAsW.s:677    .text.HAL_DBGMCU_DisableDBGStandbyMode:00000000 $t
ARM GAS  D:\Temp\ccoLwAsW.s 			page 23


  D:\Temp\ccoLwAsW.s:683    .text.HAL_DBGMCU_DisableDBGStandbyMode:00000000 HAL_DBGMCU_DisableDBGStandbyMode
  D:\Temp\ccoLwAsW.s:704    .text.HAL_DBGMCU_DisableDBGStandbyMode:0000000c $d
  D:\Temp\ccoLwAsW.s:710    .bss.uwTick:00000000 $d

UNDEFINED SYMBOLS
__aeabi_uidiv
HAL_RCC_GetHCLKFreq
HAL_SYSTICK_Config
HAL_NVIC_SetPriority
