ARM GAS  D:\Temp\ccoSXIpC.s 			page 1


   1              		.cpu cortex-m0
   2              		.arch armv6s-m
   3              		.fpu softvfp
   4              		.eabi_attribute 20, 1
   5              		.eabi_attribute 21, 1
   6              		.eabi_attribute 23, 3
   7              		.eabi_attribute 24, 1
   8              		.eabi_attribute 25, 1
   9              		.eabi_attribute 26, 1
  10              		.eabi_attribute 30, 4
  11              		.eabi_attribute 34, 0
  12              		.eabi_attribute 18, 4
  13              		.file	"TM1637.c"
  14              		.text
  15              	.Ltext0:
  16              		.cfi_sections	.debug_frame
  17              		.file 1 "Lib/TM1637.c"
  18              		.section	.text.delay,"ax",%progbits
  19              		.align	1
  20              		.syntax unified
  21              		.code	16
  22              		.thumb_func
  24              	delay:
  25              	.LVL0:
  26              	.LFB48:
   1:Lib/TM1637.c  **** #include "TM1637.h"
   2:Lib/TM1637.c  **** 
   3:Lib/TM1637.c  **** #define SCLK_Set() (TM1637_SCLK_PORT->BSRR = TM1637_SCLK_PIN)
   4:Lib/TM1637.c  **** #define SCLK_Reset()  (TM1637_SCLK_PORT->BRR = TM1637_SCLK_PIN)
   5:Lib/TM1637.c  **** #define SDIO_Set() (TM1637_SDIO_PORT->BSRR = TM1637_SDIO_PIN)
   6:Lib/TM1637.c  **** #define SDIO_Reset()  (TM1637_SDIO_PORT->BRR = TM1637_SDIO_PIN)
   7:Lib/TM1637.c  **** 
   8:Lib/TM1637.c  **** #ifndef GPIO_ResetPin
   9:Lib/TM1637.c  **** #define GPIO_ResetPin(GPIOx, PIN) (GPIOx -> BRR = PIN);
  10:Lib/TM1637.c  **** #endif
  11:Lib/TM1637.c  **** #ifndef GPIO_SetPin
  12:Lib/TM1637.c  **** #define GPIO_SetPin(GPIOx, PIN)   (GPIOx -> BSRR = PIN);
  13:Lib/TM1637.c  **** #endif
  14:Lib/TM1637.c  **** 
  15:Lib/TM1637.c  **** 
  16:Lib/TM1637.c  **** static void start(void);
  17:Lib/TM1637.c  **** static void stop(void);
  18:Lib/TM1637.c  **** static void waitACK(void);
  19:Lib/TM1637.c  **** static void WriteByte(uint8_t b);
  20:Lib/TM1637.c  **** static void delay(uint32_t i);
  21:Lib/TM1637.c  **** static uint8_t translateFromChar(char c);
  22:Lib/TM1637.c  **** 
  23:Lib/TM1637.c  **** const uint8_t numbersMap[] = {
  24:Lib/TM1637.c  ****     0x3f, // 0d
  25:Lib/TM1637.c  **** 	0x06, // 1d
  26:Lib/TM1637.c  **** 	0x5b, // 2d
  27:Lib/TM1637.c  **** 	0x4f, // 3d
  28:Lib/TM1637.c  **** 	0x66, // 4d 
  29:Lib/TM1637.c  **** 	0x6d, // 5d
  30:Lib/TM1637.c  **** 	0x7d, // 6d
  31:Lib/TM1637.c  **** 	0x07, // 7d
  32:Lib/TM1637.c  ****     0x7f, // 8d
ARM GAS  D:\Temp\ccoSXIpC.s 			page 2


  33:Lib/TM1637.c  **** 	0x6f, // 9d
  34:Lib/TM1637.c  **** };
  35:Lib/TM1637.c  **** 
  36:Lib/TM1637.c  **** 
  37:Lib/TM1637.c  **** uint32_t power(uint32_t x, uint8_t n) {
  38:Lib/TM1637.c  **** 	uint32_t rst = 1;
  39:Lib/TM1637.c  **** 	while (n--) {
  40:Lib/TM1637.c  **** 		rst *= x;
  41:Lib/TM1637.c  **** 	}
  42:Lib/TM1637.c  **** 	return rst;
  43:Lib/TM1637.c  **** }
  44:Lib/TM1637.c  **** 
  45:Lib/TM1637.c  **** void TM1637Init(void)
  46:Lib/TM1637.c  **** {
  47:Lib/TM1637.c  ****     TM1637SetBrightness(8);
  48:Lib/TM1637.c  **** }
  49:Lib/TM1637.c  **** 
  50:Lib/TM1637.c  **** void TM1637SetBrightness(uint8_t brightness)
  51:Lib/TM1637.c  **** {
  52:Lib/TM1637.c  ****     // Brightness command:
  53:Lib/TM1637.c  ****     // 1000 0XXX = display off
  54:Lib/TM1637.c  ****     // 1000 1BBB = display on, brightness 0-7
  55:Lib/TM1637.c  ****     // X = don't care
  56:Lib/TM1637.c  ****     // B = brightness
  57:Lib/TM1637.c  ****     start();
  58:Lib/TM1637.c  ****     WriteByte(0x87 + brightness);
  59:Lib/TM1637.c  ****     waitACK();
  60:Lib/TM1637.c  ****     stop();
  61:Lib/TM1637.c  **** 
  62:Lib/TM1637.c  **** }
  63:Lib/TM1637.c  **** 
  64:Lib/TM1637.c  **** void TM1637ShowNumberLeft(uint8_t index, uint32_t num, uint8_t pointLocation) {
  65:Lib/TM1637.c  **** 
  66:Lib/TM1637.c  **** 	uint8_t size = 6 - index;
  67:Lib/TM1637.c  **** 	uint8_t n = 6;
  68:Lib/TM1637.c  **** 	do {
  69:Lib/TM1637.c  **** 		uint32_t dig = num / power(10, n - 1);
  70:Lib/TM1637.c  **** 		if (dig != 0) {
  71:Lib/TM1637.c  **** 			break;
  72:Lib/TM1637.c  **** 		}
  73:Lib/TM1637.c  **** 	} while (--n);
  74:Lib/TM1637.c  **** 
  75:Lib/TM1637.c  **** 	size = n > size ? size : n;
  76:Lib/TM1637.c  **** 
  77:Lib/TM1637.c  **** 	uint8_t digits[6];
  78:Lib/TM1637.c  **** 	for (uint8_t i = 0; i < size; i++) {
  79:Lib/TM1637.c  **** 		digits[i] = numbersMap[num % 10];
  80:Lib/TM1637.c  **** 		if (pointLocation == i) {
  81:Lib/TM1637.c  **** 			digits[i] |= 0x80;
  82:Lib/TM1637.c  **** 		}
  83:Lib/TM1637.c  **** 		num /= 10;
  84:Lib/TM1637.c  **** 	}
  85:Lib/TM1637.c  **** 
  86:Lib/TM1637.c  **** 	start();
  87:Lib/TM1637.c  **** 	WriteByte(0x40);
  88:Lib/TM1637.c  **** 	waitACK();
  89:Lib/TM1637.c  **** 	stop();
ARM GAS  D:\Temp\ccoSXIpC.s 			page 3


  90:Lib/TM1637.c  **** 
  91:Lib/TM1637.c  **** 	start();
  92:Lib/TM1637.c  **** 	WriteByte(0xc0 + index);
  93:Lib/TM1637.c  **** 	waitACK();
  94:Lib/TM1637.c  **** 
  95:Lib/TM1637.c  **** 	for (uint8_t i = 0; i < 6; ++i) {
  96:Lib/TM1637.c  **** 		WriteByte(digits[size - 1 - i]);
  97:Lib/TM1637.c  **** 		waitACK();
  98:Lib/TM1637.c  **** 	}
  99:Lib/TM1637.c  **** 
 100:Lib/TM1637.c  **** 	stop();
 101:Lib/TM1637.c  **** }
 102:Lib/TM1637.c  **** 
 103:Lib/TM1637.c  **** void TM1637ShowNumberRight(uint8_t index, uint32_t num, uint8_t pointLocation, uint8_t isPaddingZer
 104:Lib/TM1637.c  **** 
 105:Lib/TM1637.c  **** 	uint8_t n = 6;
 106:Lib/TM1637.c  **** 	do {
 107:Lib/TM1637.c  **** 		uint32_t dig = num / power(10, n - 1);
 108:Lib/TM1637.c  **** 		if (dig != 0) {
 109:Lib/TM1637.c  **** 			break;
 110:Lib/TM1637.c  **** 		}
 111:Lib/TM1637.c  **** 	} while (--n);
 112:Lib/TM1637.c  **** 
 113:Lib/TM1637.c  **** 	uint8_t digits[6];
 114:Lib/TM1637.c  **** 	for (uint8_t i = 0; i < 6; i++) {
 115:Lib/TM1637.c  **** 		if(i < n || isPaddingZero){
 116:Lib/TM1637.c  **** 			digits[i] = numbersMap[num % 10];
 117:Lib/TM1637.c  **** 		}
 118:Lib/TM1637.c  **** 		else{
 119:Lib/TM1637.c  **** 			digits[i] = 0;
 120:Lib/TM1637.c  **** 		}
 121:Lib/TM1637.c  **** 
 122:Lib/TM1637.c  **** 		if (pointLocation == i) {
 123:Lib/TM1637.c  **** 			digits[i] |= 0x80;
 124:Lib/TM1637.c  **** 		}
 125:Lib/TM1637.c  **** 		num /= 10;
 126:Lib/TM1637.c  **** 	}
 127:Lib/TM1637.c  **** 
 128:Lib/TM1637.c  **** 	start();
 129:Lib/TM1637.c  **** 	WriteByte(0x40);
 130:Lib/TM1637.c  **** 	waitACK();
 131:Lib/TM1637.c  **** 	stop();
 132:Lib/TM1637.c  **** 
 133:Lib/TM1637.c  **** 	start();
 134:Lib/TM1637.c  **** 	WriteByte(0xc0);
 135:Lib/TM1637.c  **** 	waitACK();
 136:Lib/TM1637.c  **** 
 137:Lib/TM1637.c  **** 	for (uint8_t i = 0; i < 6; ++i) {
 138:Lib/TM1637.c  **** 		if(i <= index){
 139:Lib/TM1637.c  **** 			WriteByte(digits[index - i]);
 140:Lib/TM1637.c  **** 		}
 141:Lib/TM1637.c  **** 		else{
 142:Lib/TM1637.c  **** 			WriteByte(0);
 143:Lib/TM1637.c  **** 		}
 144:Lib/TM1637.c  **** 
 145:Lib/TM1637.c  **** 		waitACK();
 146:Lib/TM1637.c  **** 	}
ARM GAS  D:\Temp\ccoSXIpC.s 			page 4


 147:Lib/TM1637.c  **** 
 148:Lib/TM1637.c  **** 	stop();
 149:Lib/TM1637.c  **** }
 150:Lib/TM1637.c  **** 
 151:Lib/TM1637.c  **** void TM1637SetChar(uint8_t index, char c, uint8_t point){
 152:Lib/TM1637.c  **** 	TM1637SetRawData(index, translateFromChar(c)| (point?0x80:0x00));
 153:Lib/TM1637.c  **** }
 154:Lib/TM1637.c  **** 
 155:Lib/TM1637.c  **** void TM1637SetRawData(uint8_t index, uint8_t data){
 156:Lib/TM1637.c  **** 	start();
 157:Lib/TM1637.c  **** 	WriteByte(0x44); // 固定地址模式
 158:Lib/TM1637.c  **** 	waitACK();
 159:Lib/TM1637.c  **** 	stop();
 160:Lib/TM1637.c  **** 
 161:Lib/TM1637.c  **** 	start();
 162:Lib/TM1637.c  **** 	WriteByte(0xC0 + index); // 固定地址模式
 163:Lib/TM1637.c  **** 	waitACK();
 164:Lib/TM1637.c  **** 	WriteByte(data);
 165:Lib/TM1637.c  **** 	waitACK();
 166:Lib/TM1637.c  **** 	stop();
 167:Lib/TM1637.c  **** }
 168:Lib/TM1637.c  **** 
 169:Lib/TM1637.c  **** void start(void)
 170:Lib/TM1637.c  **** {
 171:Lib/TM1637.c  ****     SCLK_Set();
 172:Lib/TM1637.c  ****     SDIO_Set();
 173:Lib/TM1637.c  ****     delay(2);
 174:Lib/TM1637.c  ****     SDIO_Reset();
 175:Lib/TM1637.c  **** }
 176:Lib/TM1637.c  **** 
 177:Lib/TM1637.c  **** void stop(void)
 178:Lib/TM1637.c  **** {
 179:Lib/TM1637.c  ****     SCLK_Reset();
 180:Lib/TM1637.c  ****     delay(2);
 181:Lib/TM1637.c  ****     SDIO_Reset();
 182:Lib/TM1637.c  ****     delay(2);
 183:Lib/TM1637.c  ****     SCLK_Set();
 184:Lib/TM1637.c  ****     delay(2);
 185:Lib/TM1637.c  ****     SDIO_Set();
 186:Lib/TM1637.c  **** }
 187:Lib/TM1637.c  **** 
 188:Lib/TM1637.c  **** void waitACK(void)
 189:Lib/TM1637.c  **** {
 190:Lib/TM1637.c  ****     SCLK_Reset();
 191:Lib/TM1637.c  ****     delay(5);
 192:Lib/TM1637.c  ****     SCLK_Set();
 193:Lib/TM1637.c  ****     delay(2);
 194:Lib/TM1637.c  ****     SCLK_Reset();
 195:Lib/TM1637.c  **** }
 196:Lib/TM1637.c  **** 
 197:Lib/TM1637.c  **** void WriteByte(uint8_t b)
 198:Lib/TM1637.c  ****  {
 199:Lib/TM1637.c  **** 	for (uint8_t i = 0; i < 8; ++i) {
 200:Lib/TM1637.c  **** 		SCLK_Reset();
 201:Lib/TM1637.c  **** 		if (b & 0x01) {
 202:Lib/TM1637.c  **** 			SDIO_Set();
 203:Lib/TM1637.c  **** 		}
ARM GAS  D:\Temp\ccoSXIpC.s 			page 5


 204:Lib/TM1637.c  **** 		else {
 205:Lib/TM1637.c  **** 			SDIO_Reset();
 206:Lib/TM1637.c  **** 		}
 207:Lib/TM1637.c  **** 		delay(3);
 208:Lib/TM1637.c  **** 		b >>= 1;
 209:Lib/TM1637.c  **** 		SCLK_Set();
 210:Lib/TM1637.c  **** 		delay(3);
 211:Lib/TM1637.c  **** 	}
 212:Lib/TM1637.c  **** }
 213:Lib/TM1637.c  **** 	
 214:Lib/TM1637.c  **** void delay(uint32_t i)
 215:Lib/TM1637.c  ****  {
  27              		.loc 1 215 2 view -0
  28              		.cfi_startproc
  29              		@ args = 0, pretend = 0, frame = 0
  30              		@ frame_needed = 0, uses_anonymous_args = 0
  31              		@ link register save eliminated.
 216:Lib/TM1637.c  **** 	for (; i > 0; i--) {
  32              		.loc 1 216 2 view .LVU1
  33              		.loc 1 216 11 discriminator 1 view .LVU2
  34              	.L2:
  35              	.LBB12:
 217:Lib/TM1637.c  **** 		for (int j = 0; j < 10; ++j) {
  36              		.loc 1 217 21 discriminator 1 view .LVU3
  37              	.LBE12:
 215:Lib/TM1637.c  **** 	for (; i > 0; i--) {
  38              		.loc 1 215 2 is_stmt 0 view .LVU4
  39 0000 0A23     		movs	r3, #10
  40              	.LVL1:
  41              	.L3:
  42              	.LBB13:
 218:Lib/TM1637.c  **** 			asm("nop");
  43              		.loc 1 218 4 is_stmt 1 view .LVU5
  44              		.syntax divided
  45              	@ 218 "Lib/TM1637.c" 1
  46 0002 C046     		nop
  47              	@ 0 "" 2
 217:Lib/TM1637.c  **** 		for (int j = 0; j < 10; ++j) {
  48              		.loc 1 217 27 discriminator 3 view .LVU6
  49              	.LVL2:
 217:Lib/TM1637.c  **** 		for (int j = 0; j < 10; ++j) {
  50              		.loc 1 217 21 discriminator 1 view .LVU7
  51              		.thumb
  52              		.syntax unified
  53 0004 013B     		subs	r3, r3, #1
  54              	.LVL3:
 217:Lib/TM1637.c  **** 		for (int j = 0; j < 10; ++j) {
  55              		.loc 1 217 21 is_stmt 0 discriminator 1 view .LVU8
  56 0006 002B     		cmp	r3, #0
  57 0008 FBD1     		bne	.L3
  58              	.LBE13:
 216:Lib/TM1637.c  **** 		for (int j = 0; j < 10; ++j) {
  59              		.loc 1 216 17 is_stmt 1 view .LVU9
  60 000a 0138     		subs	r0, r0, #1
  61              	.LVL4:
 216:Lib/TM1637.c  **** 		for (int j = 0; j < 10; ++j) {
  62              		.loc 1 216 11 discriminator 1 view .LVU10
ARM GAS  D:\Temp\ccoSXIpC.s 			page 6


  63 000c 0028     		cmp	r0, #0
  64 000e F7D1     		bne	.L2
 219:Lib/TM1637.c  **** 		}
 220:Lib/TM1637.c  **** 	}
 221:Lib/TM1637.c  **** }
  65              		.loc 1 221 1 is_stmt 0 view .LVU11
  66              		@ sp needed
  67 0010 7047     		bx	lr
  68              		.cfi_endproc
  69              	.LFE48:
  71              		.section	.text.start,"ax",%progbits
  72              		.align	1
  73              		.syntax unified
  74              		.code	16
  75              		.thumb_func
  77              	start:
  78              	.LFB44:
 170:Lib/TM1637.c  ****     SCLK_Set();
  79              		.loc 1 170 1 is_stmt 1 view -0
  80              		.cfi_startproc
  81              		@ args = 0, pretend = 0, frame = 0
  82              		@ frame_needed = 0, uses_anonymous_args = 0
 171:Lib/TM1637.c  ****     SDIO_Set();
  83              		.loc 1 171 5 view .LVU13
 170:Lib/TM1637.c  ****     SCLK_Set();
  84              		.loc 1 170 1 is_stmt 0 view .LVU14
  85 0000 70B5     		push	{r4, r5, r6, lr}
  86              	.LCFI0:
  87              		.cfi_def_cfa_offset 16
  88              		.cfi_offset 4, -16
  89              		.cfi_offset 5, -12
  90              		.cfi_offset 6, -8
  91              		.cfi_offset 14, -4
 171:Lib/TM1637.c  ****     SDIO_Set();
  92              		.loc 1 171 5 view .LVU15
  93 0002 0123     		movs	r3, #1
 175:Lib/TM1637.c  **** 
  94              		.loc 1 175 1 view .LVU16
  95              		@ sp needed
 172:Lib/TM1637.c  ****     delay(2);
  96              		.loc 1 172 5 view .LVU17
  97 0004 0225     		movs	r5, #2
 171:Lib/TM1637.c  ****     SDIO_Set();
  98              		.loc 1 171 5 view .LVU18
  99 0006 044C     		ldr	r4, .L7
 173:Lib/TM1637.c  ****     SDIO_Reset();
 100              		.loc 1 173 5 view .LVU19
 101 0008 2800     		movs	r0, r5
 171:Lib/TM1637.c  ****     SDIO_Set();
 102              		.loc 1 171 5 view .LVU20
 103 000a A361     		str	r3, [r4, #24]
 172:Lib/TM1637.c  ****     delay(2);
 104              		.loc 1 172 5 is_stmt 1 view .LVU21
 105 000c A561     		str	r5, [r4, #24]
 173:Lib/TM1637.c  ****     SDIO_Reset();
 106              		.loc 1 173 5 view .LVU22
 107 000e FFF7FEFF 		bl	delay
ARM GAS  D:\Temp\ccoSXIpC.s 			page 7


 108              	.LVL5:
 174:Lib/TM1637.c  **** }
 109              		.loc 1 174 5 view .LVU23
 110 0012 A562     		str	r5, [r4, #40]
 175:Lib/TM1637.c  **** 
 111              		.loc 1 175 1 is_stmt 0 view .LVU24
 112 0014 70BD     		pop	{r4, r5, r6, pc}
 113              	.L8:
 114 0016 C046     		.align	2
 115              	.L7:
 116 0018 00140048 		.word	1207964672
 117              		.cfi_endproc
 118              	.LFE44:
 120              		.section	.text.WriteByte,"ax",%progbits
 121              		.align	1
 122              		.syntax unified
 123              		.code	16
 124              		.thumb_func
 126              	WriteByte:
 127              	.LVL6:
 128              	.LFB47:
 198:Lib/TM1637.c  **** 	for (uint8_t i = 0; i < 8; ++i) {
 129              		.loc 1 198 2 is_stmt 1 view -0
 130              		.cfi_startproc
 131              		@ args = 0, pretend = 0, frame = 0
 132              		@ frame_needed = 0, uses_anonymous_args = 0
 199:Lib/TM1637.c  **** 		SCLK_Reset();
 133              		.loc 1 199 2 view .LVU26
 134              	.LBB14:
 199:Lib/TM1637.c  **** 		SCLK_Reset();
 135              		.loc 1 199 7 view .LVU27
 199:Lib/TM1637.c  **** 		SCLK_Reset();
 136              		.loc 1 199 7 is_stmt 0 view .LVU28
 137              	.LBE14:
 198:Lib/TM1637.c  **** 	for (uint8_t i = 0; i < 8; ++i) {
 138              		.loc 1 198 2 view .LVU29
 139 0000 F8B5     		push	{r3, r4, r5, r6, r7, lr}
 140              	.LCFI1:
 141              		.cfi_def_cfa_offset 24
 142              		.cfi_offset 3, -24
 143              		.cfi_offset 4, -20
 144              		.cfi_offset 5, -16
 145              		.cfi_offset 6, -12
 146              		.cfi_offset 7, -8
 147              		.cfi_offset 14, -4
 198:Lib/TM1637.c  **** 	for (uint8_t i = 0; i < 8; ++i) {
 148              		.loc 1 198 2 view .LVU30
 149 0002 0500     		movs	r5, r0
 150              	.LVL7:
 151              	.LBB15:
 199:Lib/TM1637.c  **** 		SCLK_Reset();
 152              		.loc 1 199 24 is_stmt 1 discriminator 1 view .LVU31
 153              	.LBE15:
 198:Lib/TM1637.c  **** 	for (uint8_t i = 0; i < 8; ++i) {
 154              		.loc 1 198 2 is_stmt 0 view .LVU32
 155 0004 0824     		movs	r4, #8
 156              	.LBB16:
ARM GAS  D:\Temp\ccoSXIpC.s 			page 8


 200:Lib/TM1637.c  **** 		if (b & 0x01) {
 157              		.loc 1 200 3 view .LVU33
 158 0006 0127     		movs	r7, #1
 159              	.LVL8:
 160              	.L12:
 200:Lib/TM1637.c  **** 		if (b & 0x01) {
 161              		.loc 1 200 3 is_stmt 1 view .LVU34
 162 0008 0A4E     		ldr	r6, .L14
 202:Lib/TM1637.c  **** 		}
 163              		.loc 1 202 4 is_stmt 0 view .LVU35
 164 000a 0223     		movs	r3, #2
 200:Lib/TM1637.c  **** 		if (b & 0x01) {
 165              		.loc 1 200 3 view .LVU36
 166 000c B762     		str	r7, [r6, #40]
 201:Lib/TM1637.c  **** 			SDIO_Set();
 167              		.loc 1 201 3 is_stmt 1 view .LVU37
 201:Lib/TM1637.c  **** 			SDIO_Set();
 168              		.loc 1 201 6 is_stmt 0 view .LVU38
 169 000e 3D42     		tst	r5, r7
 170 0010 0DD0     		beq	.L10
 202:Lib/TM1637.c  **** 		}
 171              		.loc 1 202 4 is_stmt 1 view .LVU39
 172 0012 B361     		str	r3, [r6, #24]
 173              	.L11:
 207:Lib/TM1637.c  **** 		b >>= 1;
 174              		.loc 1 207 3 view .LVU40
 175 0014 0320     		movs	r0, #3
 199:Lib/TM1637.c  **** 		SCLK_Reset();
 176              		.loc 1 199 24 is_stmt 0 discriminator 1 view .LVU41
 177 0016 013C     		subs	r4, r4, #1
 178              	.LVL9:
 207:Lib/TM1637.c  **** 		b >>= 1;
 179              		.loc 1 207 3 view .LVU42
 180 0018 FFF7FEFF 		bl	delay
 181              	.LVL10:
 208:Lib/TM1637.c  **** 		SCLK_Set();
 182              		.loc 1 208 3 is_stmt 1 view .LVU43
 199:Lib/TM1637.c  **** 		SCLK_Reset();
 183              		.loc 1 199 24 is_stmt 0 discriminator 1 view .LVU44
 184 001c E4B2     		uxtb	r4, r4
 210:Lib/TM1637.c  **** 	}
 185              		.loc 1 210 3 view .LVU45
 186 001e 0320     		movs	r0, #3
 209:Lib/TM1637.c  **** 		delay(3);
 187              		.loc 1 209 3 view .LVU46
 188 0020 B761     		str	r7, [r6, #24]
 210:Lib/TM1637.c  **** 	}
 189              		.loc 1 210 3 view .LVU47
 190 0022 FFF7FEFF 		bl	delay
 191              	.LVL11:
 208:Lib/TM1637.c  **** 		SCLK_Set();
 192              		.loc 1 208 5 view .LVU48
 193 0026 6D08     		lsrs	r5, r5, #1
 194              	.LVL12:
 209:Lib/TM1637.c  **** 		delay(3);
 195              		.loc 1 209 3 is_stmt 1 view .LVU49
 210:Lib/TM1637.c  **** 	}
ARM GAS  D:\Temp\ccoSXIpC.s 			page 9


 196              		.loc 1 210 3 view .LVU50
 199:Lib/TM1637.c  **** 		SCLK_Reset();
 197              		.loc 1 199 29 discriminator 2 view .LVU51
 199:Lib/TM1637.c  **** 		SCLK_Reset();
 198              		.loc 1 199 24 discriminator 1 view .LVU52
 199 0028 002C     		cmp	r4, #0
 200 002a EDD1     		bne	.L12
 201              	.LBE16:
 212:Lib/TM1637.c  **** 	
 202              		.loc 1 212 1 is_stmt 0 view .LVU53
 203              		@ sp needed
 204              	.LVL13:
 212:Lib/TM1637.c  **** 	
 205              		.loc 1 212 1 view .LVU54
 206 002c F8BD     		pop	{r3, r4, r5, r6, r7, pc}
 207              	.LVL14:
 208              	.L10:
 209              	.LBB17:
 205:Lib/TM1637.c  **** 		}
 210              		.loc 1 205 4 is_stmt 1 view .LVU55
 211 002e B362     		str	r3, [r6, #40]
 212 0030 F0E7     		b	.L11
 213              	.L15:
 214 0032 C046     		.align	2
 215              	.L14:
 216 0034 00140048 		.word	1207964672
 217              	.LBE17:
 218              		.cfi_endproc
 219              	.LFE47:
 221              		.section	.text.waitACK,"ax",%progbits
 222              		.align	1
 223              		.syntax unified
 224              		.code	16
 225              		.thumb_func
 227              	waitACK:
 228              	.LFB46:
 189:Lib/TM1637.c  ****     SCLK_Reset();
 229              		.loc 1 189 1 view -0
 230              		.cfi_startproc
 231              		@ args = 0, pretend = 0, frame = 0
 232              		@ frame_needed = 0, uses_anonymous_args = 0
 190:Lib/TM1637.c  ****     delay(5);
 233              		.loc 1 190 5 view .LVU57
 189:Lib/TM1637.c  ****     SCLK_Reset();
 234              		.loc 1 189 1 is_stmt 0 view .LVU58
 235 0000 70B5     		push	{r4, r5, r6, lr}
 236              	.LCFI2:
 237              		.cfi_def_cfa_offset 16
 238              		.cfi_offset 4, -16
 239              		.cfi_offset 5, -12
 240              		.cfi_offset 6, -8
 241              		.cfi_offset 14, -4
 190:Lib/TM1637.c  ****     delay(5);
 242              		.loc 1 190 5 view .LVU59
 243 0002 0125     		movs	r5, #1
 195:Lib/TM1637.c  **** 
 244              		.loc 1 195 1 view .LVU60
ARM GAS  D:\Temp\ccoSXIpC.s 			page 10


 245              		@ sp needed
 190:Lib/TM1637.c  ****     delay(5);
 246              		.loc 1 190 5 view .LVU61
 247 0004 054C     		ldr	r4, .L17
 191:Lib/TM1637.c  ****     SCLK_Set();
 248              		.loc 1 191 5 view .LVU62
 249 0006 0520     		movs	r0, #5
 190:Lib/TM1637.c  ****     delay(5);
 250              		.loc 1 190 5 view .LVU63
 251 0008 A562     		str	r5, [r4, #40]
 191:Lib/TM1637.c  ****     SCLK_Set();
 252              		.loc 1 191 5 is_stmt 1 view .LVU64
 253 000a FFF7FEFF 		bl	delay
 254              	.LVL15:
 192:Lib/TM1637.c  ****     delay(2);
 255              		.loc 1 192 5 view .LVU65
 256 000e A561     		str	r5, [r4, #24]
 193:Lib/TM1637.c  ****     SCLK_Reset();
 257              		.loc 1 193 5 view .LVU66
 258 0010 0220     		movs	r0, #2
 259 0012 FFF7FEFF 		bl	delay
 260              	.LVL16:
 194:Lib/TM1637.c  **** }
 261              		.loc 1 194 5 view .LVU67
 262 0016 A562     		str	r5, [r4, #40]
 195:Lib/TM1637.c  **** 
 263              		.loc 1 195 1 is_stmt 0 view .LVU68
 264 0018 70BD     		pop	{r4, r5, r6, pc}
 265              	.L18:
 266 001a C046     		.align	2
 267              	.L17:
 268 001c 00140048 		.word	1207964672
 269              		.cfi_endproc
 270              	.LFE46:
 272              		.section	.text.stop,"ax",%progbits
 273              		.align	1
 274              		.syntax unified
 275              		.code	16
 276              		.thumb_func
 278              	stop:
 279              	.LFB45:
 178:Lib/TM1637.c  ****     SCLK_Reset();
 280              		.loc 1 178 1 is_stmt 1 view -0
 281              		.cfi_startproc
 282              		@ args = 0, pretend = 0, frame = 0
 283              		@ frame_needed = 0, uses_anonymous_args = 0
 179:Lib/TM1637.c  ****     delay(2);
 284              		.loc 1 179 5 view .LVU70
 178:Lib/TM1637.c  ****     SCLK_Reset();
 285              		.loc 1 178 1 is_stmt 0 view .LVU71
 286 0000 70B5     		push	{r4, r5, r6, lr}
 287              	.LCFI3:
 288              		.cfi_def_cfa_offset 16
 289              		.cfi_offset 4, -16
 290              		.cfi_offset 5, -12
 291              		.cfi_offset 6, -8
 292              		.cfi_offset 14, -4
ARM GAS  D:\Temp\ccoSXIpC.s 			page 11


 179:Lib/TM1637.c  ****     delay(2);
 293              		.loc 1 179 5 view .LVU72
 294 0002 0126     		movs	r6, #1
 186:Lib/TM1637.c  **** 
 295              		.loc 1 186 1 view .LVU73
 296              		@ sp needed
 181:Lib/TM1637.c  ****     delay(2);
 297              		.loc 1 181 5 view .LVU74
 298 0004 0225     		movs	r5, #2
 179:Lib/TM1637.c  ****     delay(2);
 299              		.loc 1 179 5 view .LVU75
 300 0006 074C     		ldr	r4, .L20
 180:Lib/TM1637.c  ****     SDIO_Reset();
 301              		.loc 1 180 5 view .LVU76
 302 0008 0220     		movs	r0, #2
 179:Lib/TM1637.c  ****     delay(2);
 303              		.loc 1 179 5 view .LVU77
 304 000a A662     		str	r6, [r4, #40]
 180:Lib/TM1637.c  ****     SDIO_Reset();
 305              		.loc 1 180 5 is_stmt 1 view .LVU78
 306 000c FFF7FEFF 		bl	delay
 307              	.LVL17:
 181:Lib/TM1637.c  ****     delay(2);
 308              		.loc 1 181 5 view .LVU79
 182:Lib/TM1637.c  ****     SCLK_Set();
 309              		.loc 1 182 5 is_stmt 0 view .LVU80
 310 0010 2800     		movs	r0, r5
 181:Lib/TM1637.c  ****     delay(2);
 311              		.loc 1 181 5 view .LVU81
 312 0012 A562     		str	r5, [r4, #40]
 182:Lib/TM1637.c  ****     SCLK_Set();
 313              		.loc 1 182 5 is_stmt 1 view .LVU82
 314 0014 FFF7FEFF 		bl	delay
 315              	.LVL18:
 183:Lib/TM1637.c  ****     delay(2);
 316              		.loc 1 183 5 view .LVU83
 184:Lib/TM1637.c  ****     SDIO_Set();
 317              		.loc 1 184 5 is_stmt 0 view .LVU84
 318 0018 2800     		movs	r0, r5
 183:Lib/TM1637.c  ****     delay(2);
 319              		.loc 1 183 5 view .LVU85
 320 001a A661     		str	r6, [r4, #24]
 184:Lib/TM1637.c  ****     SDIO_Set();
 321              		.loc 1 184 5 is_stmt 1 view .LVU86
 322 001c FFF7FEFF 		bl	delay
 323              	.LVL19:
 185:Lib/TM1637.c  **** }
 324              		.loc 1 185 5 view .LVU87
 325 0020 A561     		str	r5, [r4, #24]
 186:Lib/TM1637.c  **** 
 326              		.loc 1 186 1 is_stmt 0 view .LVU88
 327 0022 70BD     		pop	{r4, r5, r6, pc}
 328              	.L21:
 329              		.align	2
 330              	.L20:
 331 0024 00140048 		.word	1207964672
 332              		.cfi_endproc
ARM GAS  D:\Temp\ccoSXIpC.s 			page 12


 333              	.LFE45:
 335              		.section	.text.power,"ax",%progbits
 336              		.align	1
 337              		.global	power
 338              		.syntax unified
 339              		.code	16
 340              		.thumb_func
 342              	power:
 343              	.LVL20:
 344              	.LFB37:
  37:Lib/TM1637.c  **** 	uint32_t rst = 1;
 345              		.loc 1 37 39 is_stmt 1 view -0
 346              		.cfi_startproc
 347              		@ args = 0, pretend = 0, frame = 0
 348              		@ frame_needed = 0, uses_anonymous_args = 0
 349              		@ link register save eliminated.
  38:Lib/TM1637.c  **** 	while (n--) {
 350              		.loc 1 38 2 view .LVU90
  39:Lib/TM1637.c  **** 		rst *= x;
 351              		.loc 1 39 2 view .LVU91
  37:Lib/TM1637.c  **** 	uint32_t rst = 1;
 352              		.loc 1 37 39 is_stmt 0 view .LVU92
 353 0000 0300     		movs	r3, r0
  38:Lib/TM1637.c  **** 	while (n--) {
 354              		.loc 1 38 11 view .LVU93
 355 0002 0120     		movs	r0, #1
 356              	.LVL21:
 357              	.L23:
  39:Lib/TM1637.c  **** 		rst *= x;
 358              		.loc 1 39 9 is_stmt 1 view .LVU94
  39:Lib/TM1637.c  **** 		rst *= x;
 359              		.loc 1 39 10 is_stmt 0 view .LVU95
 360 0004 0139     		subs	r1, r1, #1
 361              	.LVL22:
  39:Lib/TM1637.c  **** 		rst *= x;
 362              		.loc 1 39 10 view .LVU96
 363 0006 C9B2     		uxtb	r1, r1
 364              	.LVL23:
  39:Lib/TM1637.c  **** 		rst *= x;
 365              		.loc 1 39 9 view .LVU97
 366 0008 FF29     		cmp	r1, #255
 367 000a 00D1     		bne	.L24
  42:Lib/TM1637.c  **** }
 368              		.loc 1 42 2 is_stmt 1 view .LVU98
  43:Lib/TM1637.c  **** 
 369              		.loc 1 43 1 is_stmt 0 view .LVU99
 370              		@ sp needed
 371 000c 7047     		bx	lr
 372              	.L24:
  40:Lib/TM1637.c  **** 	}
 373              		.loc 1 40 3 is_stmt 1 view .LVU100
  40:Lib/TM1637.c  **** 	}
 374              		.loc 1 40 7 is_stmt 0 view .LVU101
 375 000e 5843     		muls	r0, r3
 376              	.LVL24:
  40:Lib/TM1637.c  **** 	}
 377              		.loc 1 40 7 view .LVU102
ARM GAS  D:\Temp\ccoSXIpC.s 			page 13


 378 0010 F8E7     		b	.L23
 379              		.cfi_endproc
 380              	.LFE37:
 382              		.section	.text.TM1637SetBrightness,"ax",%progbits
 383              		.align	1
 384              		.global	TM1637SetBrightness
 385              		.syntax unified
 386              		.code	16
 387              		.thumb_func
 389              	TM1637SetBrightness:
 390              	.LVL25:
 391              	.LFB39:
  51:Lib/TM1637.c  ****     // Brightness command:
 392              		.loc 1 51 1 is_stmt 1 view -0
 393              		.cfi_startproc
 394              		@ args = 0, pretend = 0, frame = 0
 395              		@ frame_needed = 0, uses_anonymous_args = 0
  57:Lib/TM1637.c  ****     WriteByte(0x87 + brightness);
 396              		.loc 1 57 5 view .LVU104
  51:Lib/TM1637.c  ****     // Brightness command:
 397              		.loc 1 51 1 is_stmt 0 view .LVU105
 398 0000 10B5     		push	{r4, lr}
 399              	.LCFI4:
 400              		.cfi_def_cfa_offset 8
 401              		.cfi_offset 4, -8
 402              		.cfi_offset 14, -4
  51:Lib/TM1637.c  ****     // Brightness command:
 403              		.loc 1 51 1 view .LVU106
 404 0002 0400     		movs	r4, r0
  62:Lib/TM1637.c  **** 
 405              		.loc 1 62 1 view .LVU107
 406              		@ sp needed
  58:Lib/TM1637.c  ****     waitACK();
 407              		.loc 1 58 5 view .LVU108
 408 0004 793C     		subs	r4, r4, #121
  57:Lib/TM1637.c  ****     WriteByte(0x87 + brightness);
 409              		.loc 1 57 5 view .LVU109
 410 0006 FFF7FEFF 		bl	start
 411              	.LVL26:
  58:Lib/TM1637.c  ****     waitACK();
 412              		.loc 1 58 5 is_stmt 1 view .LVU110
 413 000a E0B2     		uxtb	r0, r4
 414 000c FFF7FEFF 		bl	WriteByte
 415              	.LVL27:
  59:Lib/TM1637.c  ****     stop();
 416              		.loc 1 59 5 view .LVU111
 417 0010 FFF7FEFF 		bl	waitACK
 418              	.LVL28:
  60:Lib/TM1637.c  **** 
 419              		.loc 1 60 5 view .LVU112
 420 0014 FFF7FEFF 		bl	stop
 421              	.LVL29:
 422              	.LVL30:
  62:Lib/TM1637.c  **** 
 423              		.loc 1 62 1 is_stmt 0 view .LVU113
 424 0018 10BD     		pop	{r4, pc}
 425              		.cfi_endproc
ARM GAS  D:\Temp\ccoSXIpC.s 			page 14


 426              	.LFE39:
 428              		.section	.text.TM1637Init,"ax",%progbits
 429              		.align	1
 430              		.global	TM1637Init
 431              		.syntax unified
 432              		.code	16
 433              		.thumb_func
 435              	TM1637Init:
 436              	.LFB38:
  46:Lib/TM1637.c  ****     TM1637SetBrightness(8);
 437              		.loc 1 46 1 is_stmt 1 view -0
 438              		.cfi_startproc
 439              		@ args = 0, pretend = 0, frame = 0
 440              		@ frame_needed = 0, uses_anonymous_args = 0
  47:Lib/TM1637.c  **** }
 441              		.loc 1 47 5 view .LVU115
  46:Lib/TM1637.c  ****     TM1637SetBrightness(8);
 442              		.loc 1 46 1 is_stmt 0 view .LVU116
 443 0000 10B5     		push	{r4, lr}
 444              	.LCFI5:
 445              		.cfi_def_cfa_offset 8
 446              		.cfi_offset 4, -8
 447              		.cfi_offset 14, -4
  47:Lib/TM1637.c  **** }
 448              		.loc 1 47 5 view .LVU117
 449 0002 0820     		movs	r0, #8
  48:Lib/TM1637.c  **** 
 450              		.loc 1 48 1 view .LVU118
 451              		@ sp needed
  47:Lib/TM1637.c  **** }
 452              		.loc 1 47 5 view .LVU119
 453 0004 FFF7FEFF 		bl	TM1637SetBrightness
 454              	.LVL31:
  48:Lib/TM1637.c  **** 
 455              		.loc 1 48 1 view .LVU120
 456 0008 10BD     		pop	{r4, pc}
 457              		.cfi_endproc
 458              	.LFE38:
 460              		.global	__aeabi_uidivmod
 461              		.global	__aeabi_uidiv
 462              		.section	.text.TM1637ShowNumberLeft,"ax",%progbits
 463              		.align	1
 464              		.global	TM1637ShowNumberLeft
 465              		.syntax unified
 466              		.code	16
 467              		.thumb_func
 469              	TM1637ShowNumberLeft:
 470              	.LVL32:
 471              	.LFB40:
  64:Lib/TM1637.c  **** 
 472              		.loc 1 64 79 is_stmt 1 view -0
 473              		.cfi_startproc
 474              		@ args = 0, pretend = 0, frame = 24
 475              		@ frame_needed = 0, uses_anonymous_args = 0
  66:Lib/TM1637.c  **** 	uint8_t n = 6;
 476              		.loc 1 66 2 view .LVU122
  66:Lib/TM1637.c  **** 	uint8_t n = 6;
ARM GAS  D:\Temp\ccoSXIpC.s 			page 15


 477              		.loc 1 66 10 is_stmt 0 view .LVU123
 478 0000 0623     		movs	r3, #6
  64:Lib/TM1637.c  **** 
 479              		.loc 1 64 79 view .LVU124
 480 0002 F0B5     		push	{r4, r5, r6, r7, lr}
 481              	.LCFI6:
 482              		.cfi_def_cfa_offset 20
 483              		.cfi_offset 4, -20
 484              		.cfi_offset 5, -16
 485              		.cfi_offset 6, -12
 486              		.cfi_offset 7, -8
 487              		.cfi_offset 14, -4
 488 0004 0400     		movs	r4, r0
 489              	.LBB18:
 490              	.LBB19:
 491              	.LBB20:
  40:Lib/TM1637.c  **** 	}
 492              		.loc 1 40 7 view .LVU125
 493 0006 0A27     		movs	r7, #10
 494              	.LBE20:
 495              	.LBE19:
 496              	.LBE18:
  64:Lib/TM1637.c  **** 
 497              		.loc 1 64 79 view .LVU126
 498 0008 0D00     		movs	r5, r1
 499 000a 87B0     		sub	sp, sp, #28
 500              	.LCFI7:
 501              		.cfi_def_cfa_offset 48
  66:Lib/TM1637.c  **** 	uint8_t n = 6;
 502              		.loc 1 66 10 view .LVU127
 503 000c 191A     		subs	r1, r3, r0
 504              	.LVL33:
  64:Lib/TM1637.c  **** 
 505              		.loc 1 64 79 view .LVU128
 506 000e 0292     		str	r2, [sp, #8]
  66:Lib/TM1637.c  **** 	uint8_t n = 6;
 507              		.loc 1 66 10 view .LVU129
 508 0010 C9B2     		uxtb	r1, r1
 509              	.LVL34:
  67:Lib/TM1637.c  **** 	do {
 510              		.loc 1 67 2 is_stmt 1 view .LVU130
 511              	.L31:
  68:Lib/TM1637.c  **** 		uint32_t dig = num / power(10, n - 1);
 512              		.loc 1 68 2 view .LVU131
 513              	.LBB25:
  69:Lib/TM1637.c  **** 		if (dig != 0) {
 514              		.loc 1 69 3 view .LVU132
 515 0012 1800     		movs	r0, r3
  69:Lib/TM1637.c  **** 		if (dig != 0) {
 516              		.loc 1 69 24 is_stmt 0 view .LVU133
 517 0014 013B     		subs	r3, r3, #1
 518              	.LVL35:
  69:Lib/TM1637.c  **** 		if (dig != 0) {
 519              		.loc 1 69 24 view .LVU134
 520 0016 DBB2     		uxtb	r3, r3
 521              	.LVL36:
 522              	.LBB23:
ARM GAS  D:\Temp\ccoSXIpC.s 			page 16


 523              	.LBI19:
  37:Lib/TM1637.c  **** 	uint32_t rst = 1;
 524              		.loc 1 37 10 is_stmt 1 view .LVU135
 525              	.LBB21:
  38:Lib/TM1637.c  **** 	while (n--) {
 526              		.loc 1 38 2 view .LVU136
  39:Lib/TM1637.c  **** 		rst *= x;
 527              		.loc 1 39 2 view .LVU137
  39:Lib/TM1637.c  **** 		rst *= x;
 528              		.loc 1 39 8 is_stmt 0 view .LVU138
 529 0018 1A00     		movs	r2, r3
  38:Lib/TM1637.c  **** 	while (n--) {
 530              		.loc 1 38 11 view .LVU139
 531 001a 0126     		movs	r6, #1
 532              	.LVL37:
 533              	.L28:
  39:Lib/TM1637.c  **** 		rst *= x;
 534              		.loc 1 39 9 is_stmt 1 view .LVU140
  39:Lib/TM1637.c  **** 		rst *= x;
 535              		.loc 1 39 10 is_stmt 0 view .LVU141
 536 001c 013A     		subs	r2, r2, #1
 537              	.LVL38:
  39:Lib/TM1637.c  **** 		rst *= x;
 538              		.loc 1 39 10 view .LVU142
 539 001e D2B2     		uxtb	r2, r2
 540              	.LVL39:
  39:Lib/TM1637.c  **** 		rst *= x;
 541              		.loc 1 39 9 view .LVU143
 542 0020 FF2A     		cmp	r2, #255
 543 0022 2ED1     		bne	.L29
  42:Lib/TM1637.c  **** }
 544              		.loc 1 42 2 is_stmt 1 view .LVU144
 545              	.LVL40:
  42:Lib/TM1637.c  **** }
 546              		.loc 1 42 2 is_stmt 0 view .LVU145
 547              	.LBE21:
 548              	.LBE23:
  70:Lib/TM1637.c  **** 			break;
 549              		.loc 1 70 3 is_stmt 1 view .LVU146
  70:Lib/TM1637.c  **** 			break;
 550              		.loc 1 70 6 is_stmt 0 view .LVU147
 551 0024 AE42     		cmp	r6, r5
 552 0026 2ED9     		bls	.L30
 553              	.LBE25:
  73:Lib/TM1637.c  **** 
 554              		.loc 1 73 11 is_stmt 1 view .LVU148
 555              	.LVL41:
  73:Lib/TM1637.c  **** 
 556              		.loc 1 73 11 is_stmt 0 view .LVU149
 557 0028 002B     		cmp	r3, #0
 558 002a F2D1     		bne	.L31
 559              	.LVL42:
 560              	.L32:
 561              	.LBB26:
  78:Lib/TM1637.c  **** 		digits[i] = numbersMap[num % 10];
 562              		.loc 1 78 2 view .LVU150
 563 002c 0026     		movs	r6, #0
ARM GAS  D:\Temp\ccoSXIpC.s 			page 17


 564              	.LVL43:
  78:Lib/TM1637.c  **** 		digits[i] = numbersMap[num % 10];
 565              		.loc 1 78 2 view .LVU151
 566              	.LBE26:
  75:Lib/TM1637.c  **** 
 567              		.loc 1 75 7 view .LVU152
 568 002e DBB2     		uxtb	r3, r3
 569 0030 0193     		str	r3, [sp, #4]
 570              	.LVL44:
  77:Lib/TM1637.c  **** 	for (uint8_t i = 0; i < size; i++) {
 571              		.loc 1 77 2 is_stmt 1 view .LVU153
  78:Lib/TM1637.c  **** 		digits[i] = numbersMap[num % 10];
 572              		.loc 1 78 2 view .LVU154
 573              	.LBB27:
  78:Lib/TM1637.c  **** 		digits[i] = numbersMap[num % 10];
 574              		.loc 1 78 7 view .LVU155
  79:Lib/TM1637.c  **** 		if (pointLocation == i) {
 575              		.loc 1 79 25 is_stmt 0 view .LVU156
 576 0032 224B     		ldr	r3, .L39
 577 0034 0393     		str	r3, [sp, #12]
 578              	.LVL45:
 579              	.L33:
  78:Lib/TM1637.c  **** 		digits[i] = numbersMap[num % 10];
 580              		.loc 1 78 24 is_stmt 1 discriminator 1 view .LVU157
 581 0036 019B     		ldr	r3, [sp, #4]
 582 0038 F7B2     		uxtb	r7, r6
 583 003a BB42     		cmp	r3, r7
 584 003c 28D8     		bhi	.L35
  78:Lib/TM1637.c  **** 		digits[i] = numbersMap[num % 10];
 585              		.loc 1 78 24 is_stmt 0 discriminator 1 view .LVU158
 586              	.LBE27:
  86:Lib/TM1637.c  **** 	WriteByte(0x40);
 587              		.loc 1 86 2 is_stmt 1 view .LVU159
 588 003e FFF7FEFF 		bl	start
 589              	.LVL46:
  87:Lib/TM1637.c  **** 	waitACK();
 590              		.loc 1 87 2 view .LVU160
  92:Lib/TM1637.c  **** 	waitACK();
 591              		.loc 1 92 2 is_stmt 0 view .LVU161
 592 0042 403C     		subs	r4, r4, #64
 593              	.LVL47:
  87:Lib/TM1637.c  **** 	waitACK();
 594              		.loc 1 87 2 view .LVU162
 595 0044 4020     		movs	r0, #64
 596 0046 FFF7FEFF 		bl	WriteByte
 597              	.LVL48:
  88:Lib/TM1637.c  **** 	stop();
 598              		.loc 1 88 2 is_stmt 1 view .LVU163
 599 004a FFF7FEFF 		bl	waitACK
 600              	.LVL49:
  89:Lib/TM1637.c  **** 
 601              		.loc 1 89 2 view .LVU164
 602 004e FFF7FEFF 		bl	stop
 603              	.LVL50:
  91:Lib/TM1637.c  **** 	WriteByte(0xc0 + index);
 604              		.loc 1 91 2 view .LVU165
 605 0052 FFF7FEFF 		bl	start
ARM GAS  D:\Temp\ccoSXIpC.s 			page 18


 606              	.LVL51:
  92:Lib/TM1637.c  **** 	waitACK();
 607              		.loc 1 92 2 view .LVU166
 608 0056 E0B2     		uxtb	r0, r4
 609 0058 FFF7FEFF 		bl	WriteByte
 610              	.LVL52:
  93:Lib/TM1637.c  **** 
 611              		.loc 1 93 2 view .LVU167
 612 005c 0124     		movs	r4, #1
 613              	.LVL53:
  93:Lib/TM1637.c  **** 
 614              		.loc 1 93 2 is_stmt 0 view .LVU168
 615 005e FFF7FEFF 		bl	waitACK
 616              	.LVL54:
  95:Lib/TM1637.c  **** 		WriteByte(digits[size - 1 - i]);
 617              		.loc 1 95 2 is_stmt 1 view .LVU169
 618              	.LBB28:
  95:Lib/TM1637.c  **** 		WriteByte(digits[size - 1 - i]);
 619              		.loc 1 95 7 view .LVU170
  95:Lib/TM1637.c  **** 		WriteByte(digits[size - 1 - i]);
 620              		.loc 1 95 24 discriminator 1 view .LVU171
 621              	.L36:
  96:Lib/TM1637.c  **** 		waitACK();
 622              		.loc 1 96 3 view .LVU172
 623 0062 019B     		ldr	r3, [sp, #4]
 624 0064 04AA     		add	r2, sp, #16
 625 0066 9B18     		adds	r3, r3, r2
 626 0068 6242     		rsbs	r2, r4, #0
 627 006a 985C     		ldrb	r0, [r3, r2]
  95:Lib/TM1637.c  **** 		WriteByte(digits[size - 1 - i]);
 628              		.loc 1 95 24 is_stmt 0 discriminator 1 view .LVU173
 629 006c 0134     		adds	r4, r4, #1
 630              	.LVL55:
  96:Lib/TM1637.c  **** 		waitACK();
 631              		.loc 1 96 3 view .LVU174
 632 006e FFF7FEFF 		bl	WriteByte
 633              	.LVL56:
  97:Lib/TM1637.c  **** 	}
 634              		.loc 1 97 3 is_stmt 1 view .LVU175
 635 0072 FFF7FEFF 		bl	waitACK
 636              	.LVL57:
  95:Lib/TM1637.c  **** 		WriteByte(digits[size - 1 - i]);
 637              		.loc 1 95 29 discriminator 3 view .LVU176
  95:Lib/TM1637.c  **** 		WriteByte(digits[size - 1 - i]);
 638              		.loc 1 95 24 discriminator 1 view .LVU177
 639 0076 072C     		cmp	r4, #7
 640 0078 F3D1     		bne	.L36
 641              	.LBE28:
 100:Lib/TM1637.c  **** }
 642              		.loc 1 100 2 view .LVU178
 643 007a FFF7FEFF 		bl	stop
 644              	.LVL58:
 101:Lib/TM1637.c  **** 
 645              		.loc 1 101 1 is_stmt 0 view .LVU179
 646 007e 07B0     		add	sp, sp, #28
 647              		@ sp needed
 648              	.LVL59:
ARM GAS  D:\Temp\ccoSXIpC.s 			page 19


 649              	.LVL60:
 650              	.LVL61:
 101:Lib/TM1637.c  **** 
 651              		.loc 1 101 1 view .LVU180
 652 0080 F0BD     		pop	{r4, r5, r6, r7, pc}
 653              	.LVL62:
 654              	.L29:
 655              	.LBB29:
 656              	.LBB24:
 657              	.LBB22:
  40:Lib/TM1637.c  **** 	}
 658              		.loc 1 40 3 is_stmt 1 view .LVU181
  40:Lib/TM1637.c  **** 	}
 659              		.loc 1 40 7 is_stmt 0 view .LVU182
 660 0082 7E43     		muls	r6, r7
 661              	.LVL63:
  40:Lib/TM1637.c  **** 	}
 662              		.loc 1 40 7 view .LVU183
 663 0084 CAE7     		b	.L28
 664              	.LVL64:
 665              	.L30:
  40:Lib/TM1637.c  **** 	}
 666              		.loc 1 40 7 view .LVU184
 667              	.LBE22:
 668              	.LBE24:
 669              	.LBE29:
  75:Lib/TM1637.c  **** 
 670              		.loc 1 75 2 is_stmt 1 view .LVU185
  75:Lib/TM1637.c  **** 
 671              		.loc 1 75 7 is_stmt 0 view .LVU186
 672 0086 031C     		adds	r3, r0, #0
 673 0088 8842     		cmp	r0, r1
 674 008a CFD9     		bls	.L32
 675 008c 0B1C     		adds	r3, r1, #0
 676 008e CDE7     		b	.L32
 677              	.LVL65:
 678              	.L35:
 679              	.LBB30:
  79:Lib/TM1637.c  **** 		if (pointLocation == i) {
 680              		.loc 1 79 3 is_stmt 1 view .LVU187
  79:Lib/TM1637.c  **** 		if (pointLocation == i) {
 681              		.loc 1 79 30 is_stmt 0 view .LVU188
 682 0090 0A21     		movs	r1, #10
 683 0092 2800     		movs	r0, r5
 684 0094 FFF7FEFF 		bl	__aeabi_uidivmod
 685              	.LVL66:
  79:Lib/TM1637.c  **** 		if (pointLocation == i) {
 686              		.loc 1 79 25 view .LVU189
 687 0098 039B     		ldr	r3, [sp, #12]
  80:Lib/TM1637.c  **** 			digits[i] |= 0x80;
 688              		.loc 1 80 6 view .LVU190
 689 009a 029A     		ldr	r2, [sp, #8]
  79:Lib/TM1637.c  **** 		if (pointLocation == i) {
 690              		.loc 1 79 25 view .LVU191
 691 009c 5B5C     		ldrb	r3, [r3, r1]
  80:Lib/TM1637.c  **** 			digits[i] |= 0x80;
 692              		.loc 1 80 3 is_stmt 1 view .LVU192
ARM GAS  D:\Temp\ccoSXIpC.s 			page 20


  80:Lib/TM1637.c  **** 			digits[i] |= 0x80;
 693              		.loc 1 80 6 is_stmt 0 view .LVU193
 694 009e BA42     		cmp	r2, r7
 695 00a0 03D1     		bne	.L34
  81:Lib/TM1637.c  **** 		}
 696              		.loc 1 81 4 is_stmt 1 view .LVU194
  81:Lib/TM1637.c  **** 		}
 697              		.loc 1 81 14 is_stmt 0 view .LVU195
 698 00a2 8022     		movs	r2, #128
 699 00a4 5242     		rsbs	r2, r2, #0
 700 00a6 1343     		orrs	r3, r2
 701 00a8 DBB2     		uxtb	r3, r3
 702              	.L34:
  79:Lib/TM1637.c  **** 		if (pointLocation == i) {
 703              		.loc 1 79 13 view .LVU196
 704 00aa 04AA     		add	r2, sp, #16
  83:Lib/TM1637.c  **** 	}
 705              		.loc 1 83 7 view .LVU197
 706 00ac 2800     		movs	r0, r5
  79:Lib/TM1637.c  **** 		if (pointLocation == i) {
 707              		.loc 1 79 13 view .LVU198
 708 00ae 9355     		strb	r3, [r2, r6]
  83:Lib/TM1637.c  **** 	}
 709              		.loc 1 83 3 is_stmt 1 view .LVU199
  83:Lib/TM1637.c  **** 	}
 710              		.loc 1 83 7 is_stmt 0 view .LVU200
 711 00b0 0A21     		movs	r1, #10
 712 00b2 FFF7FEFF 		bl	__aeabi_uidiv
 713              	.LVL67:
 714 00b6 0136     		adds	r6, r6, #1
 715              	.LVL68:
  83:Lib/TM1637.c  **** 	}
 716              		.loc 1 83 7 view .LVU201
 717 00b8 0500     		movs	r5, r0
 718              	.LVL69:
  78:Lib/TM1637.c  **** 		digits[i] = numbersMap[num % 10];
 719              		.loc 1 78 33 is_stmt 1 discriminator 2 view .LVU202
  78:Lib/TM1637.c  **** 		digits[i] = numbersMap[num % 10];
 720              		.loc 1 78 33 is_stmt 0 discriminator 2 view .LVU203
 721 00ba BCE7     		b	.L33
 722              	.L40:
 723              		.align	2
 724              	.L39:
 725 00bc 00000000 		.word	numbersMap
 726              	.LBE30:
 727              		.cfi_endproc
 728              	.LFE40:
 730              		.section	.text.TM1637ShowNumberRight,"ax",%progbits
 731              		.align	1
 732              		.global	TM1637ShowNumberRight
 733              		.syntax unified
 734              		.code	16
 735              		.thumb_func
 737              	TM1637ShowNumberRight:
 738              	.LVL70:
 739              	.LFB41:
 103:Lib/TM1637.c  **** 
ARM GAS  D:\Temp\ccoSXIpC.s 			page 21


 740              		.loc 1 103 103 is_stmt 1 view -0
 741              		.cfi_startproc
 742              		@ args = 0, pretend = 0, frame = 24
 743              		@ frame_needed = 0, uses_anonymous_args = 0
 105:Lib/TM1637.c  **** 	do {
 744              		.loc 1 105 2 view .LVU205
 103:Lib/TM1637.c  **** 
 745              		.loc 1 103 103 is_stmt 0 view .LVU206
 746 0000 F0B5     		push	{r4, r5, r6, r7, lr}
 747              	.LCFI8:
 748              		.cfi_def_cfa_offset 20
 749              		.cfi_offset 4, -20
 750              		.cfi_offset 5, -16
 751              		.cfi_offset 6, -12
 752              		.cfi_offset 7, -8
 753              		.cfi_offset 14, -4
 754 0002 87B0     		sub	sp, sp, #28
 755              	.LCFI9:
 756              		.cfi_def_cfa_offset 48
 103:Lib/TM1637.c  **** 
 757              		.loc 1 103 103 view .LVU207
 758 0004 0C00     		movs	r4, r1
 759 0006 0293     		str	r3, [sp, #8]
 760              	.LBB31:
 761              	.LBB32:
 762              	.LBB33:
  40:Lib/TM1637.c  **** 	}
 763              		.loc 1 40 7 view .LVU208
 764 0008 0A21     		movs	r1, #10
 765              	.LVL71:
  40:Lib/TM1637.c  **** 	}
 766              		.loc 1 40 7 view .LVU209
 767              	.LBE33:
 768              	.LBE32:
 769              	.LBE31:
 105:Lib/TM1637.c  **** 	do {
 770              		.loc 1 105 10 view .LVU210
 771 000a 0623     		movs	r3, #6
 772              	.LVL72:
 103:Lib/TM1637.c  **** 
 773              		.loc 1 103 103 view .LVU211
 774 000c 0090     		str	r0, [sp]
 775 000e 0192     		str	r2, [sp, #4]
 776              	.LVL73:
 777              	.L45:
 106:Lib/TM1637.c  **** 		uint32_t dig = num / power(10, n - 1);
 778              		.loc 1 106 2 is_stmt 1 view .LVU212
 779              	.LBB38:
 107:Lib/TM1637.c  **** 		if (dig != 0) {
 780              		.loc 1 107 3 view .LVU213
 781 0010 1F00     		movs	r7, r3
 107:Lib/TM1637.c  **** 		if (dig != 0) {
 782              		.loc 1 107 24 is_stmt 0 view .LVU214
 783 0012 013B     		subs	r3, r3, #1
 784              	.LVL74:
 107:Lib/TM1637.c  **** 		if (dig != 0) {
 785              		.loc 1 107 24 view .LVU215
ARM GAS  D:\Temp\ccoSXIpC.s 			page 22


 786 0014 DBB2     		uxtb	r3, r3
 787              	.LVL75:
 788              	.LBB36:
 789              	.LBI32:
  37:Lib/TM1637.c  **** 	uint32_t rst = 1;
 790              		.loc 1 37 10 is_stmt 1 view .LVU216
 791              	.LBB34:
  38:Lib/TM1637.c  **** 	while (n--) {
 792              		.loc 1 38 2 view .LVU217
  39:Lib/TM1637.c  **** 		rst *= x;
 793              		.loc 1 39 2 view .LVU218
  39:Lib/TM1637.c  **** 		rst *= x;
 794              		.loc 1 39 8 is_stmt 0 view .LVU219
 795 0016 1A00     		movs	r2, r3
  38:Lib/TM1637.c  **** 	while (n--) {
 796              		.loc 1 38 11 view .LVU220
 797 0018 0120     		movs	r0, #1
 798              	.LVL76:
 799              	.L42:
  39:Lib/TM1637.c  **** 		rst *= x;
 800              		.loc 1 39 9 is_stmt 1 view .LVU221
  39:Lib/TM1637.c  **** 		rst *= x;
 801              		.loc 1 39 10 is_stmt 0 view .LVU222
 802 001a 013A     		subs	r2, r2, #1
 803              	.LVL77:
  39:Lib/TM1637.c  **** 		rst *= x;
 804              		.loc 1 39 10 view .LVU223
 805 001c D2B2     		uxtb	r2, r2
 806              	.LVL78:
  39:Lib/TM1637.c  **** 		rst *= x;
 807              		.loc 1 39 9 view .LVU224
 808 001e FF2A     		cmp	r2, #255
 809 0020 48D1     		bne	.L43
  42:Lib/TM1637.c  **** }
 810              		.loc 1 42 2 is_stmt 1 view .LVU225
 811              	.LVL79:
  42:Lib/TM1637.c  **** }
 812              		.loc 1 42 2 is_stmt 0 view .LVU226
 813              	.LBE34:
 814              	.LBE36:
 108:Lib/TM1637.c  **** 			break;
 815              		.loc 1 108 3 is_stmt 1 view .LVU227
 108:Lib/TM1637.c  **** 			break;
 816              		.loc 1 108 6 is_stmt 0 view .LVU228
 817 0022 A042     		cmp	r0, r4
 818 0024 02D9     		bls	.L44
 819              	.LBE38:
 111:Lib/TM1637.c  **** 
 820              		.loc 1 111 11 is_stmt 1 view .LVU229
 821              	.LVL80:
 111:Lib/TM1637.c  **** 
 822              		.loc 1 111 11 is_stmt 0 view .LVU230
 823 0026 002B     		cmp	r3, #0
 824 0028 F2D1     		bne	.L45
 825 002a 1F00     		movs	r7, r3
 826              	.LVL81:
 827              	.L44:
ARM GAS  D:\Temp\ccoSXIpC.s 			page 23


 113:Lib/TM1637.c  **** 	for (uint8_t i = 0; i < 6; i++) {
 828              		.loc 1 113 2 is_stmt 1 view .LVU231
 114:Lib/TM1637.c  **** 		if(i < n || isPaddingZero){
 829              		.loc 1 114 2 view .LVU232
 830              	.LBB39:
 114:Lib/TM1637.c  **** 		if(i < n || isPaddingZero){
 831              		.loc 1 114 7 view .LVU233
 114:Lib/TM1637.c  **** 		if(i < n || isPaddingZero){
 832              		.loc 1 114 24 discriminator 1 view .LVU234
 114:Lib/TM1637.c  **** 		if(i < n || isPaddingZero){
 833              		.loc 1 114 15 is_stmt 0 view .LVU235
 834 002c 0025     		movs	r5, #0
 116:Lib/TM1637.c  **** 		}
 835              		.loc 1 116 26 view .LVU236
 836 002e 244B     		ldr	r3, .L61
 837 0030 04AE     		add	r6, sp, #16
 838 0032 0393     		str	r3, [sp, #12]
 839              	.LVL82:
 840              	.L50:
 115:Lib/TM1637.c  **** 			digits[i] = numbersMap[num % 10];
 841              		.loc 1 115 3 is_stmt 1 view .LVU237
 115:Lib/TM1637.c  **** 			digits[i] = numbersMap[num % 10];
 842              		.loc 1 115 5 is_stmt 0 view .LVU238
 843 0034 AF42     		cmp	r7, r5
 844 0036 03D8     		bhi	.L46
 115:Lib/TM1637.c  **** 			digits[i] = numbersMap[num % 10];
 845              		.loc 1 115 5 view .LVU239
 846 0038 0023     		movs	r3, #0
 115:Lib/TM1637.c  **** 			digits[i] = numbersMap[num % 10];
 847              		.loc 1 115 12 discriminator 1 view .LVU240
 848 003a 029A     		ldr	r2, [sp, #8]
 849 003c 9A42     		cmp	r2, r3
 850 003e 05D0     		beq	.L47
 851              	.L46:
 116:Lib/TM1637.c  **** 		}
 852              		.loc 1 116 4 is_stmt 1 view .LVU241
 116:Lib/TM1637.c  **** 		}
 853              		.loc 1 116 31 is_stmt 0 view .LVU242
 854 0040 0A21     		movs	r1, #10
 855 0042 2000     		movs	r0, r4
 856 0044 FFF7FEFF 		bl	__aeabi_uidivmod
 857              	.LVL83:
 116:Lib/TM1637.c  **** 		}
 858              		.loc 1 116 26 view .LVU243
 859 0048 039B     		ldr	r3, [sp, #12]
 860 004a 5B5C     		ldrb	r3, [r3, r1]
 861              	.L47:
 122:Lib/TM1637.c  **** 			digits[i] |= 0x80;
 862              		.loc 1 122 3 is_stmt 1 view .LVU244
 122:Lib/TM1637.c  **** 			digits[i] |= 0x80;
 863              		.loc 1 122 6 is_stmt 0 view .LVU245
 864 004c 019A     		ldr	r2, [sp, #4]
 865 004e AA42     		cmp	r2, r5
 866 0050 32D0     		beq	.L48
 867              	.L59:
 125:Lib/TM1637.c  **** 	}
 868              		.loc 1 125 7 view .LVU246
ARM GAS  D:\Temp\ccoSXIpC.s 			page 24


 869 0052 2000     		movs	r0, r4
 123:Lib/TM1637.c  **** 		}
 870              		.loc 1 123 14 view .LVU247
 871 0054 3370     		strb	r3, [r6]
 125:Lib/TM1637.c  **** 	}
 872              		.loc 1 125 3 is_stmt 1 view .LVU248
 125:Lib/TM1637.c  **** 	}
 873              		.loc 1 125 7 is_stmt 0 view .LVU249
 874 0056 0A21     		movs	r1, #10
 875 0058 FFF7FEFF 		bl	__aeabi_uidiv
 876              	.LVL84:
 114:Lib/TM1637.c  **** 		if(i < n || isPaddingZero){
 877              		.loc 1 114 30 discriminator 2 view .LVU250
 878 005c 0135     		adds	r5, r5, #1
 879              	.LVL85:
 114:Lib/TM1637.c  **** 		if(i < n || isPaddingZero){
 880              		.loc 1 114 30 discriminator 2 view .LVU251
 881 005e EDB2     		uxtb	r5, r5
 125:Lib/TM1637.c  **** 	}
 882              		.loc 1 125 7 view .LVU252
 883 0060 0400     		movs	r4, r0
 884              	.LVL86:
 114:Lib/TM1637.c  **** 		if(i < n || isPaddingZero){
 885              		.loc 1 114 30 is_stmt 1 discriminator 2 view .LVU253
 114:Lib/TM1637.c  **** 		if(i < n || isPaddingZero){
 886              		.loc 1 114 24 discriminator 1 view .LVU254
 887 0062 0136     		adds	r6, r6, #1
 888 0064 062D     		cmp	r5, #6
 889 0066 E5D1     		bne	.L50
 890              	.LBE39:
 128:Lib/TM1637.c  **** 	WriteByte(0x40);
 891              		.loc 1 128 2 view .LVU255
 892              	.LBB40:
 137:Lib/TM1637.c  **** 		if(i <= index){
 893              		.loc 1 137 15 is_stmt 0 view .LVU256
 894 0068 0024     		movs	r4, #0
 895              	.LBE40:
 128:Lib/TM1637.c  **** 	WriteByte(0x40);
 896              		.loc 1 128 2 view .LVU257
 897 006a FFF7FEFF 		bl	start
 898              	.LVL87:
 129:Lib/TM1637.c  **** 	waitACK();
 899              		.loc 1 129 2 is_stmt 1 view .LVU258
 900 006e 4020     		movs	r0, #64
 901 0070 FFF7FEFF 		bl	WriteByte
 902              	.LVL88:
 130:Lib/TM1637.c  **** 	stop();
 903              		.loc 1 130 2 view .LVU259
 904 0074 FFF7FEFF 		bl	waitACK
 905              	.LVL89:
 131:Lib/TM1637.c  **** 
 906              		.loc 1 131 2 view .LVU260
 907 0078 FFF7FEFF 		bl	stop
 908              	.LVL90:
 133:Lib/TM1637.c  **** 	WriteByte(0xc0);
 909              		.loc 1 133 2 view .LVU261
 910 007c FFF7FEFF 		bl	start
ARM GAS  D:\Temp\ccoSXIpC.s 			page 25


 911              	.LVL91:
 134:Lib/TM1637.c  **** 	waitACK();
 912              		.loc 1 134 2 view .LVU262
 913 0080 C020     		movs	r0, #192
 914 0082 FFF7FEFF 		bl	WriteByte
 915              	.LVL92:
 135:Lib/TM1637.c  **** 
 916              		.loc 1 135 2 view .LVU263
 917 0086 FFF7FEFF 		bl	waitACK
 918              	.LVL93:
 137:Lib/TM1637.c  **** 		if(i <= index){
 919              		.loc 1 137 2 view .LVU264
 920              	.LBB41:
 137:Lib/TM1637.c  **** 		if(i <= index){
 921              		.loc 1 137 7 view .LVU265
 137:Lib/TM1637.c  **** 		if(i <= index){
 922              		.loc 1 137 24 discriminator 1 view .LVU266
 923 008a 009D     		ldr	r5, [sp]
 924              	.LVL94:
 137:Lib/TM1637.c  **** 		if(i <= index){
 925              		.loc 1 137 24 is_stmt 0 discriminator 1 view .LVU267
 926 008c 04AB     		add	r3, sp, #16
 927 008e ED18     		adds	r5, r5, r3
 928              	.LVL95:
 929              	.L53:
 138:Lib/TM1637.c  **** 			WriteByte(digits[index - i]);
 930              		.loc 1 138 3 is_stmt 1 view .LVU268
 138:Lib/TM1637.c  **** 			WriteByte(digits[index - i]);
 931              		.loc 1 138 5 is_stmt 0 view .LVU269
 932 0090 009B     		ldr	r3, [sp]
 142:Lib/TM1637.c  **** 		}
 933              		.loc 1 142 4 view .LVU270
 934 0092 0020     		movs	r0, #0
 138:Lib/TM1637.c  **** 			WriteByte(digits[index - i]);
 935              		.loc 1 138 5 view .LVU271
 936 0094 A342     		cmp	r3, r4
 937 0096 00D3     		bcc	.L60
 139:Lib/TM1637.c  **** 		}
 938              		.loc 1 139 4 is_stmt 1 view .LVU272
 939 0098 2878     		ldrb	r0, [r5]
 940              	.L60:
 137:Lib/TM1637.c  **** 		if(i <= index){
 941              		.loc 1 137 29 is_stmt 0 discriminator 2 view .LVU273
 942 009a 0134     		adds	r4, r4, #1
 943              	.LVL96:
 137:Lib/TM1637.c  **** 		if(i <= index){
 944              		.loc 1 137 29 discriminator 2 view .LVU274
 945 009c E4B2     		uxtb	r4, r4
 142:Lib/TM1637.c  **** 		}
 946              		.loc 1 142 4 view .LVU275
 947 009e FFF7FEFF 		bl	WriteByte
 948              	.LVL97:
 145:Lib/TM1637.c  **** 	}
 949              		.loc 1 145 3 is_stmt 1 view .LVU276
 137:Lib/TM1637.c  **** 		if(i <= index){
 950              		.loc 1 137 24 is_stmt 0 discriminator 1 view .LVU277
 951 00a2 013D     		subs	r5, r5, #1
ARM GAS  D:\Temp\ccoSXIpC.s 			page 26


 145:Lib/TM1637.c  **** 	}
 952              		.loc 1 145 3 view .LVU278
 953 00a4 FFF7FEFF 		bl	waitACK
 954              	.LVL98:
 137:Lib/TM1637.c  **** 		if(i <= index){
 955              		.loc 1 137 29 is_stmt 1 discriminator 2 view .LVU279
 137:Lib/TM1637.c  **** 		if(i <= index){
 956              		.loc 1 137 24 discriminator 1 view .LVU280
 957 00a8 062C     		cmp	r4, #6
 958 00aa F1D1     		bne	.L53
 959              	.LBE41:
 148:Lib/TM1637.c  **** }
 960              		.loc 1 148 2 view .LVU281
 961 00ac FFF7FEFF 		bl	stop
 962              	.LVL99:
 149:Lib/TM1637.c  **** 
 963              		.loc 1 149 1 is_stmt 0 view .LVU282
 964 00b0 07B0     		add	sp, sp, #28
 965              	.LVL100:
 149:Lib/TM1637.c  **** 
 966              		.loc 1 149 1 view .LVU283
 967              		@ sp needed
 968              	.LVL101:
 969              	.LVL102:
 149:Lib/TM1637.c  **** 
 970              		.loc 1 149 1 view .LVU284
 971 00b2 F0BD     		pop	{r4, r5, r6, r7, pc}
 972              	.LVL103:
 973              	.L43:
 974              	.LBB42:
 975              	.LBB37:
 976              	.LBB35:
  40:Lib/TM1637.c  **** 	}
 977              		.loc 1 40 3 is_stmt 1 view .LVU285
  40:Lib/TM1637.c  **** 	}
 978              		.loc 1 40 7 is_stmt 0 view .LVU286
 979 00b4 4843     		muls	r0, r1
 980              	.LVL104:
  40:Lib/TM1637.c  **** 	}
 981              		.loc 1 40 7 view .LVU287
 982 00b6 B0E7     		b	.L42
 983              	.LVL105:
 984              	.L48:
  40:Lib/TM1637.c  **** 	}
 985              		.loc 1 40 7 view .LVU288
 986              	.LBE35:
 987              	.LBE37:
 988              	.LBE42:
 989              	.LBB43:
 123:Lib/TM1637.c  **** 		}
 990              		.loc 1 123 4 is_stmt 1 view .LVU289
 123:Lib/TM1637.c  **** 		}
 991              		.loc 1 123 14 is_stmt 0 view .LVU290
 992 00b8 8022     		movs	r2, #128
 993 00ba 5242     		rsbs	r2, r2, #0
 994 00bc 1343     		orrs	r3, r2
 995 00be C8E7     		b	.L59
ARM GAS  D:\Temp\ccoSXIpC.s 			page 27


 996              	.L62:
 997              		.align	2
 998              	.L61:
 999 00c0 00000000 		.word	numbersMap
 1000              	.LBE43:
 1001              		.cfi_endproc
 1002              	.LFE41:
 1004              		.section	.text.TM1637SetRawData,"ax",%progbits
 1005              		.align	1
 1006              		.global	TM1637SetRawData
 1007              		.syntax unified
 1008              		.code	16
 1009              		.thumb_func
 1011              	TM1637SetRawData:
 1012              	.LVL106:
 1013              	.LFB43:
 155:Lib/TM1637.c  **** 	start();
 1014              		.loc 1 155 51 is_stmt 1 view -0
 1015              		.cfi_startproc
 1016              		@ args = 0, pretend = 0, frame = 0
 1017              		@ frame_needed = 0, uses_anonymous_args = 0
 156:Lib/TM1637.c  **** 	WriteByte(0x44); // 固定地址模式
 1018              		.loc 1 156 2 view .LVU292
 155:Lib/TM1637.c  **** 	start();
 1019              		.loc 1 155 51 is_stmt 0 view .LVU293
 1020 0000 70B5     		push	{r4, r5, r6, lr}
 1021              	.LCFI10:
 1022              		.cfi_def_cfa_offset 16
 1023              		.cfi_offset 4, -16
 1024              		.cfi_offset 5, -12
 1025              		.cfi_offset 6, -8
 1026              		.cfi_offset 14, -4
 155:Lib/TM1637.c  **** 	start();
 1027              		.loc 1 155 51 view .LVU294
 1028 0002 0400     		movs	r4, r0
 167:Lib/TM1637.c  **** 
 1029              		.loc 1 167 1 view .LVU295
 1030              		@ sp needed
 155:Lib/TM1637.c  **** 	start();
 1031              		.loc 1 155 51 view .LVU296
 1032 0004 0D00     		movs	r5, r1
 162:Lib/TM1637.c  **** 	waitACK();
 1033              		.loc 1 162 2 view .LVU297
 1034 0006 403C     		subs	r4, r4, #64
 156:Lib/TM1637.c  **** 	WriteByte(0x44); // 固定地址模式
 1035              		.loc 1 156 2 view .LVU298
 1036 0008 FFF7FEFF 		bl	start
 1037              	.LVL107:
 157:Lib/TM1637.c  **** 	waitACK();
 1038              		.loc 1 157 2 is_stmt 1 view .LVU299
 1039 000c 4420     		movs	r0, #68
 1040 000e FFF7FEFF 		bl	WriteByte
 1041              	.LVL108:
 158:Lib/TM1637.c  **** 	stop();
 1042              		.loc 1 158 2 view .LVU300
 1043 0012 FFF7FEFF 		bl	waitACK
 1044              	.LVL109:
ARM GAS  D:\Temp\ccoSXIpC.s 			page 28


 159:Lib/TM1637.c  **** 
 1045              		.loc 1 159 2 view .LVU301
 1046 0016 FFF7FEFF 		bl	stop
 1047              	.LVL110:
 161:Lib/TM1637.c  **** 	WriteByte(0xC0 + index); // 固定地址模式
 1048              		.loc 1 161 2 view .LVU302
 1049 001a FFF7FEFF 		bl	start
 1050              	.LVL111:
 162:Lib/TM1637.c  **** 	waitACK();
 1051              		.loc 1 162 2 view .LVU303
 1052 001e E0B2     		uxtb	r0, r4
 1053 0020 FFF7FEFF 		bl	WriteByte
 1054              	.LVL112:
 163:Lib/TM1637.c  **** 	WriteByte(data);
 1055              		.loc 1 163 2 view .LVU304
 1056 0024 FFF7FEFF 		bl	waitACK
 1057              	.LVL113:
 164:Lib/TM1637.c  **** 	waitACK();
 1058              		.loc 1 164 2 view .LVU305
 1059 0028 2800     		movs	r0, r5
 1060 002a FFF7FEFF 		bl	WriteByte
 1061              	.LVL114:
 165:Lib/TM1637.c  **** 	stop();
 1062              		.loc 1 165 2 view .LVU306
 1063 002e FFF7FEFF 		bl	waitACK
 1064              	.LVL115:
 166:Lib/TM1637.c  **** }
 1065              		.loc 1 166 2 view .LVU307
 1066 0032 FFF7FEFF 		bl	stop
 1067              	.LVL116:
 1068              	.LVL117:
 1069              	.LVL118:
 167:Lib/TM1637.c  **** 
 1070              		.loc 1 167 1 is_stmt 0 view .LVU308
 1071 0036 70BD     		pop	{r4, r5, r6, pc}
 1072              		.cfi_endproc
 1073              	.LFE43:
 1075              		.section	.text.TM1637SetChar,"ax",%progbits
 1076              		.align	1
 1077              		.global	TM1637SetChar
 1078              		.syntax unified
 1079              		.code	16
 1080              		.thumb_func
 1082              	TM1637SetChar:
 1083              	.LVL119:
 1084              	.LFB42:
 151:Lib/TM1637.c  **** 	TM1637SetRawData(index, translateFromChar(c)| (point?0x80:0x00));
 1085              		.loc 1 151 57 is_stmt 1 view -0
 1086              		.cfi_startproc
 1087              		@ args = 0, pretend = 0, frame = 0
 1088              		@ frame_needed = 0, uses_anonymous_args = 0
 152:Lib/TM1637.c  **** }
 1089              		.loc 1 152 2 view .LVU310
 1090              	.LBB46:
 1091              	.LBI46:
 222:Lib/TM1637.c  **** 
 223:Lib/TM1637.c  **** 
ARM GAS  D:\Temp\ccoSXIpC.s 			page 29


 224:Lib/TM1637.c  **** static uint8_t translateFromChar(char c){
 1092              		.loc 1 224 16 view .LVU311
 225:Lib/TM1637.c  **** 	switch(c){
 1093              		.loc 1 225 2 view .LVU312
 1094 0000 2D39     		subs	r1, r1, #45
 1095              	.LVL120:
 1096              		.loc 1 225 2 is_stmt 0 view .LVU313
 1097 0002 CBB2     		uxtb	r3, r1
 1098              	.LBE46:
 151:Lib/TM1637.c  **** 	TM1637SetRawData(index, translateFromChar(c)| (point?0x80:0x00));
 1099              		.loc 1 151 57 view .LVU314
 1100 0004 10B5     		push	{r4, lr}
 1101              	.LCFI11:
 1102              		.cfi_def_cfa_offset 8
 1103              		.cfi_offset 4, -8
 1104              		.cfi_offset 14, -4
 151:Lib/TM1637.c  **** 	TM1637SetRawData(index, translateFromChar(c)| (point?0x80:0x00));
 1105              		.loc 1 151 57 view .LVU315
 1106 0006 0021     		movs	r1, #0
 1107              	.LVL121:
 151:Lib/TM1637.c  **** 	TM1637SetRawData(index, translateFromChar(c)| (point?0x80:0x00));
 1108              		.loc 1 151 57 view .LVU316
 1109 0008 482B     		cmp	r3, #72
 1110 000a 01D8     		bhi	.L65
 1111 000c 0449     		ldr	r1, .L67
 1112 000e C95C     		ldrb	r1, [r1, r3]
 1113              	.L65:
 1114              	.LVL122:
 152:Lib/TM1637.c  **** }
 1115              		.loc 1 152 46 discriminator 1 view .LVU317
 1116 0010 531E     		subs	r3, r2, #1
 1117 0012 9A41     		sbcs	r2, r2, r3
 1118              	.LVL123:
 153:Lib/TM1637.c  **** 
 1119              		.loc 1 153 1 view .LVU318
 1120              		@ sp needed
 152:Lib/TM1637.c  **** }
 1121              		.loc 1 152 2 discriminator 4 view .LVU319
 1122 0014 D201     		lsls	r2, r2, #7
 1123 0016 1143     		orrs	r1, r2
 1124 0018 FFF7FEFF 		bl	TM1637SetRawData
 1125              	.LVL124:
 153:Lib/TM1637.c  **** 
 1126              		.loc 1 153 1 view .LVU320
 1127 001c 10BD     		pop	{r4, pc}
 1128              	.L68:
 1129 001e C046     		.align	2
 1130              	.L67:
 1131 0020 00000000 		.word	CSWTCH.10
 1132              		.cfi_endproc
 1133              	.LFE42:
 1135              		.section	.rodata.CSWTCH.10,"a"
 1138              	CSWTCH.10:
 1139 0000 40       		.byte	64
 1140 0001 00       		.byte	0
 1141 0002 00       		.byte	0
 1142 0003 3F       		.byte	63
ARM GAS  D:\Temp\ccoSXIpC.s 			page 30


 1143 0004 06       		.byte	6
 1144 0005 5B       		.byte	91
 1145 0006 4F       		.byte	79
 1146 0007 66       		.byte	102
 1147 0008 6D       		.byte	109
 1148 0009 7D       		.byte	125
 1149 000a 07       		.byte	7
 1150 000b 7F       		.byte	127
 1151 000c 6F       		.byte	111
 1152 000d 00       		.byte	0
 1153 000e 00       		.byte	0
 1154 000f 00       		.byte	0
 1155 0010 00       		.byte	0
 1156 0011 00       		.byte	0
 1157 0012 00       		.byte	0
 1158 0013 00       		.byte	0
 1159 0014 77       		.byte	119
 1160 0015 7C       		.byte	124
 1161 0016 39       		.byte	57
 1162 0017 5E       		.byte	94
 1163 0018 79       		.byte	121
 1164 0019 71       		.byte	113
 1165 001a 00       		.byte	0
 1166 001b 76       		.byte	118
 1167 001c 30       		.byte	48
 1168 001d 1E       		.byte	30
 1169 001e 00       		.byte	0
 1170 001f 38       		.byte	56
 1171 0020 00       		.byte	0
 1172 0021 54       		.byte	84
 1173 0022 5C       		.byte	92
 1174 0023 73       		.byte	115
 1175 0024 00       		.byte	0
 1176 0025 50       		.byte	80
 1177 0026 6D       		.byte	109
 1178 0027 44       		.byte	68
 1179 0028 3E       		.byte	62
 1180 0029 00       		.byte	0
 1181 002a 00       		.byte	0
 1182 002b 00       		.byte	0
 1183 002c 00       		.byte	0
 1184 002d 00       		.byte	0
 1185 002e 00       		.byte	0
 1186 002f 00       		.byte	0
 1187 0030 00       		.byte	0
 1188 0031 00       		.byte	0
 1189 0032 08       		.byte	8
 1190 0033 00       		.byte	0
 1191 0034 77       		.byte	119
 1192 0035 7C       		.byte	124
 1193 0036 58       		.byte	88
 1194 0037 5E       		.byte	94
 1195 0038 79       		.byte	121
 1196 0039 71       		.byte	113
 1197 003a 00       		.byte	0
 1198 003b 74       		.byte	116
 1199 003c 10       		.byte	16
ARM GAS  D:\Temp\ccoSXIpC.s 			page 31


 1200 003d 1E       		.byte	30
 1201 003e 00       		.byte	0
 1202 003f 38       		.byte	56
 1203 0040 00       		.byte	0
 1204 0041 54       		.byte	84
 1205 0042 5C       		.byte	92
 1206 0043 73       		.byte	115
 1207 0044 00       		.byte	0
 1208 0045 50       		.byte	80
 1209 0046 6D       		.byte	109
 1210 0047 44       		.byte	68
 1211 0048 1C       		.byte	28
 1212              		.global	numbersMap
 1213              		.section	.rodata.numbersMap,"a"
 1216              	numbersMap:
 1217 0000 3F065B4F 		.ascii	"?\006[Ofm}\007\177o"
 1217      666D7D07 
 1217      7F6F
 1218              		.text
 1219              	.Letext0:
 1220              		.file 2 "D:\\STM32CubeCLT\\STM32CubeCLT_1.18.0\\GNU-tools-for-STM32\\bin/../lib/gcc/arm-none-eabi/
 1221              		.file 3 "D:\\STM32CubeCLT\\STM32CubeCLT_1.18.0\\GNU-tools-for-STM32\\bin/../lib/gcc/arm-none-eabi/
 1222              		.file 4 "Drivers/CMSIS/Device/ST/STM32F0xx/Include/stm32f030x6.h"
ARM GAS  D:\Temp\ccoSXIpC.s 			page 32


DEFINED SYMBOLS
                            *ABS*:00000000 TM1637.c
  D:\Temp\ccoSXIpC.s:19     .text.delay:00000000 $t
  D:\Temp\ccoSXIpC.s:24     .text.delay:00000000 delay
  D:\Temp\ccoSXIpC.s:72     .text.start:00000000 $t
  D:\Temp\ccoSXIpC.s:77     .text.start:00000000 start
  D:\Temp\ccoSXIpC.s:116    .text.start:00000018 $d
  D:\Temp\ccoSXIpC.s:121    .text.WriteByte:00000000 $t
  D:\Temp\ccoSXIpC.s:126    .text.WriteByte:00000000 WriteByte
  D:\Temp\ccoSXIpC.s:216    .text.WriteByte:00000034 $d
  D:\Temp\ccoSXIpC.s:222    .text.waitACK:00000000 $t
  D:\Temp\ccoSXIpC.s:227    .text.waitACK:00000000 waitACK
  D:\Temp\ccoSXIpC.s:268    .text.waitACK:0000001c $d
  D:\Temp\ccoSXIpC.s:273    .text.stop:00000000 $t
  D:\Temp\ccoSXIpC.s:278    .text.stop:00000000 stop
  D:\Temp\ccoSXIpC.s:331    .text.stop:00000024 $d
  D:\Temp\ccoSXIpC.s:336    .text.power:00000000 $t
  D:\Temp\ccoSXIpC.s:342    .text.power:00000000 power
  D:\Temp\ccoSXIpC.s:383    .text.TM1637SetBrightness:00000000 $t
  D:\Temp\ccoSXIpC.s:389    .text.TM1637SetBrightness:00000000 TM1637SetBrightness
  D:\Temp\ccoSXIpC.s:429    .text.TM1637Init:00000000 $t
  D:\Temp\ccoSXIpC.s:435    .text.TM1637Init:00000000 TM1637Init
  D:\Temp\ccoSXIpC.s:463    .text.TM1637ShowNumberLeft:00000000 $t
  D:\Temp\ccoSXIpC.s:469    .text.TM1637ShowNumberLeft:00000000 TM1637ShowNumberLeft
  D:\Temp\ccoSXIpC.s:725    .text.TM1637ShowNumberLeft:000000bc $d
  D:\Temp\ccoSXIpC.s:1216   .rodata.numbersMap:00000000 numbersMap
  D:\Temp\ccoSXIpC.s:731    .text.TM1637ShowNumberRight:00000000 $t
  D:\Temp\ccoSXIpC.s:737    .text.TM1637ShowNumberRight:00000000 TM1637ShowNumberRight
  D:\Temp\ccoSXIpC.s:999    .text.TM1637ShowNumberRight:000000c0 $d
  D:\Temp\ccoSXIpC.s:1005   .text.TM1637SetRawData:00000000 $t
  D:\Temp\ccoSXIpC.s:1011   .text.TM1637SetRawData:00000000 TM1637SetRawData
  D:\Temp\ccoSXIpC.s:1076   .text.TM1637SetChar:00000000 $t
  D:\Temp\ccoSXIpC.s:1082   .text.TM1637SetChar:00000000 TM1637SetChar
  D:\Temp\ccoSXIpC.s:1131   .text.TM1637SetChar:00000020 $d
  D:\Temp\ccoSXIpC.s:1138   .rodata.CSWTCH.10:00000000 CSWTCH.10

UNDEFINED SYMBOLS
__aeabi_uidivmod
__aeabi_uidiv
